0 verbose cli /usr/local/bin/node /usr/local/bin/npm
1 info using npm@10.9.3
2 info using node@v22.20.0
3 silly config load:file:/usr/local/lib/node_modules/npm/npmrc
4 silly config load:file:/Users/mac/Desktop/accezz-supabase/.npmrc
5 silly config load:file:/Users/mac/.npmrc
6 silly config load:file:/usr/local/etc/npmrc
7 verbose title npm install @supabase/supabase-js
8 verbose argv "install" "@supabase/supabase-js"
9 verbose logfile logs-max:10 dir:/Users/mac/Desktop/accezz-supabase/.npm-cache/_logs/2025-10-30T22_35_39_737Z-
10 verbose logfile /Users/mac/Desktop/accezz-supabase/.npm-cache/_logs/2025-10-30T22_35_39_737Z-debug-0.log
11 silly logfile done cleaning log files
12 silly packumentCache heap:4345298944 maxSize:1086324736 maxEntrySize:543162368
13 silly idealTree buildDeps
14 silly fetch manifest @supabase/supabase-js@*
15 silly packumentCache full:https://registry.npmjs.org/@supabase%2fsupabase-js cache-miss
16 http fetch GET 200 https://registry.npmjs.org/npm 1409ms
17 http fetch GET 200 https://registry.npmjs.org/@supabase%2fsupabase-js 1068ms (cache miss)
18 silly packumentCache full:https://registry.npmjs.org/@supabase%2fsupabase-js set size:undefined disposed:false
19 silly placeDep ROOT @supabase/supabase-js@2.78.0 OK for: v-tickets@0.1.0 want: *
20 silly fetch manifest @supabase/auth-js@2.78.0
21 silly packumentCache full:https://registry.npmjs.org/@supabase%2fauth-js cache-miss
22 silly fetch manifest @supabase/functions-js@2.78.0
23 silly packumentCache full:https://registry.npmjs.org/@supabase%2ffunctions-js cache-miss
24 silly fetch manifest @supabase/postgrest-js@2.78.0
25 silly packumentCache full:https://registry.npmjs.org/@supabase%2fpostgrest-js cache-miss
26 silly fetch manifest @supabase/realtime-js@2.78.0
27 silly packumentCache full:https://registry.npmjs.org/@supabase%2frealtime-js cache-miss
28 silly fetch manifest @supabase/storage-js@2.78.0
29 silly packumentCache full:https://registry.npmjs.org/@supabase%2fstorage-js cache-miss
30 silly fetch manifest @supabase/node-fetch@2.6.15
31 silly packumentCache full:https://registry.npmjs.org/@supabase%2fnode-fetch cache-miss
32 http fetch GET 200 https://registry.npmjs.org/@supabase%2ffunctions-js 259ms (cache miss)
33 silly packumentCache full:https://registry.npmjs.org/@supabase%2ffunctions-js set size:undefined disposed:false
34 http fetch GET 200 https://registry.npmjs.org/@supabase%2fauth-js 275ms (cache miss)
35 silly packumentCache full:https://registry.npmjs.org/@supabase%2fauth-js set size:undefined disposed:false
36 http fetch GET 200 https://registry.npmjs.org/@supabase%2fstorage-js 892ms (cache miss)
37 silly packumentCache full:https://registry.npmjs.org/@supabase%2fstorage-js set size:undefined disposed:false
38 http fetch GET 200 https://registry.npmjs.org/@supabase%2frealtime-js 908ms (cache miss)
39 silly packumentCache full:https://registry.npmjs.org/@supabase%2frealtime-js set size:undefined disposed:false
40 http fetch GET 200 https://registry.npmjs.org/@supabase%2fpostgrest-js 942ms (cache miss)
41 silly packumentCache full:https://registry.npmjs.org/@supabase%2fpostgrest-js set size:undefined disposed:false
42 http fetch GET 200 https://registry.npmjs.org/@supabase%2fnode-fetch 948ms (cache miss)
43 silly packumentCache full:https://registry.npmjs.org/@supabase%2fnode-fetch set size:undefined disposed:false
44 silly placeDep ROOT @supabase/auth-js@2.78.0 OK for: @supabase/supabase-js@2.78.0 want: 2.78.0
45 silly placeDep ROOT @supabase/functions-js@2.78.0 OK for: @supabase/supabase-js@2.78.0 want: 2.78.0
46 silly placeDep ROOT @supabase/node-fetch@2.6.15 OK for: @supabase/supabase-js@2.78.0 want: 2.6.15
47 silly placeDep ROOT @supabase/postgrest-js@2.78.0 OK for: @supabase/supabase-js@2.78.0 want: 2.78.0
48 silly placeDep ROOT @supabase/realtime-js@2.78.0 OK for: @supabase/supabase-js@2.78.0 want: 2.78.0
49 silly placeDep ROOT @supabase/storage-js@2.78.0 OK for: @supabase/supabase-js@2.78.0 want: 2.78.0
50 silly fetch manifest whatwg-url@^5.0.0
51 silly packumentCache full:https://registry.npmjs.org/whatwg-url cache-miss
52 silly fetch manifest @types/phoenix@^1.6.6
53 silly packumentCache full:https://registry.npmjs.org/@types%2fphoenix cache-miss
54 silly fetch manifest @types/ws@^8.18.1
55 silly packumentCache full:https://registry.npmjs.org/@types%2fws cache-miss
56 silly fetch manifest ws@^8.18.2
57 silly packumentCache full:https://registry.npmjs.org/ws cache-miss
58 http fetch GET 200 https://registry.npmjs.org/whatwg-url 240ms (cache miss)
59 silly packumentCache full:https://registry.npmjs.org/whatwg-url set size:undefined disposed:false
60 http fetch GET 200 https://registry.npmjs.org/@types%2fws 269ms (cache miss)
61 silly packumentCache full:https://registry.npmjs.org/@types%2fws set size:undefined disposed:false
62 http fetch GET 200 https://registry.npmjs.org/@types%2fphoenix 271ms (cache miss)
63 silly packumentCache full:https://registry.npmjs.org/@types%2fphoenix set size:undefined disposed:false
64 http fetch GET 200 https://registry.npmjs.org/ws 280ms (cache miss)
65 silly packumentCache full:https://registry.npmjs.org/ws set size:undefined disposed:false
66 silly placeDep node_modules/@supabase/node-fetch whatwg-url@5.0.0 OK for: @supabase/node-fetch@2.6.15 want: ^5.0.0
67 silly fetch manifest tr46@~0.0.3
68 silly packumentCache full:https://registry.npmjs.org/tr46 cache-miss
69 silly fetch manifest webidl-conversions@^3.0.0
70 silly packumentCache full:https://registry.npmjs.org/webidl-conversions cache-miss
71 http fetch GET 200 https://registry.npmjs.org/tr46 247ms (cache miss)
72 silly packumentCache full:https://registry.npmjs.org/tr46 set size:undefined disposed:false
73 http fetch GET 200 https://registry.npmjs.org/webidl-conversions 256ms (cache miss)
74 silly packumentCache full:https://registry.npmjs.org/webidl-conversions set size:undefined disposed:false
75 silly fetch manifest bufferutil@^4.0.1
76 silly packumentCache full:https://registry.npmjs.org/bufferutil cache-miss
77 http fetch GET 200 https://registry.npmjs.org/bufferutil 224ms (cache miss)
78 silly packumentCache full:https://registry.npmjs.org/bufferutil set size:undefined disposed:false
79 silly fetch manifest utf-8-validate@>=5.0.2
80 silly packumentCache full:https://registry.npmjs.org/utf-8-validate cache-miss
81 http fetch GET 200 https://registry.npmjs.org/utf-8-validate 249ms (cache miss)
82 silly packumentCache full:https://registry.npmjs.org/utf-8-validate set size:undefined disposed:false
83 silly placeDep ROOT @types/phoenix@1.6.6 OK for: @supabase/realtime-js@2.78.0 want: ^1.6.6
84 silly placeDep ROOT @types/ws@8.18.1 OK for: @supabase/realtime-js@2.78.0 want: ^8.18.1
85 silly placeDep ROOT ws@8.18.3 OK for: @supabase/realtime-js@2.78.0 want: ^8.18.2
86 silly placeDep node_modules/@supabase/node-fetch tr46@0.0.3 OK for: whatwg-url@5.0.0 want: ~0.0.3
87 silly placeDep node_modules/@supabase/node-fetch webidl-conversions@3.0.1 OK for: whatwg-url@5.0.0 want: ^3.0.0
88 silly reify moves {}
89 silly audit bulk request {
89 silly audit   '@alloc/quick-lru': [ '5.2.0' ],
89 silly audit   '@ampproject/remapping': [ '2.3.0' ],
89 silly audit   '@babel/code-frame': [ '7.27.1' ],
89 silly audit   '@babel/compat-data': [ '7.27.5' ],
89 silly audit   '@babel/core': [ '7.27.4' ],
89 silly audit   'convert-source-map': [ '2.0.0', '1.9.0' ],
89 silly audit   json5: [ '2.2.3', '1.0.2' ],
89 silly audit   semver: [ '6.3.1', '7.6.3', '7.7.2' ],
89 silly audit   '@babel/generator': [ '7.27.5' ],
89 silly audit   '@babel/helper-annotate-as-pure': [ '7.27.3' ],
89 silly audit   '@babel/helper-compilation-targets': [ '7.27.2' ],
89 silly audit   'lru-cache': [ '5.1.1', '10.4.3' ],
89 silly audit   '@babel/helper-create-class-features-plugin': [ '7.27.1' ],
89 silly audit   '@babel/helper-create-regexp-features-plugin': [ '7.27.1' ],
89 silly audit   '@babel/helper-define-polyfill-provider': [ '0.6.4' ],
89 silly audit   '@babel/helper-member-expression-to-functions': [ '7.27.1' ],
89 silly audit   '@babel/helper-module-imports': [ '7.27.1' ],
89 silly audit   '@babel/helper-module-transforms': [ '7.27.3' ],
89 silly audit   '@babel/helper-optimise-call-expression': [ '7.27.1' ],
89 silly audit   '@babel/helper-plugin-utils': [ '7.27.1' ],
89 silly audit   '@babel/helper-remap-async-to-generator': [ '7.27.1' ],
89 silly audit   '@babel/helper-replace-supers': [ '7.27.1' ],
89 silly audit   '@babel/helper-skip-transparent-expression-wrappers': [ '7.27.1' ],
89 silly audit   '@babel/helper-string-parser': [ '7.27.1' ],
89 silly audit   '@babel/helper-validator-identifier': [ '7.27.1' ],
89 silly audit   '@babel/helper-validator-option': [ '7.27.1' ],
89 silly audit   '@babel/helper-wrap-function': [ '7.27.1' ],
89 silly audit   '@babel/helpers': [ '7.27.4' ],
89 silly audit   '@babel/parser': [ '7.27.5' ],
89 silly audit   '@babel/plugin-bugfix-firefox-class-in-computed-class-key': [ '7.27.1' ],
89 silly audit   '@babel/plugin-bugfix-safari-class-field-initializer-scope': [ '7.27.1' ],
89 silly audit   '@babel/plugin-bugfix-safari-id-destructuring-collision-in-function-expression': [ '7.27.1' ],
89 silly audit   '@babel/plugin-bugfix-v8-spread-parameters-in-optional-chaining': [ '7.27.1' ],
89 silly audit   '@babel/plugin-bugfix-v8-static-class-fields-redefine-readonly': [ '7.27.1' ],
89 silly audit   '@babel/plugin-proposal-private-property-in-object': [ '7.21.0-placeholder-for-preset-env.2' ],
89 silly audit   '@babel/plugin-syntax-import-assertions': [ '7.27.1' ],
89 silly audit   '@babel/plugin-syntax-import-attributes': [ '7.27.1' ],
89 silly audit   '@babel/plugin-syntax-unicode-sets-regex': [ '7.18.6' ],
89 silly audit   '@babel/plugin-transform-arrow-functions': [ '7.27.1' ],
89 silly audit   '@babel/plugin-transform-async-generator-functions': [ '7.27.1' ],
89 silly audit   '@babel/plugin-transform-async-to-generator': [ '7.27.1' ],
89 silly audit   '@babel/plugin-transform-block-scoped-functions': [ '7.27.1' ],
89 silly audit   '@babel/plugin-transform-block-scoping': [ '7.27.5' ],
89 silly audit   '@babel/plugin-transform-class-properties': [ '7.27.1' ],
89 silly audit   '@babel/plugin-transform-class-static-block': [ '7.27.1' ],
89 silly audit   '@babel/plugin-transform-classes': [ '7.27.1' ],
89 silly audit   '@babel/plugin-transform-computed-properties': [ '7.27.1' ],
89 silly audit   '@babel/plugin-transform-destructuring': [ '7.27.3' ],
89 silly audit   '@babel/plugin-transform-dotall-regex': [ '7.27.1' ],
89 silly audit   '@babel/plugin-transform-duplicate-keys': [ '7.27.1' ],
89 silly audit   '@babel/plugin-transform-duplicate-named-capturing-groups-regex': [ '7.27.1' ],
89 silly audit   '@babel/plugin-transform-dynamic-import': [ '7.27.1' ],
89 silly audit   '@babel/plugin-transform-exponentiation-operator': [ '7.27.1' ],
89 silly audit   '@babel/plugin-transform-export-namespace-from': [ '7.27.1' ],
89 silly audit   '@babel/plugin-transform-for-of': [ '7.27.1' ],
89 silly audit   '@babel/plugin-transform-function-name': [ '7.27.1' ],
89 silly audit   '@babel/plugin-transform-json-strings': [ '7.27.1' ],
89 silly audit   '@babel/plugin-transform-literals': [ '7.27.1' ],
89 silly audit   '@babel/plugin-transform-logical-assignment-operators': [ '7.27.1' ],
89 silly audit   '@babel/plugin-transform-member-expression-literals': [ '7.27.1' ],
89 silly audit   '@babel/plugin-transform-modules-amd': [ '7.27.1' ],
89 silly audit   '@babel/plugin-transform-modules-commonjs': [ '7.27.1' ],
89 silly audit   '@babel/plugin-transform-modules-systemjs': [ '7.27.1' ],
89 silly audit   '@babel/plugin-transform-modules-umd': [ '7.27.1' ],
89 silly audit   '@babel/plugin-transform-named-capturing-groups-regex': [ '7.27.1' ],
89 silly audit   '@babel/plugin-transform-new-target': [ '7.27.1' ],
89 silly audit   '@babel/plugin-transform-nullish-coalescing-operator': [ '7.27.1' ],
89 silly audit   '@babel/plugin-transform-numeric-separator': [ '7.27.1' ],
89 silly audit   '@babel/plugin-transform-object-rest-spread': [ '7.27.3' ],
89 silly audit   '@babel/plugin-transform-object-super': [ '7.27.1' ],
89 silly audit   '@babel/plugin-transform-optional-catch-binding': [ '7.27.1' ],
89 silly audit   '@babel/plugin-transform-optional-chaining': [ '7.27.1' ],
89 silly audit   '@babel/plugin-transform-parameters': [ '7.27.1' ],
89 silly audit   '@babel/plugin-transform-private-methods': [ '7.27.1' ],
89 silly audit   '@babel/plugin-transform-private-property-in-object': [ '7.27.1' ],
89 silly audit   '@babel/plugin-transform-property-literals': [ '7.27.1' ],
89 silly audit   '@babel/plugin-transform-regenerator': [ '7.27.5' ],
89 silly audit   '@babel/plugin-transform-regexp-modifiers': [ '7.27.1' ],
89 silly audit   '@babel/plugin-transform-reserved-words': [ '7.27.1' ],
89 silly audit   '@babel/plugin-transform-shorthand-properties': [ '7.27.1' ],
89 silly audit   '@babel/plugin-transform-spread': [ '7.27.1' ],
89 silly audit   '@babel/plugin-transform-sticky-regex': [ '7.27.1' ],
89 silly audit   '@babel/plugin-transform-template-literals': [ '7.27.1' ],
89 silly audit   '@babel/plugin-transform-typeof-symbol': [ '7.27.1' ],
89 silly audit   '@babel/plugin-transform-unicode-escapes': [ '7.27.1' ],
89 silly audit   '@babel/plugin-transform-unicode-property-regex': [ '7.27.1' ],
89 silly audit   '@babel/plugin-transform-unicode-regex': [ '7.27.1' ],
89 silly audit   '@babel/plugin-transform-unicode-sets-regex': [ '7.27.1' ],
89 silly audit   '@babel/preset-env': [ '7.27.2' ],
89 silly audit   '@babel/preset-modules': [ '0.1.6-no-external-plugins' ],
89 silly audit   '@babel/runtime': [ '7.27.6' ],
89 silly audit   '@babel/template': [ '7.27.2' ],
89 silly audit   '@babel/traverse': [ '7.27.4' ],
89 silly audit   '@babel/types': [ '7.27.3' ],
89 silly audit   '@ducanh2912/next-pwa': [ '10.2.9' ],
89 silly audit   '@apideck/better-ajv-errors': [ '0.3.6' ],
89 silly audit   '@rollup/plugin-node-resolve': [ '15.3.1', '11.2.1' ],
89 silly audit   '@rollup/pluginutils': [ '5.2.0', '3.1.0' ],
89 silly audit   '@types/resolve': [ '1.20.2', '1.17.1' ],
89 silly audit   ajv: [ '8.17.1', '6.12.6' ],
89 silly audit   'estree-walker': [ '2.0.2', '1.0.1' ],
89 silly audit   'fast-glob': [ '3.3.2', '3.3.1' ],
89 silly audit   'glob-parent': [ '5.1.2', '6.0.2' ],
89 silly audit   'json-schema-traverse': [ '1.0.0', '0.4.1' ],
89 silly audit   picomatch: [ '4.0.2', '2.3.1' ],
89 silly audit   'source-map': [ '0.8.0-beta.0', '0.6.1', '0.5.7' ],
89 silly audit   'webpack-sources': [ '1.4.3', '3.2.3' ],
89 silly audit   'workbox-background-sync': [ '7.1.0', '6.6.0' ],
89 silly audit   'workbox-broadcast-update': [ '7.1.0', '6.6.0' ],
89 silly audit   'workbox-build': [ '7.1.1', '7.1.0', '6.6.0' ],
89 silly audit   'workbox-cacheable-response': [ '7.1.0', '6.6.0' ],
89 silly audit   'workbox-core': [ '7.1.0', '6.6.0' ],
89 silly audit   'workbox-expiration': [ '7.1.0', '6.6.0' ],
89 silly audit   'workbox-google-analytics': [ '7.1.0', '6.6.0' ],
89 silly audit   'workbox-navigation-preload': [ '7.1.0', '6.6.0' ],
89 silly audit   'workbox-precaching': [ '7.1.0', '6.6.0' ],
89 silly audit   'workbox-range-requests': [ '7.1.0', '6.6.0' ],
89 silly audit   'workbox-recipes': [ '7.1.0', '6.6.0' ],
89 silly audit   'workbox-routing': [ '7.1.0', '6.6.0' ],
89 silly audit   'workbox-strategies': [ '7.1.0', '6.6.0' ],
89 silly audit   'workbox-streams': [ '7.1.0', '6.6.0' ],
89 silly audit   'workbox-sw': [ '7.1.0', '6.6.0' ],
89 silly audit   'workbox-webpack-plugin': [ '7.1.0', '6.6.0' ],
89 silly audit   'workbox-window': [ '7.1.0', '6.6.0' ],
89 silly audit   '@emnapi/runtime': [ '1.4.3' ],
89 silly audit   '@emotion/babel-plugin': [ '11.13.5' ],
89 silly audit   '@emotion/cache': [ '11.14.0' ],
89 silly audit   '@emotion/hash': [ '0.9.2' ],
89 silly audit   '@emotion/is-prop-valid': [ '1.3.1' ],
89 silly audit   '@emotion/memoize': [ '0.9.0' ],
89 silly audit   '@emotion/react': [ '11.14.0' ],
89 silly audit   '@emotion/serialize': [ '1.3.3' ],
89 silly audit   '@emotion/sheet': [ '1.4.0' ],
89 silly audit   '@emotion/styled': [ '11.14.0' ],
89 silly audit   '@emotion/unitless': [ '0.10.0' ],
89 silly audit   '@emotion/use-insertion-effect-with-fallbacks': [ '1.2.0' ],
89 silly audit   '@emotion/utils': [ '1.4.2' ],
89 silly audit   '@emotion/weak-memoize': [ '0.4.0' ],
89 silly audit   '@eslint-community/eslint-utils': [ '4.4.1' ],
89 silly audit   '@eslint-community/regexpp': [ '4.12.1' ],
89 silly audit   '@eslint/eslintrc': [ '2.1.4' ],
89 silly audit   globals: [ '13.24.0', '11.12.0' ],
89 silly audit   '@eslint/js': [ '8.57.1' ],
89 silly audit   '@floating-ui/core': [ '1.6.8' ],
89 silly audit   '@floating-ui/dom': [ '1.6.12' ],
89 silly audit   '@floating-ui/react': [ '0.26.28' ],
89 silly audit   '@floating-ui/react-dom': [ '2.1.2' ],
89 silly audit   '@floating-ui/utils': [ '0.2.8' ],
89 silly audit   '@headlessui/react': [ '2.2.0' ],
89 silly audit   '@humanwhocodes/config-array': [ '0.13.0' ],
89 silly audit   '@humanwhocodes/module-importer': [ '1.0.1' ],
89 silly audit   '@humanwhocodes/object-schema': [ '2.0.3' ],
89 silly audit   '@img/sharp-darwin-arm64': [ '0.34.2' ],
89 silly audit   '@img/sharp-darwin-x64': [ '0.34.2' ],
89 silly audit   '@img/sharp-libvips-darwin-arm64': [ '1.1.0' ],
89 silly audit   '@img/sharp-libvips-darwin-x64': [ '1.1.0' ],
89 silly audit   '@img/sharp-libvips-linux-arm': [ '1.1.0' ],
89 silly audit   '@img/sharp-libvips-linux-arm64': [ '1.1.0' ],
89 silly audit   '@img/sharp-libvips-linux-ppc64': [ '1.1.0' ],
89 silly audit   '@img/sharp-libvips-linux-s390x': [ '1.1.0' ],
89 silly audit   '@img/sharp-libvips-linux-x64': [ '1.1.0' ],
89 silly audit   '@img/sharp-libvips-linuxmusl-arm64': [ '1.1.0' ],
89 silly audit   '@img/sharp-libvips-linuxmusl-x64': [ '1.1.0' ],
89 silly audit   '@img/sharp-linux-arm': [ '0.34.2' ],
89 silly audit   '@img/sharp-linux-arm64': [ '0.34.2' ],
89 silly audit   '@img/sharp-linux-s390x': [ '0.34.2' ],
89 silly audit   '@img/sharp-linux-x64': [ '0.34.2' ],
89 silly audit   '@img/sharp-linuxmusl-arm64': [ '0.34.2' ],
89 silly audit   '@img/sharp-linuxmusl-x64': [ '0.34.2' ],
89 silly audit   '@img/sharp-wasm32': [ '0.34.2' ],
89 silly audit   '@img/sharp-win32-arm64': [ '0.34.2' ],
89 silly audit   '@img/sharp-win32-ia32': [ '0.34.2' ],
89 silly audit   '@img/sharp-win32-x64': [ '0.34.2' ],
89 silly audit   '@isaacs/cliui': [ '8.0.2' ],
89 silly audit   'ansi-regex': [ '6.1.0', '5.0.1' ],
89 silly audit   'strip-ansi': [ '7.1.0', '6.0.1' ],
89 silly audit   '@jridgewell/gen-mapping': [ '0.3.8' ],
89 silly audit   '@jridgewell/resolve-uri': [ '3.1.2' ],
89 silly audit   '@jridgewell/set-array': [ '1.2.1' ],
89 silly audit   '@jridgewell/source-map': [ '0.3.6' ],
89 silly audit   '@jridgewell/sourcemap-codec': [ '1.5.0' ],
89 silly audit   '@jridgewell/trace-mapping': [ '0.3.25' ],
89 silly audit   '@kurkle/color': [ '0.3.4' ],
89 silly audit   '@mui/core-downloads-tracker': [ '6.4.11' ],
89 silly audit   '@mui/icons-material': [ '6.3.0' ],
89 silly audit   '@mui/material': [ '6.4.11' ],
89 silly audit   '@mui/private-theming': [ '6.4.9' ],
89 silly audit   '@mui/styled-engine': [ '6.4.11' ],
89 silly audit   '@mui/system': [ '6.4.11' ],
89 silly audit   '@mui/types': [ '7.2.24' ],
89 silly audit   '@mui/utils': [ '6.4.9' ],
89 silly audit   '@next/env': [ '15.3.3' ],
89 silly audit   '@next/eslint-plugin-next': [ '15.0.2' ],
89 silly audit   '@next/swc-darwin-arm64': [ '15.3.3' ],
89 silly audit   '@next/swc-darwin-x64': [ '15.3.3' ],
89 silly audit   '@next/swc-linux-arm64-gnu': [ '15.3.3' ],
89 silly audit   '@next/swc-linux-arm64-musl': [ '15.3.3' ],
89 silly audit   '@next/swc-linux-x64-gnu': [ '15.3.3' ],
89 silly audit   '@next/swc-linux-x64-musl': [ '15.3.3' ],
89 silly audit   '@next/swc-win32-arm64-msvc': [ '15.3.3' ],
89 silly audit   '@next/swc-win32-x64-msvc': [ '15.3.3' ],
89 silly audit   '@nodelib/fs.scandir': [ '2.1.5' ],
89 silly audit   '@nodelib/fs.stat': [ '2.0.5' ],
89 silly audit   '@nodelib/fs.walk': [ '1.2.8' ],
89 silly audit   '@nolyfill/is-core-module': [ '1.0.39' ],
89 silly audit   '@pkgjs/parseargs': [ '0.11.0' ],
89 silly audit   '@popperjs/core': [ '2.11.8' ],
89 silly audit   '@react-aria/focus': [ '3.19.0' ],
89 silly audit   '@react-aria/interactions': [ '3.22.5' ],
89 silly audit   '@react-aria/ssr': [ '3.9.7' ],
89 silly audit   '@react-aria/utils': [ '3.26.0' ],
89 silly audit   '@react-stately/utils': [ '3.10.5' ],
89 silly audit   '@react-types/shared': [ '3.26.0' ],
89 silly audit   '@remix-run/router': [ '1.21.0' ],
89 silly audit   '@rollup/plugin-babel': [ '5.3.1' ],
89 silly audit   '@rollup/plugin-replace': [ '2.4.2' ],
89 silly audit   '@rollup/plugin-terser': [ '0.4.4' ],
89 silly audit   '@types/estree': [ '0.0.39', '1.0.6' ],
89 silly audit   '@rtsao/scc': [ '1.1.0' ],
89 silly audit   '@rushstack/eslint-patch': [ '1.10.4' ],
89 silly audit   '@surma/rollup-plugin-off-main-thread': [ '2.2.3' ],
89 silly audit   '@swc/counter': [ '0.1.3' ],
89 silly audit   '@swc/helpers': [ '0.5.15' ],
89 silly audit   '@tanstack/query-core': [ '5.80.7' ],
89 silly audit   '@tanstack/react-query': [ '5.80.7' ],
89 silly audit   '@tanstack/react-virtual': [ '3.11.2' ],
89 silly audit   '@tanstack/virtual-core': [ '3.11.2' ],
89 silly audit   '@types/eslint': [ '9.6.1' ],
89 silly audit   '@types/eslint-scope': [ '3.7.7' ],
89 silly audit   '@types/glob': [ '7.2.0' ],
89 silly audit   '@types/json-schema': [ '7.0.15' ],
89 silly audit   '@types/json5': [ '0.0.29' ],
89 silly audit   '@types/minimatch': [ '5.1.2' ],
89 silly audit   '@types/node': [ '20.17.10' ],
89 silly audit   '@types/parse-json': [ '4.0.2' ],
89 silly audit   '@types/prop-types': [ '15.7.14' ],
89 silly audit   '@types/raf': [ '3.4.3' ],
89 silly audit   '@types/react': [ '18.3.18' ],
89 silly audit   '@types/react-calendar': [ '4.1.0' ],
89 silly audit   '@types/react-transition-group': [ '4.4.12' ],
89 silly audit   '@types/trusted-types': [ '2.0.7' ],
89 silly audit   '@types/webpack': [ '5.28.5' ],
89 silly audit   '@typescript-eslint/eslint-plugin': [ '8.18.2' ],
89 silly audit   '@typescript-eslint/parser': [ '8.18.2' ],
89 silly audit   '@typescript-eslint/scope-manager': [ '8.18.2' ],
89 silly audit   '@typescript-eslint/type-utils': [ '8.18.2' ],
89 silly audit   '@typescript-eslint/types': [ '8.18.2' ],
89 silly audit   '@typescript-eslint/typescript-estree': [ '8.18.2' ],
89 silly audit   'brace-expansion': [ '2.0.2', '1.1.12' ],
89 silly audit   minimatch: [ '9.0.5', '5.1.6', '3.1.2' ],
89 silly audit   '@typescript-eslint/utils': [ '8.18.2' ],
89 silly audit   '@typescript-eslint/visitor-keys': [ '8.18.2' ],
89 silly audit   'eslint-visitor-keys': [ '4.2.0', '3.4.3' ],
89 silly audit   '@ungap/structured-clone': [ '1.2.1' ],
89 silly audit   '@webassemblyjs/ast': [ '1.14.1' ],
89 silly audit   '@webassemblyjs/floating-point-hex-parser': [ '1.13.2' ],
89 silly audit   '@webassemblyjs/helper-api-error': [ '1.13.2' ],
89 silly audit   '@webassemblyjs/helper-buffer': [ '1.14.1' ],
89 silly audit   '@webassemblyjs/helper-numbers': [ '1.13.2' ],
89 silly audit   '@webassemblyjs/helper-wasm-bytecode': [ '1.13.2' ],
89 silly audit   '@webassemblyjs/helper-wasm-section': [ '1.14.1' ],
89 silly audit   '@webassemblyjs/ieee754': [ '1.13.2' ],
89 silly audit   '@webassemblyjs/leb128': [ '1.13.2' ],
89 silly audit   '@webassemblyjs/utf8': [ '1.13.2' ],
89 silly audit   '@webassemblyjs/wasm-edit': [ '1.14.1' ],
89 silly audit   '@webassemblyjs/wasm-gen': [ '1.14.1' ],
89 silly audit   '@webassemblyjs/wasm-opt': [ '1.14.1' ],
89 silly audit   '@webassemblyjs/wasm-parser': [ '1.14.1' ],
89 silly audit   '@webassemblyjs/wast-printer': [ '1.14.1' ],
89 silly audit   '@wojtekmaj/date-utils': [ '1.5.1' ],
89 silly audit   '@xtuc/ieee754': [ '1.2.0' ],
89 silly audit   '@xtuc/long': [ '4.2.2' ],
89 silly audit   acorn: [ '8.14.0' ],
89 silly audit   'acorn-jsx': [ '5.3.2' ],
89 silly audit   'ajv-formats': [ '2.1.1' ],
89 silly audit   'ajv-keywords': [ '3.5.2', '5.1.0' ],
89 silly audit   'ansi-styles': [ '4.3.0', '6.2.1' ],
89 silly audit   'any-promise': [ '1.3.0' ],
89 silly audit   anymatch: [ '3.1.3' ],
89 silly audit   arg: [ '5.0.2' ],
89 silly audit   argparse: [ '2.0.1' ],
89 silly audit   'aria-query': [ '5.3.2' ],
89 silly audit   'array-buffer-byte-length': [ '1.0.2' ],
89 silly audit   'array-includes': [ '3.1.8' ],
89 silly audit   'array-union': [ '2.1.0', '1.0.2' ],
89 silly audit   'array-uniq': [ '1.0.3' ],
89 silly audit   'array.prototype.findlast': [ '1.2.5' ],
89 silly audit   'array.prototype.findlastindex': [ '1.2.5' ],
89 silly audit   'array.prototype.flat': [ '1.3.3' ],
89 silly audit   'array.prototype.flatmap': [ '1.3.3' ],
89 silly audit   'array.prototype.tosorted': [ '1.1.4' ],
89 silly audit   'arraybuffer.prototype.slice': [ '1.0.4' ],
89 silly audit   'ast-types-flow': [ '0.0.8' ],
89 silly audit   async: [ '3.2.6' ],
89 silly audit   asynckit: [ '0.4.0' ],
89 silly audit   'at-least-node': [ '1.0.0' ],
89 silly audit   atob: [ '2.1.2' ],
89 silly audit   'available-typed-arrays': [ '1.0.7' ],
89 silly audit   'axe-core': [ '4.10.2' ],
89 silly audit   axios: [ '1.10.0' ],
89 silly audit   'axobject-query': [ '4.1.0' ],
89 silly audit   'babel-loader': [ '8.4.1' ],
89 silly audit   'schema-utils': [ '2.7.1', '3.3.0', '4.3.0' ],
89 silly audit   'babel-plugin-macros': [ '3.1.0' ],
89 silly audit   'babel-plugin-polyfill-corejs2': [ '0.4.13' ],
89 silly audit   'babel-plugin-polyfill-corejs3': [ '0.11.1' ],
89 silly audit   'babel-plugin-polyfill-regenerator': [ '0.6.4' ],
89 silly audit   'balanced-match': [ '1.0.2' ],
89 silly audit   'base64-arraybuffer': [ '1.0.2' ],
89 silly audit   'big.js': [ '5.2.2' ],
89 silly audit   'binary-extensions': [ '2.3.0' ],
89 silly audit   braces: [ '3.0.3' ],
89 silly audit   browserslist: [ '4.25.0' ],
89 silly audit   btoa: [ '1.2.1' ],
89 silly audit   'buffer-from': [ '1.1.2' ],
89 silly audit   'builtin-modules': [ '3.3.0' ],
89 silly audit   busboy: [ '1.6.0' ],
89 silly audit   'call-bind': [ '1.0.8' ],
89 silly audit   'call-bind-apply-helpers': [ '1.0.1' ],
89 silly audit   'call-bound': [ '1.0.3' ],
89 silly audit   callsites: [ '3.1.0' ],
89 silly audit   'camelcase-css': [ '2.0.1' ],
89 silly audit   'caniuse-lite': [ '1.0.30001721' ],
89 silly audit   canvg: [ '3.0.11' ],
89 silly audit   chalk: [ '4.1.2' ],
89 silly audit   'chart.js': [ '4.4.7' ],
89 silly audit   chokidar: [ '3.6.0' ],
89 silly audit   'chrome-trace-event': [ '1.0.4' ],
89 silly audit   'clean-webpack-plugin': [ '4.0.0' ],
89 silly audit   'client-only': [ '0.0.1' ],
89 silly audit   clsx: [ '2.1.1' ],
89 silly audit   color: [ '4.2.3' ],
89 silly audit   'color-convert': [ '2.0.1' ],
89 silly audit   'color-name': [ '1.1.4' ],
89 silly audit   'color-string': [ '1.9.1' ],
89 silly audit   'combined-stream': [ '1.0.8' ],
89 silly audit   commander: [ '4.1.1', '2.20.3' ],
89 silly audit   'common-tags': [ '1.8.2' ],
89 silly audit   commondir: [ '1.0.1' ],
89 silly audit   'concat-map': [ '0.0.1' ],
89 silly audit   'core-js': [ '3.43.0' ],
89 silly audit   'core-js-compat': [ '3.42.0' ],
89 silly audit   cosmiconfig: [ '7.1.0' ],
89 silly audit   'cross-spawn': [ '7.0.6' ],
89 silly audit   'crypto-random-string': [ '2.0.0' ],
89 silly audit   'css-line-break': [ '2.1.0' ],
89 silly audit   cssesc: [ '3.0.0' ],
89 silly audit   csstype: [ '3.1.3' ],
89 silly audit   'damerau-levenshtein': [ '1.0.8' ],
89 silly audit   'data-view-buffer': [ '1.0.2' ],
89 silly audit   'data-view-byte-length': [ '1.0.2' ],
89 silly audit   'data-view-byte-offset': [ '1.0.1' ],
89 silly audit   'date-fns': [ '4.1.0' ],
89 silly audit   debug: [ '4.4.0', '3.2.7' ],
89 silly audit   'deep-is': [ '0.1.4' ],
89 silly audit   deepmerge: [ '4.3.1' ],
89 silly audit   'define-data-property': [ '1.1.4' ],
89 silly audit   'define-properties': [ '1.2.1' ],
89 silly audit   del: [ '4.1.1' ],
89 silly audit   globby: [ '6.1.0', '11.1.0' ],
89 silly audit   pify: [ '2.3.0', '4.0.1' ],
89 silly audit   rimraf: [ '2.7.1', '3.0.2' ],
89 silly audit   'delayed-stream': [ '1.0.0' ],
89 silly audit   'detect-libc': [ '2.0.4' ],
89 silly audit   didyoumean: [ '1.2.2' ],
89 silly audit   'dir-glob': [ '3.0.1' ],
89 silly audit   dlv: [ '1.1.3' ],
89 silly audit   doctrine: [ '3.0.0', '2.1.0' ],
89 silly audit   'dom-helpers': [ '5.2.1' ],
89 silly audit   dompurify: [ '3.2.6' ],
89 silly audit   'dunder-proto': [ '1.0.1' ],
89 silly audit   eastasianwidth: [ '0.2.0' ],
89 silly audit   ejs: [ '3.1.10' ],
89 silly audit   'electron-to-chromium': [ '1.5.165' ],
89 silly audit   'emoji-regex': [ '9.2.2', '8.0.0' ],
89 silly audit   'emojis-list': [ '3.0.0' ],
89 silly audit   'enhanced-resolve': [ '5.18.0' ],
89 silly audit   'error-ex': [ '1.3.2' ],
89 silly audit   'es-abstract': [ '1.23.7' ],
89 silly audit   'es-define-property': [ '1.0.1' ],
89 silly audit   'es-errors': [ '1.3.0' ],
89 silly audit   'es-iterator-helpers': [ '1.2.1' ],
89 silly audit   'es-module-lexer': [ '1.6.0' ],
89 silly audit   'es-object-atoms': [ '1.0.0' ],
89 silly audit   'es-set-tostringtag': [ '2.0.3' ],
89 silly audit   'es-shim-unscopables': [ '1.0.2' ],
89 silly audit   'es-to-primitive': [ '1.3.0' ],
89 silly audit   escalade: [ '3.2.0' ],
89 silly audit   'escape-string-regexp': [ '4.0.0' ],
89 silly audit   eslint: [ '8.57.1' ],
89 silly audit   'eslint-config-next': [ '15.0.2' ],
89 silly audit   'eslint-import-resolver-node': [ '0.3.9' ],
89 silly audit   'eslint-import-resolver-typescript': [ '3.7.0' ],
89 silly audit   'eslint-module-utils': [ '2.12.0' ],
89 silly audit   'eslint-plugin-import': [ '2.31.0' ],
89 silly audit   'eslint-plugin-jsx-a11y': [ '6.10.2' ],
89 silly audit   'eslint-plugin-react': [ '7.37.3' ],
89 silly audit   'eslint-plugin-react-hooks': [ '5.1.0' ],
89 silly audit   resolve: [ '2.0.0-next.5', '1.22.10' ],
89 silly audit   'eslint-scope': [ '7.2.2', '5.1.1' ],
89 silly audit   espree: [ '9.6.1' ],
89 silly audit   esquery: [ '1.6.0' ],
89 silly audit   esrecurse: [ '4.3.0' ],
89 silly audit   estraverse: [ '5.3.0', '4.3.0' ],
89 silly audit   esutils: [ '2.0.3' ],
89 silly audit   events: [ '3.3.0' ],
89 silly audit   'fast-deep-equal': [ '3.1.3' ],
89 silly audit   'fast-json-stable-stringify': [ '2.1.0' ],
89 silly audit   'fast-levenshtein': [ '2.0.6' ],
89 silly audit   'fast-uri': [ '3.0.3' ],
89 silly audit   fastq: [ '1.18.0' ],
89 silly audit   fflate: [ '0.8.2' ],
89 silly audit   'file-entry-cache': [ '6.0.1' ],
89 silly audit   filelist: [ '1.0.4' ],
89 silly audit   'fill-range': [ '7.1.1' ],
89 silly audit   'find-cache-dir': [ '3.3.2' ],
89 silly audit   'find-root': [ '1.1.0' ],
89 silly audit   'find-up': [ '5.0.0', '4.1.0' ],
89 silly audit   'flat-cache': [ '3.2.0' ],
89 silly audit   flatted: [ '3.3.2' ],
89 silly audit   'follow-redirects': [ '1.15.9' ],
89 silly audit   'for-each': [ '0.3.3' ],
89 silly audit   'foreground-child': [ '3.3.0' ],
89 silly audit   'form-data': [ '4.0.1' ],
89 silly audit   'framer-motion': [ '11.15.0' ],
89 silly audit   'fs-extra': [ '9.1.0' ],
89 silly audit   'fs.realpath': [ '1.0.0' ],
89 silly audit   fsevents: [ '2.3.3' ],
89 silly audit   'function-bind': [ '1.1.2' ],
89 silly audit   'function.prototype.name': [ '1.1.8' ],
89 silly audit   'functions-have-names': [ '1.2.3' ],
89 silly audit   gensync: [ '1.0.0-beta.2' ],
89 silly audit   'get-intrinsic': [ '1.2.6' ],
89 silly audit   'get-own-enumerable-property-symbols': [ '3.0.2' ],
89 silly audit   'get-symbol-description': [ '1.1.0' ],
89 silly audit   'get-tsconfig': [ '4.8.1' ],
89 silly audit   'get-user-locale': [ '2.3.2' ],
89 silly audit   glob: [ '7.2.3', '10.4.5' ],
89 silly audit   'glob-to-regexp': [ '0.4.1' ],
89 silly audit   globalthis: [ '1.0.4' ],
89 silly audit   gopd: [ '1.2.0' ],
89 silly audit   'graceful-fs': [ '4.2.11' ],
89 silly audit   graphemer: [ '1.4.0' ],
89 silly audit   gsap: [ '3.12.5' ],
89 silly audit   'has-bigints': [ '1.1.0' ],
89 silly audit   'has-flag': [ '4.0.0' ],
89 silly audit   'has-property-descriptors': [ '1.0.2' ],
89 silly audit   'has-proto': [ '1.2.0' ],
89 silly audit   'has-symbols': [ '1.1.0' ],
89 silly audit   'has-tostringtag': [ '1.0.2' ],
89 silly audit   hasown: [ '2.0.2' ],
89 silly audit   'hoist-non-react-statics': [ '3.3.2' ],
89 silly audit   'react-is': [ '16.13.1', '19.1.0' ],
89 silly audit   html2canvas: [ '1.4.1' ],
89 silly audit   idb: [ '7.1.1' ],
89 silly audit   ignore: [ '5.3.2' ],
89 silly audit   'import-fresh': [ '3.3.0' ],
89 silly audit   imurmurhash: [ '0.1.4' ],
89 silly audit   inflight: [ '1.0.6' ],
89 silly audit   inherits: [ '2.0.4' ],
89 silly audit   'internal-slot': [ '1.1.0' ],
89 silly audit   'is-array-buffer': [ '3.0.5' ],
89 silly audit   'is-arrayish': [ '0.2.1', '0.3.2' ],
89 silly audit   'is-async-function': [ '2.0.0' ],
89 silly audit   'is-bigint': [ '1.1.0' ],
89 silly audit   'is-binary-path': [ '2.1.0' ],
89 silly audit   'is-boolean-object': [ '1.2.1' ],
89 silly audit   'is-bun-module': [ '1.3.0' ],
89 silly audit   'is-callable': [ '1.2.7' ],
89 silly audit   'is-core-module': [ '2.16.1' ],
89 silly audit   'is-data-view': [ '1.0.2' ],
89 silly audit   'is-date-object': [ '1.1.0' ],
89 silly audit   'is-extglob': [ '2.1.1' ],
89 silly audit   'is-finalizationregistry': [ '1.1.1' ],
89 silly audit   'is-fullwidth-code-point': [ '3.0.0' ],
89 silly audit   'is-generator-function': [ '1.0.10' ],
89 silly audit   'is-glob': [ '4.0.3' ],
89 silly audit   'is-map': [ '2.0.3' ],
89 silly audit   'is-module': [ '1.0.0' ],
89 silly audit   'is-number': [ '7.0.0' ],
89 silly audit   'is-number-object': [ '1.1.1' ],
89 silly audit   'is-obj': [ '1.0.1' ],
89 silly audit   'is-path-cwd': [ '2.2.0' ],
89 silly audit   'is-path-in-cwd': [ '2.1.0' ],
89 silly audit   'is-path-inside': [ '2.1.0', '3.0.3' ],
89 silly audit   'is-regex': [ '1.2.1' ],
89 silly audit   'is-regexp': [ '1.0.0' ],
89 silly audit   'is-set': [ '2.0.3' ],
89 silly audit   'is-shared-array-buffer': [ '1.0.4' ],
89 silly audit   'is-stream': [ '2.0.1' ],
89 silly audit   'is-string': [ '1.1.1' ],
89 silly audit   'is-symbol': [ '1.1.1' ],
89 silly audit   'is-typed-array': [ '1.1.15' ],
89 silly audit   'is-weakmap': [ '2.0.2' ],
89 silly audit   'is-weakref': [ '1.1.0' ],
89 silly audit   'is-weakset': [ '2.0.4' ],
89 silly audit   isarray: [ '2.0.5' ],
89 silly audit   isexe: [ '2.0.0' ],
89 silly audit   'iterator.prototype': [ '1.1.4' ],
89 silly audit   jackspeak: [ '3.4.3' ],
89 silly audit   jake: [ '10.9.2' ],
89 silly audit   'jest-worker': [ '27.5.1', '26.6.2' ],
89 silly audit   'supports-color': [ '8.1.1', '7.2.0' ],
89 silly audit   jiti: [ '1.21.7' ],
89 silly audit   'js-tokens': [ '4.0.0' ],
89 silly audit   'js-yaml': [ '4.1.0' ],
89 silly audit   jsesc: [ '3.1.0', '3.0.2' ],
89 silly audit   'json-buffer': [ '3.0.1' ],
89 silly audit   'json-parse-even-better-errors': [ '2.3.1' ],
89 silly audit   'json-schema': [ '0.4.0' ],
89 silly audit   'json-stable-stringify-without-jsonify': [ '1.0.1' ],
89 silly audit   jsonfile: [ '6.1.0' ],
89 silly audit   jsonpointer: [ '5.0.1' ],
89 silly audit   jspdf: [ '3.0.1' ],
89 silly audit   'jsx-ast-utils': [ '3.3.5' ],
89 silly audit   keyv: [ '4.5.4' ],
89 silly audit   'language-subtag-registry': [ '0.3.23' ],
89 silly audit   'language-tags': [ '1.0.9' ],
89 silly audit   leven: [ '3.1.0' ],
89 silly audit   levn: [ '0.4.1' ],
89 silly audit   lilconfig: [ '3.1.3' ],
89 silly audit   'lines-and-columns': [ '1.2.4' ],
89 silly audit   'loader-runner': [ '4.3.0' ],
89 silly audit   'loader-utils': [ '2.0.4' ],
89 silly audit   'locate-path': [ '6.0.0', '5.0.0' ],
89 silly audit   lodash: [ '4.17.21' ],
89 silly audit   'lodash.debounce': [ '4.0.8' ],
89 silly audit   'lodash.merge': [ '4.6.2' ],
89 silly audit   'lodash.sortby': [ '4.7.0' ],
89 silly audit   'loose-envify': [ '1.4.0' ],
89 silly audit   'lucide-react': [ '0.468.0' ],
89 silly audit   'magic-string': [ '0.25.9' ],
89 silly audit   'make-dir': [ '3.1.0' ],
89 silly audit   'map-age-cleaner': [ '0.1.3' ],
89 silly audit   'math-intrinsics': [ '1.1.0' ],
89 silly audit   mem: [ '8.1.1' ],
89 silly audit   'merge-stream': [ '2.0.0' ],
89 silly audit   merge2: [ '1.4.1' ],
89 silly audit   micromatch: [ '4.0.8' ],
89 silly audit   'mime-db': [ '1.52.0' ],
89 silly audit   'mime-types': [ '2.1.35' ],
89 silly audit   'mimic-fn': [ '3.1.0' ],
89 silly audit   minimist: [ '1.2.8' ],
89 silly audit   minipass: [ '7.1.2' ],
89 silly audit   'motion-dom': [ '11.14.3' ],
89 silly audit   'motion-utils': [ '11.14.3' ],
89 silly audit   ms: [ '2.1.3' ],
89 silly audit   mz: [ '2.7.0' ],
89 silly audit   nanoid: [ '3.3.8' ],
89 silly audit   'natural-compare': [ '1.4.0' ],
89 silly audit   'neo-async': [ '2.6.2' ],
89 silly audit   next: [ '15.3.3' ],
89 silly audit   'next-pwa': [ '5.6.0' ],
89 silly audit   postcss: [ '8.4.31', '8.4.49' ],
89 silly audit   'node-releases': [ '2.0.19' ],
89 silly audit   'normalize-path': [ '3.0.0' ],
89 silly audit   notyf: [ '3.10.0' ],
89 silly audit   'object-assign': [ '4.1.1' ],
89 silly audit   'object-hash': [ '3.0.0' ],
89 silly audit   'object-inspect': [ '1.13.3' ],
89 silly audit   'object-keys': [ '1.1.1' ],
89 silly audit   'object.assign': [ '4.1.7' ],
89 silly audit   'object.entries': [ '1.1.8' ],
89 silly audit   'object.fromentries': [ '2.0.8' ],
89 silly audit   'object.groupby': [ '1.0.3' ],
89 silly audit   'object.values': [ '1.2.1' ],
89 silly audit   once: [ '1.4.0' ],
89 silly audit   optionator: [ '0.9.4' ],
89 silly audit   'p-defer': [ '1.0.0' ],
89 silly audit   'p-limit': [ '3.1.0', '2.3.0' ],
89 silly audit   'p-locate': [ '5.0.0', '4.1.0' ],
89 silly audit   'p-map': [ '2.1.0' ],
89 silly audit   'p-try': [ '2.2.0' ],
89 silly audit   'package-json-from-dist': [ '1.0.1' ],
89 silly audit   'parent-module': [ '1.0.1' ],
89 silly audit   'parse-json': [ '5.2.0' ],
89 silly audit   'path-exists': [ '4.0.0' ],
89 silly audit   'path-is-absolute': [ '1.0.1' ],
89 silly audit   'path-is-inside': [ '1.0.2' ],
89 silly audit   'path-key': [ '3.1.1' ],
89 silly audit   'path-parse': [ '1.0.7' ],
89 silly audit   'path-scurry': [ '1.11.1' ],
89 silly audit   'path-type': [ '4.0.0' ],
89 silly audit   'performance-now': [ '2.1.0' ],
89 silly audit   picocolors: [ '1.1.1' ],
89 silly audit   pinkie: [ '2.0.4' ],
89 silly audit   'pinkie-promise': [ '2.0.1' ],
89 silly audit   pirates: [ '4.0.6' ],
89 silly audit   'pkg-dir': [ '4.2.0' ],
89 silly audit   'possible-typed-array-names': [ '1.0.0' ],
89 silly audit   'postcss-import': [ '15.1.0' ],
89 silly audit   'postcss-js': [ '4.0.1' ],
89 silly audit   'postcss-load-config': [ '4.0.2' ],
89 silly audit   yaml: [ '2.6.1', '1.10.2' ],
89 silly audit   'postcss-nested': [ '6.2.0' ],
89 silly audit   'postcss-selector-parser': [ '6.1.2' ],
89 silly audit   'postcss-value-parser': [ '4.2.0' ],
89 silly audit   'prelude-ls': [ '1.2.1' ],
89 silly audit   'pretty-bytes': [ '5.6.0' ],
89 silly audit   'prop-types': [ '15.8.1' ],
89 silly audit   'proxy-from-env': [ '1.1.0' ],
89 silly audit   punycode: [ '2.3.1' ],
89 silly audit   'qrcode.react': [ '4.2.0' ],
89 silly audit   'queue-microtask': [ '1.2.3' ],
89 silly audit   raf: [ '3.4.1' ],
89 silly audit   randombytes: [ '2.1.0' ],
89 silly audit   react: [ '18.3.1' ],
89 silly audit   'react-calendar': [ '5.1.0' ],
89 silly audit   'react-chartjs-2': [ '5.2.0' ],
89 silly audit   'react-dom': [ '18.3.1' ],
89 silly audit   'react-icons': [ '5.4.0' ],
89 silly audit   'react-router': [ '6.28.1' ],
89 silly audit   'react-router-dom': [ '6.28.1' ],
89 silly audit   'react-spinners': [ '0.14.1' ],
89 silly audit   'react-toastify': [ '10.0.6' ],
89 silly audit   'react-transition-group': [ '4.4.5' ],
89 silly audit   'read-cache': [ '1.0.0' ],
89 silly audit   readdirp: [ '3.6.0' ],
89 silly audit   'reflect.getprototypeof': [ '1.0.9' ],
89 silly audit   regenerate: [ '1.4.2' ],
89 silly audit   'regenerate-unicode-properties': [ '10.2.0' ],
89 silly audit   'regenerator-runtime': [ '0.13.11' ],
89 silly audit   'regexp.prototype.flags': [ '1.5.3' ],
89 silly audit   'regexpu-core': [ '6.2.0' ],
89 silly audit   regjsgen: [ '0.8.0' ],
89 silly audit   regjsparser: [ '0.12.0' ],
89 silly audit   'require-from-string': [ '2.0.2' ],
89 silly audit   'resolve-from': [ '4.0.0' ],
89 silly audit   'resolve-pkg-maps': [ '1.0.0' ],
89 silly audit   reusify: [ '1.0.4' ],
89 silly audit   rgbcolor: [ '1.0.1' ],
89 silly audit   rollup: [ '2.79.2' ],
89 silly audit   'rollup-plugin-terser': [ '7.0.2' ],
89 silly audit   'serialize-javascript': [ '4.0.0', '6.0.2' ],
89 silly audit   'run-parallel': [ '1.2.0' ],
89 silly audit   'safe-array-concat': [ '1.1.3' ],
89 silly audit   'safe-buffer': [ '5.2.1' ],
89 silly audit   'safe-regex-test': [ '1.1.0' ],
89 silly audit   scheduler: [ '0.23.2' ],
89 silly audit   'set-function-length': [ '1.2.2' ],
89 silly audit   'set-function-name': [ '2.0.2' ],
89 silly audit   sharp: [ '0.34.2' ],
89 silly audit   'shebang-command': [ '2.0.0' ],
89 silly audit   'shebang-regex': [ '3.0.0' ],
89 silly audit   'side-channel': [ '1.1.0' ],
89 silly audit   'side-channel-list': [ '1.0.0' ],
89 silly audit   'side-channel-map': [ '1.0.1' ],
89 silly audit   'side-channel-weakmap': [ '1.0.2' ],
89 silly audit   'signal-exit': [ '4.1.0' ],
89 silly audit   'simple-swizzle': [ '0.2.2' ],
89 silly audit   slash: [ '3.0.0' ],
89 silly audit   smob: [ '1.5.0' ],
89 silly audit   'source-list-map': [ '2.0.1' ],
89 silly audit   'source-map-js': [ '1.2.1' ],
89 silly audit   'source-map-support': [ '0.5.21' ],
89 silly audit   'sourcemap-codec': [ '1.4.8' ],
89 silly audit   'stable-hash': [ '0.0.4' ],
89 silly audit   'stackblur-canvas': [ '2.7.0' ],
89 silly audit   streamsearch: [ '1.1.0' ],
89 silly audit   'string-width': [ '5.1.2', '4.2.3' ],
89 silly audit   'string.prototype.includes': [ '2.0.1' ],
89 silly audit   'string.prototype.matchall': [ '4.0.12' ],
89 silly audit   'string.prototype.repeat': [ '1.0.0' ],
89 silly audit   'string.prototype.trim': [ '1.2.10' ],
89 silly audit   'string.prototype.trimend': [ '1.0.9' ],
89 silly audit   'string.prototype.trimstart': [ '1.0.8' ],
89 silly audit   'stringify-object': [ '3.3.0' ],
89 silly audit   'strip-bom': [ '3.0.0' ],
89 silly audit   'strip-comments': [ '2.0.1' ],
89 silly audit   'strip-json-comments': [ '3.1.1' ],
89 silly audit   'styled-jsx': [ '5.1.6' ],
89 silly audit   stylis: [ '4.2.0' ],
89 silly audit   sucrase: [ '3.35.0' ],
89 silly audit   'supports-preserve-symlinks-flag': [ '1.0.0' ],
89 silly audit   'svg-pathdata': [ '6.0.3' ],
89 silly audit   tabbable: [ '6.2.0' ],
89 silly audit   tailwindcss: [ '3.4.17' ],
89 silly audit   tapable: [ '2.2.1' ],
89 silly audit   'temp-dir': [ '2.0.0' ],
89 silly audit   tempy: [ '0.6.0' ],
89 silly audit   'type-fest': [ '0.16.0', '0.20.2' ],
89 silly audit   terser: [ '5.37.0' ],
89 silly audit   'terser-webpack-plugin': [ '5.3.11' ],
89 silly audit   'text-segmentation': [ '1.0.3' ],
89 silly audit   'text-table': [ '0.2.0' ],
89 silly audit   thenify: [ '3.3.1' ],
89 silly audit   'thenify-all': [ '1.6.0' ],
89 silly audit   'to-regex-range': [ '5.0.1' ],
89 silly audit   tr46: [ '1.0.1', '0.0.3' ],
89 silly audit   'ts-api-utils': [ '1.4.3' ],
89 silly audit   'ts-interface-checker': [ '0.1.13' ],
89 silly audit   'tsconfig-paths': [ '3.15.0' ],
89 silly audit   tslib: [ '2.8.1' ],
89 silly audit   'type-check': [ '0.4.0' ],
89 silly audit   'typed-array-buffer': [ '1.0.3' ],
89 silly audit   'typed-array-byte-length': [ '1.0.3' ],
89 silly audit   'typed-array-byte-offset': [ '1.0.4' ],
89 silly audit   'typed-array-length': [ '1.0.7' ],
89 silly audit   typescript: [ '5.7.2' ],
89 silly audit   'unbox-primitive': [ '1.1.0' ],
89 silly audit   'undici-types': [ '6.19.8' ],
89 silly audit   'unicode-canonical-property-names-ecmascript': [ '2.0.1' ],
89 silly audit   'unicode-match-property-ecmascript': [ '2.0.0' ],
89 silly audit   'unicode-match-property-value-ecmascript': [ '2.2.0' ],
89 silly audit   'unicode-property-aliases-ecmascript': [ '2.1.0' ],
89 silly audit   'unique-string': [ '2.0.0' ],
89 silly audit   universalify: [ '2.0.1' ],
89 silly audit   upath: [ '1.2.0' ],
89 silly audit   'update-browserslist-db': [ '1.1.3' ],
89 silly audit   'uri-js': [ '4.4.1' ],
89 silly audit   'util-deprecate': [ '1.0.2' ],
89 silly audit   utrie: [ '1.0.2' ],
89 silly audit   warning: [ '4.0.3' ],
89 silly audit   watchpack: [ '2.4.2' ],
89 silly audit   'webidl-conversions': [ '4.0.2', '3.0.1' ],
89 silly audit   webpack: [ '5.97.1' ],
89 silly audit   'whatwg-url': [ '7.1.0', '5.0.0' ],
89 silly audit   which: [ '2.0.2' ],
89 silly audit   'which-boxed-primitive': [ '1.1.1' ],
89 silly audit   'which-builtin-type': [ '1.2.1' ],
89 silly audit   'which-collection': [ '1.0.2' ],
89 silly audit   'which-typed-array': [ '1.1.18' ],
89 silly audit   'word-wrap': [ '1.2.5' ],
89 silly audit   'wrap-ansi': [ '8.1.0', '7.0.0' ],
89 silly audit   wrappy: [ '1.0.2' ],
89 silly audit   yallist: [ '3.1.1' ],
89 silly audit   'yocto-queue': [ '0.1.0' ],
89 silly audit   '@supabase/supabase-js': [ '2.78.0' ],
89 silly audit   '@supabase/auth-js': [ '2.78.0' ],
89 silly audit   '@supabase/functions-js': [ '2.78.0' ],
89 silly audit   '@supabase/node-fetch': [ '2.6.15' ],
89 silly audit   '@supabase/postgrest-js': [ '2.78.0' ],
89 silly audit   '@supabase/realtime-js': [ '2.78.0' ],
89 silly audit   '@supabase/storage-js': [ '2.78.0' ],
89 silly audit   '@types/phoenix': [ '1.6.6' ],
89 silly audit   '@types/ws': [ '8.18.1' ],
89 silly audit   ws: [ '8.18.3' ]
89 silly audit }
90 verbose reify failed optional dependency /Users/mac/Desktop/accezz-supabase/node_modules/@next/swc-win32-x64-msvc
91 silly reify mark deleted [
91 silly reify   '/Users/mac/Desktop/accezz-supabase/node_modules/@next/swc-win32-x64-msvc'
91 silly reify ]
92 verbose reify failed optional dependency /Users/mac/Desktop/accezz-supabase/node_modules/@next/swc-win32-arm64-msvc
93 silly reify mark deleted [
93 silly reify   '/Users/mac/Desktop/accezz-supabase/node_modules/@next/swc-win32-arm64-msvc'
93 silly reify ]
94 verbose reify failed optional dependency /Users/mac/Desktop/accezz-supabase/node_modules/@next/swc-linux-x64-musl
95 silly reify mark deleted [
95 silly reify   '/Users/mac/Desktop/accezz-supabase/node_modules/@next/swc-linux-x64-musl'
95 silly reify ]
96 verbose reify failed optional dependency /Users/mac/Desktop/accezz-supabase/node_modules/@next/swc-linux-x64-gnu
97 silly reify mark deleted [
97 silly reify   '/Users/mac/Desktop/accezz-supabase/node_modules/@next/swc-linux-x64-gnu'
97 silly reify ]
98 verbose reify failed optional dependency /Users/mac/Desktop/accezz-supabase/node_modules/@next/swc-linux-arm64-musl
99 silly reify mark deleted [
99 silly reify   '/Users/mac/Desktop/accezz-supabase/node_modules/@next/swc-linux-arm64-musl'
99 silly reify ]
100 verbose reify failed optional dependency /Users/mac/Desktop/accezz-supabase/node_modules/@next/swc-linux-arm64-gnu
101 silly reify mark deleted [
101 silly reify   '/Users/mac/Desktop/accezz-supabase/node_modules/@next/swc-linux-arm64-gnu'
101 silly reify ]
102 verbose reify failed optional dependency /Users/mac/Desktop/accezz-supabase/node_modules/@next/swc-darwin-arm64
103 silly reify mark deleted [
103 silly reify   '/Users/mac/Desktop/accezz-supabase/node_modules/@next/swc-darwin-arm64'
103 silly reify ]
104 verbose reify failed optional dependency /Users/mac/Desktop/accezz-supabase/node_modules/@img/sharp-win32-x64
105 silly reify mark deleted [
105 silly reify   '/Users/mac/Desktop/accezz-supabase/node_modules/@img/sharp-win32-x64'
105 silly reify ]
106 verbose reify failed optional dependency /Users/mac/Desktop/accezz-supabase/node_modules/@img/sharp-win32-ia32
107 silly reify mark deleted [
107 silly reify   '/Users/mac/Desktop/accezz-supabase/node_modules/@img/sharp-win32-ia32'
107 silly reify ]
108 verbose reify failed optional dependency /Users/mac/Desktop/accezz-supabase/node_modules/@img/sharp-win32-arm64
109 silly reify mark deleted [
109 silly reify   '/Users/mac/Desktop/accezz-supabase/node_modules/@img/sharp-win32-arm64'
109 silly reify ]
110 verbose reify failed optional dependency /Users/mac/Desktop/accezz-supabase/node_modules/@img/sharp-wasm32
111 silly reify mark deleted [ '/Users/mac/Desktop/accezz-supabase/node_modules/@img/sharp-wasm32' ]
112 verbose reify failed optional dependency /Users/mac/Desktop/accezz-supabase/node_modules/@emnapi/runtime
113 silly reify mark deleted [ '/Users/mac/Desktop/accezz-supabase/node_modules/@emnapi/runtime' ]
114 verbose reify failed optional dependency /Users/mac/Desktop/accezz-supabase/node_modules/@img/sharp-linuxmusl-x64
115 silly reify mark deleted [
115 silly reify   '/Users/mac/Desktop/accezz-supabase/node_modules/@img/sharp-linuxmusl-x64'
115 silly reify ]
116 verbose reify failed optional dependency /Users/mac/Desktop/accezz-supabase/node_modules/@img/sharp-linuxmusl-arm64
117 silly reify mark deleted [
117 silly reify   '/Users/mac/Desktop/accezz-supabase/node_modules/@img/sharp-linuxmusl-arm64'
117 silly reify ]
118 verbose reify failed optional dependency /Users/mac/Desktop/accezz-supabase/node_modules/@img/sharp-linux-x64
119 silly reify mark deleted [
119 silly reify   '/Users/mac/Desktop/accezz-supabase/node_modules/@img/sharp-linux-x64'
119 silly reify ]
120 verbose reify failed optional dependency /Users/mac/Desktop/accezz-supabase/node_modules/@img/sharp-linux-s390x
121 silly reify mark deleted [
121 silly reify   '/Users/mac/Desktop/accezz-supabase/node_modules/@img/sharp-linux-s390x'
121 silly reify ]
122 verbose reify failed optional dependency /Users/mac/Desktop/accezz-supabase/node_modules/@img/sharp-linux-arm64
123 silly reify mark deleted [
123 silly reify   '/Users/mac/Desktop/accezz-supabase/node_modules/@img/sharp-linux-arm64'
123 silly reify ]
124 verbose reify failed optional dependency /Users/mac/Desktop/accezz-supabase/node_modules/@img/sharp-linux-arm
125 silly reify mark deleted [
125 silly reify   '/Users/mac/Desktop/accezz-supabase/node_modules/@img/sharp-linux-arm'
125 silly reify ]
126 verbose reify failed optional dependency /Users/mac/Desktop/accezz-supabase/node_modules/@img/sharp-libvips-linuxmusl-x64
127 silly reify mark deleted [
127 silly reify   '/Users/mac/Desktop/accezz-supabase/node_modules/@img/sharp-libvips-linuxmusl-x64'
127 silly reify ]
128 verbose reify failed optional dependency /Users/mac/Desktop/accezz-supabase/node_modules/@img/sharp-libvips-linuxmusl-arm64
129 silly reify mark deleted [
129 silly reify   '/Users/mac/Desktop/accezz-supabase/node_modules/@img/sharp-libvips-linuxmusl-arm64'
129 silly reify ]
130 verbose reify failed optional dependency /Users/mac/Desktop/accezz-supabase/node_modules/@img/sharp-libvips-linux-x64
131 silly reify mark deleted [
131 silly reify   '/Users/mac/Desktop/accezz-supabase/node_modules/@img/sharp-libvips-linux-x64'
131 silly reify ]
132 verbose reify failed optional dependency /Users/mac/Desktop/accezz-supabase/node_modules/@img/sharp-libvips-linux-s390x
133 silly reify mark deleted [
133 silly reify   '/Users/mac/Desktop/accezz-supabase/node_modules/@img/sharp-libvips-linux-s390x'
133 silly reify ]
134 verbose reify failed optional dependency /Users/mac/Desktop/accezz-supabase/node_modules/@img/sharp-libvips-linux-ppc64
135 silly reify mark deleted [
135 silly reify   '/Users/mac/Desktop/accezz-supabase/node_modules/@img/sharp-libvips-linux-ppc64'
135 silly reify ]
136 verbose reify failed optional dependency /Users/mac/Desktop/accezz-supabase/node_modules/@img/sharp-libvips-linux-arm64
137 silly reify mark deleted [
137 silly reify   '/Users/mac/Desktop/accezz-supabase/node_modules/@img/sharp-libvips-linux-arm64'
137 silly reify ]
138 verbose reify failed optional dependency /Users/mac/Desktop/accezz-supabase/node_modules/@img/sharp-libvips-linux-arm
139 silly reify mark deleted [
139 silly reify   '/Users/mac/Desktop/accezz-supabase/node_modules/@img/sharp-libvips-linux-arm'
139 silly reify ]
140 verbose reify failed optional dependency /Users/mac/Desktop/accezz-supabase/node_modules/@img/sharp-libvips-darwin-arm64
141 silly reify mark deleted [
141 silly reify   '/Users/mac/Desktop/accezz-supabase/node_modules/@img/sharp-libvips-darwin-arm64'
141 silly reify ]
142 verbose reify failed optional dependency /Users/mac/Desktop/accezz-supabase/node_modules/@img/sharp-darwin-arm64
143 silly reify mark deleted [
143 silly reify   '/Users/mac/Desktop/accezz-supabase/node_modules/@img/sharp-darwin-arm64'
143 silly reify ]
144 http cache ws@https://registry.npmjs.org/ws/-/ws-8.18.3.tgz 0ms (cache hit)
145 http cache @types/phoenix@https://registry.npmjs.org/@types/phoenix/-/phoenix-1.6.6.tgz 0ms (cache hit)
146 http cache @types/ws@https://registry.npmjs.org/@types/ws/-/ws-8.18.1.tgz 0ms (cache hit)
147 http cache @supabase/storage-js@https://registry.npmjs.org/@supabase/storage-js/-/storage-js-2.78.0.tgz 0ms (cache hit)
148 http cache @supabase/realtime-js@https://registry.npmjs.org/@supabase/realtime-js/-/realtime-js-2.78.0.tgz 0ms (cache hit)
149 http cache @supabase/node-fetch@https://registry.npmjs.org/@supabase/node-fetch/-/node-fetch-2.6.15.tgz 0ms (cache hit)
150 http cache @supabase/postgrest-js@https://registry.npmjs.org/@supabase/postgrest-js/-/postgrest-js-2.78.0.tgz 0ms (cache hit)
151 http cache @supabase/functions-js@https://registry.npmjs.org/@supabase/functions-js/-/functions-js-2.78.0.tgz 0ms (cache hit)
152 http cache @supabase/auth-js@https://registry.npmjs.org/@supabase/auth-js/-/auth-js-2.78.0.tgz 0ms (cache hit)
153 http cache @emnapi/runtime@https://registry.npmjs.org/@emnapi/runtime/-/runtime-1.4.3.tgz 0ms (cache hit)
154 http cache @supabase/supabase-js@https://registry.npmjs.org/@supabase/supabase-js/-/supabase-js-2.78.0.tgz 0ms (cache hit)
155 http cache webidl-conversions@https://registry.npmjs.org/webidl-conversions/-/webidl-conversions-3.0.1.tgz 0ms (cache hit)
156 http cache tr46@https://registry.npmjs.org/tr46/-/tr46-0.0.3.tgz 0ms (cache hit)
157 http cache whatwg-url@https://registry.npmjs.org/whatwg-url/-/whatwg-url-5.0.0.tgz 0ms (cache hit)
158 silly tarball no local data for ws@https://registry.npmjs.org/ws/-/ws-8.18.3.tgz. Extracting by manifest.
159 silly tarball no local data for @types/phoenix@https://registry.npmjs.org/@types/phoenix/-/phoenix-1.6.6.tgz. Extracting by manifest.
160 silly tarball no local data for @types/ws@https://registry.npmjs.org/@types/ws/-/ws-8.18.1.tgz. Extracting by manifest.
161 silly tarball no local data for @supabase/storage-js@https://registry.npmjs.org/@supabase/storage-js/-/storage-js-2.78.0.tgz. Extracting by manifest.
162 silly tarball no local data for @supabase/realtime-js@https://registry.npmjs.org/@supabase/realtime-js/-/realtime-js-2.78.0.tgz. Extracting by manifest.
163 silly tarball no local data for @supabase/node-fetch@https://registry.npmjs.org/@supabase/node-fetch/-/node-fetch-2.6.15.tgz. Extracting by manifest.
164 silly tarball no local data for @supabase/postgrest-js@https://registry.npmjs.org/@supabase/postgrest-js/-/postgrest-js-2.78.0.tgz. Extracting by manifest.
165 silly tarball no local data for @supabase/functions-js@https://registry.npmjs.org/@supabase/functions-js/-/functions-js-2.78.0.tgz. Extracting by manifest.
166 silly tarball no local data for @supabase/auth-js@https://registry.npmjs.org/@supabase/auth-js/-/auth-js-2.78.0.tgz. Extracting by manifest.
167 silly tarball no local data for @emnapi/runtime@https://registry.npmjs.org/@emnapi/runtime/-/runtime-1.4.3.tgz. Extracting by manifest.
168 silly tarball no local data for @supabase/supabase-js@https://registry.npmjs.org/@supabase/supabase-js/-/supabase-js-2.78.0.tgz. Extracting by manifest.
169 silly tarball no local data for webidl-conversions@https://registry.npmjs.org/webidl-conversions/-/webidl-conversions-3.0.1.tgz. Extracting by manifest.
170 silly tarball no local data for tr46@https://registry.npmjs.org/tr46/-/tr46-0.0.3.tgz. Extracting by manifest.
171 silly tarball no local data for whatwg-url@https://registry.npmjs.org/whatwg-url/-/whatwg-url-5.0.0.tgz. Extracting by manifest.
172 http fetch GET 200 https://registry.npmjs.org/@types/phoenix/-/phoenix-1.6.6.tgz 283ms (cache miss)
173 http fetch GET 200 https://registry.npmjs.org/ws/-/ws-8.18.3.tgz 302ms (cache miss)
174 http fetch GET 200 https://registry.npmjs.org/@types/ws/-/ws-8.18.1.tgz 331ms (cache miss)
175 http fetch POST 200 https://registry.npmjs.org/-/npm/v1/security/advisories/bulk 413ms
176 silly audit report {
176 silly audit report   axios: [
176 silly audit report     {
176 silly audit report       id: 1108263,
176 silly audit report       url: 'https://github.com/advisories/GHSA-4hjh-wcwx-xvwj',
176 silly audit report       title: 'Axios is vulnerable to DoS attack through lack of data size check',
176 silly audit report       severity: 'high',
176 silly audit report       vulnerable_versions: '>=1.0.0 <1.12.0',
176 silly audit report       cwe: [Array],
176 silly audit report       cvss: [Object]
176 silly audit report     }
176 silly audit report   ],
176 silly audit report   'form-data': [
176 silly audit report     {
176 silly audit report       id: 1106507,
176 silly audit report       url: 'https://github.com/advisories/GHSA-fjxv-7rqg-78g4',
176 silly audit report       title: 'form-data uses unsafe random function in form-data for choosing boundary',
176 silly audit report       severity: 'critical',
176 silly audit report       vulnerable_versions: '>=4.0.0 <4.0.4',
176 silly audit report       cwe: [Array],
176 silly audit report       cvss: [Object]
176 silly audit report     }
176 silly audit report   ],
176 silly audit report   jspdf: [
176 silly audit report     {
176 silly audit report       id: 1107412,
176 silly audit report       url: 'https://github.com/advisories/GHSA-8mvj-3j78-4qmw',
176 silly audit report       title: 'jsPDF Denial of Service (DoS)',
176 silly audit report       severity: 'high',
176 silly audit report       vulnerable_versions: '<=3.0.1',
176 silly audit report       cwe: [Array],
176 silly audit report       cvss: [Object]
176 silly audit report     }
176 silly audit report   ],
176 silly audit report   next: [
176 silly audit report     {
176 silly audit report       id: 1107228,
176 silly audit report       url: 'https://github.com/advisories/GHSA-g5qg-72qw-gw5v',
176 silly audit report       title: 'Next.js Affected by Cache Key Confusion for Image Optimization API Routes',
176 silly audit report       severity: 'moderate',
176 silly audit report       vulnerable_versions: '>=15.0.0 <=15.4.4',
176 silly audit report       cwe: [Array],
176 silly audit report       cvss: [Object]
176 silly audit report     },
176 silly audit report     {
176 silly audit report       id: 1107514,
176 silly audit report       url: 'https://github.com/advisories/GHSA-xv57-4mr9-wg8v',
176 silly audit report       title: 'Next.js Content Injection Vulnerability for Image Optimization',
176 silly audit report       severity: 'moderate',
176 silly audit report       vulnerable_versions: '>=15.0.0 <=15.4.4',
176 silly audit report       cwe: [Array],
176 silly audit report       cvss: [Object]
176 silly audit report     },
176 silly audit report     {
176 silly audit report       id: 1107515,
176 silly audit report       url: 'https://github.com/advisories/GHSA-4342-x723-ch2f',
176 silly audit report       title: 'Next.js Improper Middleware Redirect Handling Leads to SSRF',
176 silly audit report       severity: 'moderate',
176 silly audit report       vulnerable_versions: '>=15.0.0-canary.0 <15.4.7',
176 silly audit report       cwe: [Array],
176 silly audit report       cvss: [Object]
176 silly audit report     }
176 silly audit report   ]
176 silly audit report }
177 silly packumentCache corgi:https://registry.npmjs.org/axios cache-miss
178 silly packumentCache corgi:https://registry.npmjs.org/form-data cache-miss
179 silly packumentCache corgi:https://registry.npmjs.org/jspdf cache-miss
180 silly packumentCache corgi:https://registry.npmjs.org/next cache-miss
181 http fetch GET 200 https://registry.npmjs.org/@supabase/realtime-js/-/realtime-js-2.78.0.tgz 404ms (cache miss)
182 http fetch GET 200 https://registry.npmjs.org/@supabase/storage-js/-/storage-js-2.78.0.tgz 455ms (cache miss)
183 http fetch GET 200 https://registry.npmjs.org/form-data 316ms (cache miss)
184 silly packumentCache corgi:https://registry.npmjs.org/form-data set size:undefined disposed:false
185 http fetch GET 200 https://registry.npmjs.org/jspdf 324ms (cache miss)
186 silly packumentCache corgi:https://registry.npmjs.org/jspdf set size:undefined disposed:false
187 http fetch GET 200 https://registry.npmjs.org/axios 330ms (cache miss)
188 silly packumentCache corgi:https://registry.npmjs.org/axios set size:undefined disposed:false
189 http fetch GET 200 https://registry.npmjs.org/webidl-conversions/-/webidl-conversions-3.0.1.tgz 923ms (cache miss)
190 http fetch GET 200 https://registry.npmjs.org/whatwg-url/-/whatwg-url-5.0.0.tgz 926ms (cache miss)
191 http fetch GET 200 https://registry.npmjs.org/@supabase/functions-js/-/functions-js-2.78.0.tgz 936ms (cache miss)
192 http fetch GET 200 https://registry.npmjs.org/@supabase/supabase-js/-/supabase-js-2.78.0.tgz 987ms (cache miss)
193 http fetch GET 200 https://registry.npmjs.org/@emnapi/runtime/-/runtime-1.4.3.tgz 1071ms (cache miss)
194 http fetch GET 200 https://registry.npmjs.org/@supabase/node-fetch/-/node-fetch-2.6.15.tgz 1091ms (cache miss)
195 http fetch GET 200 https://registry.npmjs.org/tr46/-/tr46-0.0.3.tgz 1091ms (cache miss)
196 http fetch GET 200 https://registry.npmjs.org/@supabase/postgrest-js/-/postgrest-js-2.78.0.tgz 1153ms (cache miss)
197 http fetch GET 200 https://registry.npmjs.org/@supabase/auth-js/-/auth-js-2.78.0.tgz 1353ms (cache miss)
198 http fetch GET 200 https://registry.npmjs.org/next 1854ms (cache miss)
199 silly packumentCache corgi:https://registry.npmjs.org/next set size:undefined disposed:false
200 silly packumentCache corgi:https://registry.npmjs.org/@ducanh2912%2fnext-pwa cache-miss
201 silly packumentCache corgi:https://registry.npmjs.org/next-pwa cache-miss
202 http fetch GET 200 https://registry.npmjs.org/next-pwa 937ms (cache miss)
203 silly packumentCache corgi:https://registry.npmjs.org/next-pwa set size:undefined disposed:false
204 http fetch GET 200 https://registry.npmjs.org/@ducanh2912%2fnext-pwa 1343ms (cache miss)
205 silly packumentCache corgi:https://registry.npmjs.org/@ducanh2912%2fnext-pwa set size:undefined disposed:false
206 silly ADD node_modules/ws
207 silly ADD node_modules/@types/ws
208 silly ADD node_modules/@types/phoenix
209 silly ADD node_modules/@supabase/storage-js
210 silly ADD node_modules/@supabase/realtime-js
211 silly ADD node_modules/@supabase/postgrest-js
212 silly ADD node_modules/@supabase/node-fetch
213 silly ADD node_modules/@supabase/node-fetch/node_modules/webidl-conversions
214 silly ADD node_modules/@supabase/node-fetch/node_modules/tr46
215 silly ADD node_modules/@supabase/node-fetch/node_modules/whatwg-url
216 silly ADD node_modules/@supabase/functions-js
217 silly ADD node_modules/@supabase/auth-js
218 silly ADD node_modules/@supabase/supabase-js
219 silly ADD
220 silly ADD
221 silly ADD
222 silly ADD
223 silly ADD
224 silly ADD
225 silly ADD
226 silly ADD
227 silly ADD
228 silly ADD
229 silly ADD
230 silly ADD
231 silly ADD
232 silly ADD
233 silly ADD
234 silly ADD
235 silly ADD
236 silly ADD
237 silly ADD
238 silly ADD
239 silly ADD
240 silly ADD
241 silly ADD
242 silly ADD
243 silly ADD
244 silly ADD
245 silly ADD
246 verbose cwd /Users/mac/Desktop/accezz-supabase
247 verbose os Darwin 24.6.0
248 verbose node v22.20.0
249 verbose npm  v10.9.3
250 notice
250 notice New major version of npm available! 10.9.3 -> 11.6.2
250 notice Changelog: https://github.com/npm/cli/releases/tag/v11.6.2
250 notice To update run: npm install -g npm@11.6.2
250 notice  { force: true, [Symbol(proc-log.meta)]: true }
251 verbose exit 0
252 info ok
