0 verbose cli /usr/local/bin/node /usr/local/bin/npm
1 info using npm@10.9.3
2 info using node@v22.20.0
3 silly config load:file:/usr/local/lib/node_modules/npm/npmrc
4 silly config load:file:/Users/mac/Desktop/accezz-supabase/.npmrc
5 silly config load:file:/Users/mac/.npmrc
6 silly config load:file:/usr/local/etc/npmrc
7 verbose title npm i @vercel/analytics
8 verbose argv "i" "@vercel/analytics"
9 verbose logfile logs-max:10 dir:/Users/mac/Desktop/accezz-supabase/.npm-cache/_logs/2025-11-03T17_15_56_031Z-
10 verbose logfile /Users/mac/Desktop/accezz-supabase/.npm-cache/_logs/2025-11-03T17_15_56_031Z-debug-0.log
11 silly logfile start cleaning logs, removing 1 files
12 silly packumentCache heap:4345298944 maxSize:1086324736 maxEntrySize:543162368
13 silly logfile done cleaning log files
14 silly idealTree buildDeps
15 silly fetch manifest @vercel/analytics@*
16 silly packumentCache full:https://registry.npmjs.org/@vercel%2fanalytics cache-miss
17 http fetch GET 200 https://registry.npmjs.org/@vercel%2fanalytics 980ms (cache miss)
18 silly packumentCache full:https://registry.npmjs.org/@vercel%2fanalytics set size:undefined disposed:false
19 silly fetch manifest @remix-run/react@^2
20 silly packumentCache full:https://registry.npmjs.org/@remix-run%2freact cache-miss
21 http fetch GET 200 https://registry.npmjs.org/@remix-run%2freact 605ms (cache miss)
22 silly packumentCache full:https://registry.npmjs.org/@remix-run%2freact set size:undefined disposed:false
23 silly fetch manifest react@^18.2.0
24 silly packumentCache full:https://registry.npmjs.org/react cache-miss
25 http fetch GET 200 https://registry.npmjs.org/react 222ms (cache revalidated)
26 silly packumentCache full:https://registry.npmjs.org/react set size:6220657 disposed:false
27 silly fetch manifest react-dom@^18.2.0
28 silly packumentCache full:https://registry.npmjs.org/react-dom cache-miss
29 http fetch GET 200 https://registry.npmjs.org/react-dom 567ms (cache miss)
30 silly packumentCache full:https://registry.npmjs.org/react-dom set size:undefined disposed:false
31 silly fetch manifest typescript@^5
32 silly packumentCache full:https://registry.npmjs.org/typescript cache-miss
33 http fetch GET 200 https://registry.npmjs.org/typescript 572ms (cache miss)
34 silly packumentCache full:https://registry.npmjs.org/typescript set size:undefined disposed:false
35 silly fetch manifest @sveltejs/kit@^1 || ^2
36 silly packumentCache full:https://registry.npmjs.org/@sveltejs%2fkit cache-miss
37 http fetch GET 200 https://registry.npmjs.org/@sveltejs%2fkit 288ms (cache miss)
38 silly packumentCache full:https://registry.npmjs.org/@sveltejs%2fkit set size:undefined disposed:false
39 silly fetch manifest @opentelemetry/api@^1.0.0
40 silly packumentCache full:https://registry.npmjs.org/@opentelemetry%2fapi cache-miss
41 http fetch GET 200 https://registry.npmjs.org/@opentelemetry%2fapi 234ms (cache miss)
42 silly packumentCache full:https://registry.npmjs.org/@opentelemetry%2fapi set size:undefined disposed:false
43 silly fetch manifest @sveltejs/vite-plugin-svelte@^3.0.0 || ^4.0.0-next.1 || ^5.0.0 || ^6.0.0-next.0
44 silly packumentCache full:https://registry.npmjs.org/@sveltejs%2fvite-plugin-svelte cache-miss
45 http fetch GET 200 https://registry.npmjs.org/@sveltejs%2fvite-plugin-svelte 262ms (cache miss)
46 silly packumentCache full:https://registry.npmjs.org/@sveltejs%2fvite-plugin-svelte set size:undefined disposed:false
47 silly fetch manifest svelte@^5.0.0
48 silly packumentCache full:https://registry.npmjs.org/svelte cache-miss
49 http fetch GET 200 https://registry.npmjs.org/svelte 306ms (cache miss)
50 silly packumentCache full:https://registry.npmjs.org/svelte set size:undefined disposed:false
51 silly fetch manifest vite@^6.3.0 || ^7.0.0
52 silly packumentCache full:https://registry.npmjs.org/vite cache-miss
53 http fetch GET 200 https://registry.npmjs.org/vite 1284ms (cache miss)
54 silly packumentCache full:https://registry.npmjs.org/vite set size:undefined disposed:false
55 silly fetch manifest @types/node@^20.19.0 || >=22.12.0
56 silly packumentCache full:https://registry.npmjs.org/@types%2fnode cache-miss
57 http fetch GET 200 https://registry.npmjs.org/@types%2fnode 517ms (cache miss)
58 silly packumentCache full:https://registry.npmjs.org/@types%2fnode set size:undefined disposed:false
59 silly fetch manifest jiti@>=1.21.0
60 silly packumentCache full:https://registry.npmjs.org/jiti cache-miss
61 http fetch GET 200 https://registry.npmjs.org/jiti 232ms (cache miss)
62 silly packumentCache full:https://registry.npmjs.org/jiti set size:undefined disposed:false
63 silly fetch manifest less@^4.0.0
64 silly packumentCache full:https://registry.npmjs.org/less cache-miss
65 http fetch GET 200 https://registry.npmjs.org/less 209ms (cache miss)
66 silly packumentCache full:https://registry.npmjs.org/less set size:undefined disposed:false
67 silly fetch manifest lightningcss@^1.21.0
68 silly packumentCache full:https://registry.npmjs.org/lightningcss cache-miss
69 http fetch GET 200 https://registry.npmjs.org/lightningcss 200ms (cache miss)
70 silly packumentCache full:https://registry.npmjs.org/lightningcss set size:undefined disposed:false
71 silly fetch manifest sass@^1.70.0
72 silly packumentCache full:https://registry.npmjs.org/sass cache-miss
73 http fetch GET 200 https://registry.npmjs.org/sass 239ms (cache miss)
74 silly packumentCache full:https://registry.npmjs.org/sass set size:undefined disposed:false
75 silly fetch manifest sass-embedded@^1.70.0
76 silly packumentCache full:https://registry.npmjs.org/sass-embedded cache-miss
77 http fetch GET 200 https://registry.npmjs.org/sass-embedded 194ms (cache miss)
78 silly packumentCache full:https://registry.npmjs.org/sass-embedded set size:undefined disposed:false
79 silly fetch manifest stylus@>=0.54.8
80 silly packumentCache full:https://registry.npmjs.org/stylus cache-miss
81 http fetch GET 200 https://registry.npmjs.org/stylus 202ms (cache miss)
82 silly packumentCache full:https://registry.npmjs.org/stylus set size:undefined disposed:false
83 silly fetch manifest sugarss@^5.0.0
84 silly packumentCache full:https://registry.npmjs.org/sugarss cache-miss
85 http fetch GET 200 https://registry.npmjs.org/sugarss 194ms (cache miss)
86 silly packumentCache full:https://registry.npmjs.org/sugarss set size:undefined disposed:false
87 silly fetch manifest postcss@^8.3.3
88 silly packumentCache full:https://registry.npmjs.org/postcss cache-miss
89 http fetch GET 200 https://registry.npmjs.org/postcss 305ms (cache miss)
90 silly packumentCache full:https://registry.npmjs.org/postcss set size:undefined disposed:false
91 silly fetch manifest terser@^5.16.0
92 silly packumentCache full:https://registry.npmjs.org/terser cache-miss
93 http fetch GET 200 https://registry.npmjs.org/terser 211ms (cache miss)
94 silly packumentCache full:https://registry.npmjs.org/terser set size:undefined disposed:false
95 silly fetch manifest tsx@^4.8.1
96 silly packumentCache full:https://registry.npmjs.org/tsx cache-miss
97 http fetch GET 200 https://registry.npmjs.org/tsx 211ms (cache miss)
98 silly packumentCache full:https://registry.npmjs.org/tsx set size:undefined disposed:false
99 silly fetch manifest yaml@^2.4.2
100 silly packumentCache full:https://registry.npmjs.org/yaml cache-miss
101 http fetch GET 200 https://registry.npmjs.org/yaml 195ms (cache miss)
102 silly packumentCache full:https://registry.npmjs.org/yaml set size:undefined disposed:false
103 silly fetch manifest next@^15.3.3
104 silly packumentCache full:https://registry.npmjs.org/next cache-miss
105 http fetch GET 200 https://registry.npmjs.org/next 786ms (cache miss)
106 silly packumentCache full:https://registry.npmjs.org/next set size:undefined disposed:false
107 silly fetch manifest @playwright/test@^1.51.1
108 silly packumentCache full:https://registry.npmjs.org/@playwright%2ftest cache-miss
109 http fetch GET 200 https://registry.npmjs.org/@playwright%2ftest 524ms (cache miss)
110 silly packumentCache full:https://registry.npmjs.org/@playwright%2ftest set size:undefined disposed:false
111 silly fetch manifest babel-plugin-react-compiler@*
112 silly packumentCache full:https://registry.npmjs.org/babel-plugin-react-compiler cache-miss
113 http fetch GET 200 https://registry.npmjs.org/babel-plugin-react-compiler 213ms (cache miss)
114 silly packumentCache full:https://registry.npmjs.org/babel-plugin-react-compiler set size:undefined disposed:false
115 silly fetch manifest vue@^3
116 silly packumentCache full:https://registry.npmjs.org/vue cache-miss
117 http fetch GET 200 https://registry.npmjs.org/vue 227ms (cache miss)
118 silly packumentCache full:https://registry.npmjs.org/vue set size:undefined disposed:false
119 silly fetch manifest vue-router@^4
120 silly packumentCache full:https://registry.npmjs.org/vue-router cache-miss
121 http fetch GET 200 https://registry.npmjs.org/vue-router 226ms (cache miss)
122 silly packumentCache full:https://registry.npmjs.org/vue-router set size:undefined disposed:false
123 silly placeDep ROOT @vercel/analytics@1.5.0 OK for: Accezz@0.2.0 want: *
124 silly reify moves {}
125 silly audit bulk request {
125 silly audit   '@alloc/quick-lru': [ '5.2.0' ],
125 silly audit   '@ampproject/remapping': [ '2.3.0' ],
125 silly audit   '@aws-crypto/sha256-browser': [ '5.2.0' ],
125 silly audit   '@smithy/is-array-buffer': [ '2.2.0', '4.2.0' ],
125 silly audit   '@smithy/util-buffer-from': [ '2.2.0', '4.2.0' ],
125 silly audit   '@smithy/util-utf8': [ '2.3.0', '4.2.0' ],
125 silly audit   '@aws-crypto/sha256-js': [ '5.2.0' ],
125 silly audit   '@aws-crypto/supports-web-crypto': [ '5.2.0' ],
125 silly audit   '@aws-crypto/util': [ '5.2.0' ],
125 silly audit   '@aws-sdk/client-sesv2': [ '3.922.0' ],
125 silly audit   '@aws-sdk/client-sso': [ '3.922.0' ],
125 silly audit   '@aws-sdk/core': [ '3.922.0' ],
125 silly audit   '@aws-sdk/credential-provider-env': [ '3.922.0' ],
125 silly audit   '@aws-sdk/credential-provider-http': [ '3.922.0' ],
125 silly audit   '@aws-sdk/credential-provider-ini': [ '3.922.0' ],
125 silly audit   '@aws-sdk/credential-provider-node': [ '3.922.0' ],
125 silly audit   '@aws-sdk/credential-provider-process': [ '3.922.0' ],
125 silly audit   '@aws-sdk/credential-provider-sso': [ '3.922.0' ],
125 silly audit   '@aws-sdk/credential-provider-web-identity': [ '3.922.0' ],
125 silly audit   '@aws-sdk/middleware-host-header': [ '3.922.0' ],
125 silly audit   '@aws-sdk/middleware-logger': [ '3.922.0' ],
125 silly audit   '@aws-sdk/middleware-recursion-detection': [ '3.922.0' ],
125 silly audit   '@aws-sdk/middleware-sdk-s3': [ '3.922.0' ],
125 silly audit   '@aws-sdk/middleware-user-agent': [ '3.922.0' ],
125 silly audit   '@aws-sdk/nested-clients': [ '3.922.0' ],
125 silly audit   '@aws-sdk/region-config-resolver': [ '3.922.0' ],
125 silly audit   '@aws-sdk/signature-v4-multi-region': [ '3.922.0' ],
125 silly audit   '@aws-sdk/token-providers': [ '3.922.0' ],
125 silly audit   '@aws-sdk/types': [ '3.922.0' ],
125 silly audit   '@aws-sdk/util-arn-parser': [ '3.893.0' ],
125 silly audit   '@aws-sdk/util-endpoints': [ '3.922.0' ],
125 silly audit   '@aws-sdk/util-locate-window': [ '3.893.0' ],
125 silly audit   '@aws-sdk/util-user-agent-browser': [ '3.922.0' ],
125 silly audit   '@aws-sdk/util-user-agent-node': [ '3.922.0' ],
125 silly audit   '@aws-sdk/xml-builder': [ '3.921.0' ],
125 silly audit   '@aws/lambda-invoke-store': [ '0.1.1' ],
125 silly audit   '@babel/code-frame': [ '7.27.1' ],
125 silly audit   '@babel/compat-data': [ '7.27.5' ],
125 silly audit   '@babel/core': [ '7.27.4' ],
125 silly audit   'convert-source-map': [ '2.0.0', '1.9.0' ],
125 silly audit   json5: [ '2.2.3', '1.0.2' ],
125 silly audit   semver: [ '6.3.1', '7.6.3', '7.7.2' ],
125 silly audit   '@babel/generator': [ '7.27.5' ],
125 silly audit   '@babel/helper-annotate-as-pure': [ '7.27.3' ],
125 silly audit   '@babel/helper-compilation-targets': [ '7.27.2' ],
125 silly audit   'lru-cache': [ '5.1.1', '10.4.3' ],
125 silly audit   '@babel/helper-create-class-features-plugin': [ '7.27.1' ],
125 silly audit   '@babel/helper-create-regexp-features-plugin': [ '7.27.1' ],
125 silly audit   '@babel/helper-define-polyfill-provider': [ '0.6.4' ],
125 silly audit   '@babel/helper-member-expression-to-functions': [ '7.27.1' ],
125 silly audit   '@babel/helper-module-imports': [ '7.27.1' ],
125 silly audit   '@babel/helper-module-transforms': [ '7.27.3' ],
125 silly audit   '@babel/helper-optimise-call-expression': [ '7.27.1' ],
125 silly audit   '@babel/helper-plugin-utils': [ '7.27.1' ],
125 silly audit   '@babel/helper-remap-async-to-generator': [ '7.27.1' ],
125 silly audit   '@babel/helper-replace-supers': [ '7.27.1' ],
125 silly audit   '@babel/helper-skip-transparent-expression-wrappers': [ '7.27.1' ],
125 silly audit   '@babel/helper-string-parser': [ '7.27.1' ],
125 silly audit   '@babel/helper-validator-identifier': [ '7.27.1' ],
125 silly audit   '@babel/helper-validator-option': [ '7.27.1' ],
125 silly audit   '@babel/helper-wrap-function': [ '7.27.1' ],
125 silly audit   '@babel/helpers': [ '7.27.4' ],
125 silly audit   '@babel/parser': [ '7.27.5' ],
125 silly audit   '@babel/plugin-bugfix-firefox-class-in-computed-class-key': [ '7.27.1' ],
125 silly audit   '@babel/plugin-bugfix-safari-class-field-initializer-scope': [ '7.27.1' ],
125 silly audit   '@babel/plugin-bugfix-safari-id-destructuring-collision-in-function-expression': [ '7.27.1' ],
125 silly audit   '@babel/plugin-bugfix-v8-spread-parameters-in-optional-chaining': [ '7.27.1' ],
125 silly audit   '@babel/plugin-bugfix-v8-static-class-fields-redefine-readonly': [ '7.27.1' ],
125 silly audit   '@babel/plugin-proposal-private-property-in-object': [ '7.21.0-placeholder-for-preset-env.2' ],
125 silly audit   '@babel/plugin-syntax-import-assertions': [ '7.27.1' ],
125 silly audit   '@babel/plugin-syntax-import-attributes': [ '7.27.1' ],
125 silly audit   '@babel/plugin-syntax-unicode-sets-regex': [ '7.18.6' ],
125 silly audit   '@babel/plugin-transform-arrow-functions': [ '7.27.1' ],
125 silly audit   '@babel/plugin-transform-async-generator-functions': [ '7.27.1' ],
125 silly audit   '@babel/plugin-transform-async-to-generator': [ '7.27.1' ],
125 silly audit   '@babel/plugin-transform-block-scoped-functions': [ '7.27.1' ],
125 silly audit   '@babel/plugin-transform-block-scoping': [ '7.27.5' ],
125 silly audit   '@babel/plugin-transform-class-properties': [ '7.27.1' ],
125 silly audit   '@babel/plugin-transform-class-static-block': [ '7.27.1' ],
125 silly audit   '@babel/plugin-transform-classes': [ '7.27.1' ],
125 silly audit   '@babel/plugin-transform-computed-properties': [ '7.27.1' ],
125 silly audit   '@babel/plugin-transform-destructuring': [ '7.27.3' ],
125 silly audit   '@babel/plugin-transform-dotall-regex': [ '7.27.1' ],
125 silly audit   '@babel/plugin-transform-duplicate-keys': [ '7.27.1' ],
125 silly audit   '@babel/plugin-transform-duplicate-named-capturing-groups-regex': [ '7.27.1' ],
125 silly audit   '@babel/plugin-transform-dynamic-import': [ '7.27.1' ],
125 silly audit   '@babel/plugin-transform-exponentiation-operator': [ '7.27.1' ],
125 silly audit   '@babel/plugin-transform-export-namespace-from': [ '7.27.1' ],
125 silly audit   '@babel/plugin-transform-for-of': [ '7.27.1' ],
125 silly audit   '@babel/plugin-transform-function-name': [ '7.27.1' ],
125 silly audit   '@babel/plugin-transform-json-strings': [ '7.27.1' ],
125 silly audit   '@babel/plugin-transform-literals': [ '7.27.1' ],
125 silly audit   '@babel/plugin-transform-logical-assignment-operators': [ '7.27.1' ],
125 silly audit   '@babel/plugin-transform-member-expression-literals': [ '7.27.1' ],
125 silly audit   '@babel/plugin-transform-modules-amd': [ '7.27.1' ],
125 silly audit   '@babel/plugin-transform-modules-commonjs': [ '7.27.1' ],
125 silly audit   '@babel/plugin-transform-modules-systemjs': [ '7.27.1' ],
125 silly audit   '@babel/plugin-transform-modules-umd': [ '7.27.1' ],
125 silly audit   '@babel/plugin-transform-named-capturing-groups-regex': [ '7.27.1' ],
125 silly audit   '@babel/plugin-transform-new-target': [ '7.27.1' ],
125 silly audit   '@babel/plugin-transform-nullish-coalescing-operator': [ '7.27.1' ],
125 silly audit   '@babel/plugin-transform-numeric-separator': [ '7.27.1' ],
125 silly audit   '@babel/plugin-transform-object-rest-spread': [ '7.27.3' ],
125 silly audit   '@babel/plugin-transform-object-super': [ '7.27.1' ],
125 silly audit   '@babel/plugin-transform-optional-catch-binding': [ '7.27.1' ],
125 silly audit   '@babel/plugin-transform-optional-chaining': [ '7.27.1' ],
125 silly audit   '@babel/plugin-transform-parameters': [ '7.27.1' ],
125 silly audit   '@babel/plugin-transform-private-methods': [ '7.27.1' ],
125 silly audit   '@babel/plugin-transform-private-property-in-object': [ '7.27.1' ],
125 silly audit   '@babel/plugin-transform-property-literals': [ '7.27.1' ],
125 silly audit   '@babel/plugin-transform-regenerator': [ '7.27.5' ],
125 silly audit   '@babel/plugin-transform-regexp-modifiers': [ '7.27.1' ],
125 silly audit   '@babel/plugin-transform-reserved-words': [ '7.27.1' ],
125 silly audit   '@babel/plugin-transform-shorthand-properties': [ '7.27.1' ],
125 silly audit   '@babel/plugin-transform-spread': [ '7.27.1' ],
125 silly audit   '@babel/plugin-transform-sticky-regex': [ '7.27.1' ],
125 silly audit   '@babel/plugin-transform-template-literals': [ '7.27.1' ],
125 silly audit   '@babel/plugin-transform-typeof-symbol': [ '7.27.1' ],
125 silly audit   '@babel/plugin-transform-unicode-escapes': [ '7.27.1' ],
125 silly audit   '@babel/plugin-transform-unicode-property-regex': [ '7.27.1' ],
125 silly audit   '@babel/plugin-transform-unicode-regex': [ '7.27.1' ],
125 silly audit   '@babel/plugin-transform-unicode-sets-regex': [ '7.27.1' ],
125 silly audit   '@babel/preset-env': [ '7.27.2' ],
125 silly audit   '@babel/preset-modules': [ '0.1.6-no-external-plugins' ],
125 silly audit   '@babel/runtime': [ '7.27.6' ],
125 silly audit   '@babel/template': [ '7.27.2' ],
125 silly audit   '@babel/traverse': [ '7.27.4' ],
125 silly audit   '@babel/types': [ '7.27.3' ],
125 silly audit   '@ducanh2912/next-pwa': [ '10.2.9' ],
125 silly audit   '@apideck/better-ajv-errors': [ '0.3.6' ],
125 silly audit   '@rollup/plugin-node-resolve': [ '15.3.1', '11.2.1' ],
125 silly audit   '@rollup/pluginutils': [ '5.2.0', '3.1.0' ],
125 silly audit   '@types/resolve': [ '1.20.2', '1.17.1' ],
125 silly audit   ajv: [ '8.17.1', '6.12.6' ],
125 silly audit   'estree-walker': [ '2.0.2', '1.0.1' ],
125 silly audit   'fast-glob': [ '3.3.2', '3.3.1' ],
125 silly audit   'glob-parent': [ '5.1.2', '6.0.2' ],
125 silly audit   'json-schema-traverse': [ '1.0.0', '0.4.1' ],
125 silly audit   picomatch: [ '4.0.2', '2.3.1' ],
125 silly audit   'source-map': [ '0.8.0-beta.0', '0.6.1', '0.5.7' ],
125 silly audit   'webpack-sources': [ '1.4.3', '3.2.3' ],
125 silly audit   'workbox-background-sync': [ '7.1.0', '6.6.0' ],
125 silly audit   'workbox-broadcast-update': [ '7.1.0', '6.6.0' ],
125 silly audit   'workbox-build': [ '7.1.1', '7.1.0', '6.6.0' ],
125 silly audit   'workbox-cacheable-response': [ '7.1.0', '6.6.0' ],
125 silly audit   'workbox-core': [ '7.1.0', '6.6.0' ],
125 silly audit   'workbox-expiration': [ '7.1.0', '6.6.0' ],
125 silly audit   'workbox-google-analytics': [ '7.1.0', '6.6.0' ],
125 silly audit   'workbox-navigation-preload': [ '7.1.0', '6.6.0' ],
125 silly audit   'workbox-precaching': [ '7.1.0', '6.6.0' ],
125 silly audit   'workbox-range-requests': [ '7.1.0', '6.6.0' ],
125 silly audit   'workbox-recipes': [ '7.1.0', '6.6.0' ],
125 silly audit   'workbox-routing': [ '7.1.0', '6.6.0' ],
125 silly audit   'workbox-strategies': [ '7.1.0', '6.6.0' ],
125 silly audit   'workbox-streams': [ '7.1.0', '6.6.0' ],
125 silly audit   'workbox-sw': [ '7.1.0', '6.6.0' ],
125 silly audit   'workbox-webpack-plugin': [ '7.1.0', '6.6.0' ],
125 silly audit   'workbox-window': [ '7.1.0', '6.6.0' ],
125 silly audit   '@emnapi/runtime': [ '1.4.3' ],
125 silly audit   '@emotion/babel-plugin': [ '11.13.5' ],
125 silly audit   '@emotion/cache': [ '11.14.0' ],
125 silly audit   '@emotion/hash': [ '0.9.2' ],
125 silly audit   '@emotion/is-prop-valid': [ '1.3.1' ],
125 silly audit   '@emotion/memoize': [ '0.9.0' ],
125 silly audit   '@emotion/react': [ '11.14.0' ],
125 silly audit   '@emotion/serialize': [ '1.3.3' ],
125 silly audit   '@emotion/sheet': [ '1.4.0' ],
125 silly audit   '@emotion/styled': [ '11.14.0' ],
125 silly audit   '@emotion/unitless': [ '0.10.0' ],
125 silly audit   '@emotion/use-insertion-effect-with-fallbacks': [ '1.2.0' ],
125 silly audit   '@emotion/utils': [ '1.4.2' ],
125 silly audit   '@emotion/weak-memoize': [ '0.4.0' ],
125 silly audit   '@eslint-community/eslint-utils': [ '4.4.1' ],
125 silly audit   '@eslint-community/regexpp': [ '4.12.1' ],
125 silly audit   '@eslint/eslintrc': [ '2.1.4' ],
125 silly audit   globals: [ '13.24.0', '11.12.0' ],
125 silly audit   '@eslint/js': [ '8.57.1' ],
125 silly audit   '@floating-ui/core': [ '1.6.8' ],
125 silly audit   '@floating-ui/dom': [ '1.6.12' ],
125 silly audit   '@floating-ui/react': [ '0.26.28' ],
125 silly audit   '@floating-ui/react-dom': [ '2.1.2' ],
125 silly audit   '@floating-ui/utils': [ '0.2.8' ],
125 silly audit   '@headlessui/react': [ '2.2.0' ],
125 silly audit   '@humanwhocodes/config-array': [ '0.13.0' ],
125 silly audit   '@humanwhocodes/module-importer': [ '1.0.1' ],
125 silly audit   '@humanwhocodes/object-schema': [ '2.0.3' ],
125 silly audit   '@img/sharp-darwin-arm64': [ '0.34.2' ],
125 silly audit   '@img/sharp-darwin-x64': [ '0.34.2' ],
125 silly audit   '@img/sharp-libvips-darwin-arm64': [ '1.1.0' ],
125 silly audit   '@img/sharp-libvips-darwin-x64': [ '1.1.0' ],
125 silly audit   '@img/sharp-libvips-linux-arm': [ '1.1.0' ],
125 silly audit   '@img/sharp-libvips-linux-arm64': [ '1.1.0' ],
125 silly audit   '@img/sharp-libvips-linux-ppc64': [ '1.1.0' ],
125 silly audit   '@img/sharp-libvips-linux-s390x': [ '1.1.0' ],
125 silly audit   '@img/sharp-libvips-linux-x64': [ '1.1.0' ],
125 silly audit   '@img/sharp-libvips-linuxmusl-arm64': [ '1.1.0' ],
125 silly audit   '@img/sharp-libvips-linuxmusl-x64': [ '1.1.0' ],
125 silly audit   '@img/sharp-linux-arm': [ '0.34.2' ],
125 silly audit   '@img/sharp-linux-arm64': [ '0.34.2' ],
125 silly audit   '@img/sharp-linux-s390x': [ '0.34.2' ],
125 silly audit   '@img/sharp-linux-x64': [ '0.34.2' ],
125 silly audit   '@img/sharp-linuxmusl-arm64': [ '0.34.2' ],
125 silly audit   '@img/sharp-linuxmusl-x64': [ '0.34.2' ],
125 silly audit   '@img/sharp-wasm32': [ '0.34.2' ],
125 silly audit   '@img/sharp-win32-arm64': [ '0.34.2' ],
125 silly audit   '@img/sharp-win32-ia32': [ '0.34.2' ],
125 silly audit   '@img/sharp-win32-x64': [ '0.34.2' ],
125 silly audit   '@isaacs/cliui': [ '8.0.2' ],
125 silly audit   'ansi-regex': [ '6.1.0', '5.0.1' ],
125 silly audit   'strip-ansi': [ '7.1.0', '6.0.1' ],
125 silly audit   '@jridgewell/gen-mapping': [ '0.3.8' ],
125 silly audit   '@jridgewell/resolve-uri': [ '3.1.2' ],
125 silly audit   '@jridgewell/set-array': [ '1.2.1' ],
125 silly audit   '@jridgewell/source-map': [ '0.3.6' ],
125 silly audit   '@jridgewell/sourcemap-codec': [ '1.5.0' ],
125 silly audit   '@jridgewell/trace-mapping': [ '0.3.25' ],
125 silly audit   '@kurkle/color': [ '0.3.4' ],
125 silly audit   '@mui/core-downloads-tracker': [ '6.4.11' ],
125 silly audit   '@mui/icons-material': [ '6.3.0' ],
125 silly audit   '@mui/material': [ '6.4.11' ],
125 silly audit   '@mui/private-theming': [ '6.4.9' ],
125 silly audit   '@mui/styled-engine': [ '6.4.11' ],
125 silly audit   '@mui/system': [ '6.4.11' ],
125 silly audit   '@mui/types': [ '7.2.24' ],
125 silly audit   '@mui/utils': [ '6.4.9' ],
125 silly audit   '@next/env': [ '15.3.3' ],
125 silly audit   '@next/eslint-plugin-next': [ '15.0.2' ],
125 silly audit   '@next/swc-darwin-arm64': [ '15.3.3' ],
125 silly audit   '@next/swc-darwin-x64': [ '15.3.3' ],
125 silly audit   '@next/swc-linux-arm64-gnu': [ '15.3.3' ],
125 silly audit   '@next/swc-linux-arm64-musl': [ '15.3.3' ],
125 silly audit   '@next/swc-linux-x64-gnu': [ '15.3.3' ],
125 silly audit   '@next/swc-linux-x64-musl': [ '15.3.3' ],
125 silly audit   '@next/swc-win32-arm64-msvc': [ '15.3.3' ],
125 silly audit   '@next/swc-win32-x64-msvc': [ '15.3.3' ],
125 silly audit   '@nodelib/fs.scandir': [ '2.1.5' ],
125 silly audit   '@nodelib/fs.stat': [ '2.0.5' ],
125 silly audit   '@nodelib/fs.walk': [ '1.2.8' ],
125 silly audit   '@nolyfill/is-core-module': [ '1.0.39' ],
125 silly audit   '@pkgjs/parseargs': [ '0.11.0' ],
125 silly audit   '@popperjs/core': [ '2.11.8' ],
125 silly audit   '@react-aria/focus': [ '3.19.0' ],
125 silly audit   '@react-aria/interactions': [ '3.22.5' ],
125 silly audit   '@react-aria/ssr': [ '3.9.7' ],
125 silly audit   '@react-aria/utils': [ '3.26.0' ],
125 silly audit   '@react-stately/utils': [ '3.10.5' ],
125 silly audit   '@react-types/shared': [ '3.26.0' ],
125 silly audit   '@remix-run/router': [ '1.21.0' ],
125 silly audit   '@rollup/plugin-babel': [ '5.3.1' ],
125 silly audit   '@rollup/plugin-replace': [ '2.4.2' ],
125 silly audit   '@rollup/plugin-terser': [ '0.4.4' ],
125 silly audit   '@types/estree': [ '0.0.39', '1.0.6' ],
125 silly audit   '@rtsao/scc': [ '1.1.0' ],
125 silly audit   '@rushstack/eslint-patch': [ '1.10.4' ],
125 silly audit   '@smithy/abort-controller': [ '4.2.4' ],
125 silly audit   '@smithy/config-resolver': [ '4.4.1' ],
125 silly audit   '@smithy/core': [ '3.17.2' ],
125 silly audit   '@smithy/credential-provider-imds': [ '4.2.4' ],
125 silly audit   '@smithy/fetch-http-handler': [ '5.3.5' ],
125 silly audit   '@smithy/hash-node': [ '4.2.4' ],
125 silly audit   '@smithy/invalid-dependency': [ '4.2.4' ],
125 silly audit   '@smithy/middleware-content-length': [ '4.2.4' ],
125 silly audit   '@smithy/middleware-endpoint': [ '4.3.6' ],
125 silly audit   '@smithy/middleware-retry': [ '4.4.6' ],
125 silly audit   '@smithy/middleware-serde': [ '4.2.4' ],
125 silly audit   '@smithy/middleware-stack': [ '4.2.4' ],
125 silly audit   '@smithy/node-config-provider': [ '4.3.4' ],
125 silly audit   '@smithy/node-http-handler': [ '4.4.4' ],
125 silly audit   '@smithy/property-provider': [ '4.2.4' ],
125 silly audit   '@smithy/protocol-http': [ '5.3.4' ],
125 silly audit   '@smithy/querystring-builder': [ '4.2.4' ],
125 silly audit   '@smithy/querystring-parser': [ '4.2.4' ],
125 silly audit   '@smithy/service-error-classification': [ '4.2.4' ],
125 silly audit   '@smithy/shared-ini-file-loader': [ '4.3.4' ],
125 silly audit   '@smithy/signature-v4': [ '5.3.4' ],
125 silly audit   '@smithy/smithy-client': [ '4.9.2' ],
125 silly audit   '@smithy/types': [ '4.8.1' ],
125 silly audit   '@smithy/url-parser': [ '4.2.4' ],
125 silly audit   '@smithy/util-base64': [ '4.3.0' ],
125 silly audit   '@smithy/util-body-length-browser': [ '4.2.0' ],
125 silly audit   '@smithy/util-body-length-node': [ '4.2.1' ],
125 silly audit   '@smithy/util-config-provider': [ '4.2.0' ],
125 silly audit   '@smithy/util-defaults-mode-browser': [ '4.3.5' ],
125 silly audit   '@smithy/util-defaults-mode-node': [ '4.2.7' ],
125 silly audit   '@smithy/util-endpoints': [ '3.2.4' ],
125 silly audit   '@smithy/util-hex-encoding': [ '4.2.0' ],
125 silly audit   '@smithy/util-middleware': [ '4.2.4' ],
125 silly audit   '@smithy/util-retry': [ '4.2.4' ],
125 silly audit   '@smithy/util-stream': [ '4.5.5' ],
125 silly audit   '@smithy/util-uri-escape': [ '4.2.0' ],
125 silly audit   '@smithy/uuid': [ '1.1.0' ],
125 silly audit   '@supabase/auth-js': [ '2.78.0' ],
125 silly audit   '@supabase/functions-js': [ '2.78.0' ],
125 silly audit   '@supabase/node-fetch': [ '2.6.15' ],
125 silly audit   tr46: [ '0.0.3', '1.0.1' ],
125 silly audit   'webidl-conversions': [ '3.0.1', '4.0.2' ],
125 silly audit   'whatwg-url': [ '5.0.0', '7.1.0' ],
125 silly audit   '@supabase/postgrest-js': [ '2.78.0' ],
125 silly audit   '@supabase/realtime-js': [ '2.78.0' ],
125 silly audit   '@supabase/storage-js': [ '2.78.0' ],
125 silly audit   '@supabase/supabase-js': [ '2.78.0' ],
125 silly audit   '@surma/rollup-plugin-off-main-thread': [ '2.2.3' ],
125 silly audit   '@swc/counter': [ '0.1.3' ],
125 silly audit   '@swc/helpers': [ '0.5.15' ],
125 silly audit   '@tanstack/query-core': [ '5.80.7' ],
125 silly audit   '@tanstack/react-query': [ '5.80.7' ],
125 silly audit   '@tanstack/react-virtual': [ '3.11.2' ],
125 silly audit   '@tanstack/virtual-core': [ '3.11.2' ],
125 silly audit   '@types/eslint': [ '9.6.1' ],
125 silly audit   '@types/eslint-scope': [ '3.7.7' ],
125 silly audit   '@types/glob': [ '7.2.0' ],
125 silly audit   '@types/json-schema': [ '7.0.15' ],
125 silly audit   '@types/json5': [ '0.0.29' ],
125 silly audit   '@types/minimatch': [ '5.1.2' ],
125 silly audit   '@types/node': [ '20.17.10' ],
125 silly audit   '@types/nodemailer': [ '7.0.3' ],
125 silly audit   '@types/parse-json': [ '4.0.2' ],
125 silly audit   '@types/phoenix': [ '1.6.6' ],
125 silly audit   '@types/prop-types': [ '15.7.14' ],
125 silly audit   '@types/qrcode': [ '1.5.6' ],
125 silly audit   '@types/raf': [ '3.4.3' ],
125 silly audit   '@types/react': [ '18.3.18' ],
125 silly audit   '@types/react-calendar': [ '4.1.0' ],
125 silly audit   '@types/react-transition-group': [ '4.4.12' ],
125 silly audit   '@types/trusted-types': [ '2.0.7' ],
125 silly audit   '@types/webpack': [ '5.28.5' ],
125 silly audit   '@types/ws': [ '8.18.1' ],
125 silly audit   '@typescript-eslint/eslint-plugin': [ '8.18.2' ],
125 silly audit   '@typescript-eslint/parser': [ '8.18.2' ],
125 silly audit   '@typescript-eslint/scope-manager': [ '8.18.2' ],
125 silly audit   '@typescript-eslint/type-utils': [ '8.18.2' ],
125 silly audit   '@typescript-eslint/types': [ '8.18.2' ],
125 silly audit   '@typescript-eslint/typescript-estree': [ '8.18.2' ],
125 silly audit   'brace-expansion': [ '2.0.2', '1.1.12' ],
125 silly audit   minimatch: [ '9.0.5', '5.1.6', '3.1.2' ],
125 silly audit   '@typescript-eslint/utils': [ '8.18.2' ],
125 silly audit   '@typescript-eslint/visitor-keys': [ '8.18.2' ],
125 silly audit   'eslint-visitor-keys': [ '4.2.0', '3.4.3' ],
125 silly audit   '@ungap/structured-clone': [ '1.2.1' ],
125 silly audit   '@webassemblyjs/ast': [ '1.14.1' ],
125 silly audit   '@webassemblyjs/floating-point-hex-parser': [ '1.13.2' ],
125 silly audit   '@webassemblyjs/helper-api-error': [ '1.13.2' ],
125 silly audit   '@webassemblyjs/helper-buffer': [ '1.14.1' ],
125 silly audit   '@webassemblyjs/helper-numbers': [ '1.13.2' ],
125 silly audit   '@webassemblyjs/helper-wasm-bytecode': [ '1.13.2' ],
125 silly audit   '@webassemblyjs/helper-wasm-section': [ '1.14.1' ],
125 silly audit   '@webassemblyjs/ieee754': [ '1.13.2' ],
125 silly audit   '@webassemblyjs/leb128': [ '1.13.2' ],
125 silly audit   '@webassemblyjs/utf8': [ '1.13.2' ],
125 silly audit   '@webassemblyjs/wasm-edit': [ '1.14.1' ],
125 silly audit   '@webassemblyjs/wasm-gen': [ '1.14.1' ],
125 silly audit   '@webassemblyjs/wasm-opt': [ '1.14.1' ],
125 silly audit   '@webassemblyjs/wasm-parser': [ '1.14.1' ],
125 silly audit   '@webassemblyjs/wast-printer': [ '1.14.1' ],
125 silly audit   '@wojtekmaj/date-utils': [ '1.5.1' ],
125 silly audit   '@xtuc/ieee754': [ '1.2.0' ],
125 silly audit   '@xtuc/long': [ '4.2.2' ],
125 silly audit   acorn: [ '8.14.0' ],
125 silly audit   'acorn-jsx': [ '5.3.2' ],
125 silly audit   'ajv-formats': [ '2.1.1' ],
125 silly audit   'ajv-keywords': [ '3.5.2', '5.1.0' ],
125 silly audit   'ansi-styles': [ '4.3.0', '6.2.1' ],
125 silly audit   'any-promise': [ '1.3.0' ],
125 silly audit   anymatch: [ '3.1.3' ],
125 silly audit   arg: [ '5.0.2' ],
125 silly audit   argparse: [ '2.0.1' ],
125 silly audit   'aria-query': [ '5.3.2' ],
125 silly audit   'array-buffer-byte-length': [ '1.0.2' ],
125 silly audit   'array-includes': [ '3.1.8' ],
125 silly audit   'array-union': [ '2.1.0', '1.0.2' ],
125 silly audit   'array-uniq': [ '1.0.3' ],
125 silly audit   'array.prototype.findlast': [ '1.2.5' ],
125 silly audit   'array.prototype.findlastindex': [ '1.2.5' ],
125 silly audit   'array.prototype.flat': [ '1.3.3' ],
125 silly audit   'array.prototype.flatmap': [ '1.3.3' ],
125 silly audit   'array.prototype.tosorted': [ '1.1.4' ],
125 silly audit   'arraybuffer.prototype.slice': [ '1.0.4' ],
125 silly audit   'ast-types-flow': [ '0.0.8' ],
125 silly audit   async: [ '3.2.6' ],
125 silly audit   asynckit: [ '0.4.0' ],
125 silly audit   'at-least-node': [ '1.0.0' ],
125 silly audit   atob: [ '2.1.2' ],
125 silly audit   'available-typed-arrays': [ '1.0.7' ],
125 silly audit   'axe-core': [ '4.10.2' ],
125 silly audit   axios: [ '1.10.0' ],
125 silly audit   'axobject-query': [ '4.1.0' ],
125 silly audit   'babel-loader': [ '8.4.1' ],
125 silly audit   'schema-utils': [ '2.7.1', '3.3.0', '4.3.0' ],
125 silly audit   'babel-plugin-macros': [ '3.1.0' ],
125 silly audit   'babel-plugin-polyfill-corejs2': [ '0.4.13' ],
125 silly audit   'babel-plugin-polyfill-corejs3': [ '0.11.1' ],
125 silly audit   'babel-plugin-polyfill-regenerator': [ '0.6.4' ],
125 silly audit   'balanced-match': [ '1.0.2' ],
125 silly audit   'base64-arraybuffer': [ '1.0.2' ],
125 silly audit   'big.js': [ '5.2.2' ],
125 silly audit   'binary-extensions': [ '2.3.0' ],
125 silly audit   bowser: [ '2.12.1' ],
125 silly audit   braces: [ '3.0.3' ],
125 silly audit   browserslist: [ '4.25.0' ],
125 silly audit   btoa: [ '1.2.1' ],
125 silly audit   'buffer-from': [ '1.1.2' ],
125 silly audit   'builtin-modules': [ '3.3.0' ],
125 silly audit   busboy: [ '1.6.0' ],
125 silly audit   'call-bind': [ '1.0.8' ],
125 silly audit   'call-bind-apply-helpers': [ '1.0.1' ],
125 silly audit   'call-bound': [ '1.0.3' ],
125 silly audit   callsites: [ '3.1.0' ],
125 silly audit   camelcase: [ '5.3.1' ],
125 silly audit   'camelcase-css': [ '2.0.1' ],
125 silly audit   'caniuse-lite': [ '1.0.30001721' ],
125 silly audit   canvg: [ '3.0.11' ],
125 silly audit   chalk: [ '4.1.2' ],
125 silly audit   'chart.js': [ '4.4.7' ],
125 silly audit   chokidar: [ '3.6.0' ],
125 silly audit   'chrome-trace-event': [ '1.0.4' ],
125 silly audit   'clean-webpack-plugin': [ '4.0.0' ],
125 silly audit   'client-only': [ '0.0.1' ],
125 silly audit   cliui: [ '6.0.0' ],
125 silly audit   'emoji-regex': [ '8.0.0', '9.2.2' ],
125 silly audit   'string-width': [ '4.2.3', '5.1.2' ],
125 silly audit   'wrap-ansi': [ '6.2.0', '8.1.0', '7.0.0' ],
125 silly audit   clsx: [ '2.1.1' ],
125 silly audit   color: [ '4.2.3' ],
125 silly audit   'color-convert': [ '2.0.1' ],
125 silly audit   'color-name': [ '1.1.4' ],
125 silly audit   'color-string': [ '1.9.1' ],
125 silly audit   'combined-stream': [ '1.0.8' ],
125 silly audit   commander: [ '4.1.1', '2.20.3' ],
125 silly audit   'common-tags': [ '1.8.2' ],
125 silly audit   commondir: [ '1.0.1' ],
125 silly audit   'concat-map': [ '0.0.1' ],
125 silly audit   'core-js': [ '3.43.0' ],
125 silly audit   'core-js-compat': [ '3.42.0' ],
125 silly audit   cosmiconfig: [ '7.1.0' ],
125 silly audit   'cross-spawn': [ '7.0.6' ],
125 silly audit   'crypto-random-string': [ '2.0.0' ],
125 silly audit   'css-line-break': [ '2.1.0' ],
125 silly audit   cssesc: [ '3.0.0' ],
125 silly audit   csstype: [ '3.1.3' ],
125 silly audit   'damerau-levenshtein': [ '1.0.8' ],
125 silly audit   'data-view-buffer': [ '1.0.2' ],
125 silly audit   'data-view-byte-length': [ '1.0.2' ],
125 silly audit   'data-view-byte-offset': [ '1.0.1' ],
125 silly audit   'date-fns': [ '4.1.0' ],
125 silly audit   debug: [ '4.4.0', '3.2.7' ],
125 silly audit   decamelize: [ '1.2.0' ],
125 silly audit   'deep-is': [ '0.1.4' ],
125 silly audit   deepmerge: [ '4.3.1' ],
125 silly audit   'define-data-property': [ '1.1.4' ],
125 silly audit   'define-properties': [ '1.2.1' ],
125 silly audit   del: [ '4.1.1' ],
125 silly audit   globby: [ '6.1.0', '11.1.0' ],
125 silly audit   pify: [ '2.3.0', '4.0.1' ],
125 silly audit   rimraf: [ '2.7.1', '3.0.2' ],
125 silly audit   'delayed-stream': [ '1.0.0' ],
125 silly audit   'detect-libc': [ '2.0.4' ],
125 silly audit   didyoumean: [ '1.2.2' ],
125 silly audit   dijkstrajs: [ '1.0.3' ],
125 silly audit   'dir-glob': [ '3.0.1' ],
125 silly audit   dlv: [ '1.1.3' ],
125 silly audit   doctrine: [ '3.0.0', '2.1.0' ],
125 silly audit   'dom-helpers': [ '5.2.1' ],
125 silly audit   dompurify: [ '3.2.6' ],
125 silly audit   'dunder-proto': [ '1.0.1' ],
125 silly audit   eastasianwidth: [ '0.2.0' ],
125 silly audit   ejs: [ '3.1.10' ],
125 silly audit   'electron-to-chromium': [ '1.5.165' ],
125 silly audit   'emojis-list': [ '3.0.0' ],
125 silly audit   'enhanced-resolve': [ '5.18.0' ],
125 silly audit   'error-ex': [ '1.3.2' ],
125 silly audit   'es-abstract': [ '1.23.7' ],
125 silly audit   'es-define-property': [ '1.0.1' ],
125 silly audit   'es-errors': [ '1.3.0' ],
125 silly audit   'es-iterator-helpers': [ '1.2.1' ],
125 silly audit   'es-module-lexer': [ '1.6.0' ],
125 silly audit   'es-object-atoms': [ '1.0.0' ],
125 silly audit   'es-set-tostringtag': [ '2.0.3' ],
125 silly audit   'es-shim-unscopables': [ '1.0.2' ],
125 silly audit   'es-to-primitive': [ '1.3.0' ],
125 silly audit   escalade: [ '3.2.0' ],
125 silly audit   'escape-string-regexp': [ '4.0.0' ],
125 silly audit   eslint: [ '8.57.1' ],
125 silly audit   'eslint-config-next': [ '15.0.2' ],
125 silly audit   'eslint-import-resolver-node': [ '0.3.9' ],
125 silly audit   'eslint-import-resolver-typescript': [ '3.7.0' ],
125 silly audit   'eslint-module-utils': [ '2.12.0' ],
125 silly audit   'eslint-plugin-import': [ '2.31.0' ],
125 silly audit   'eslint-plugin-jsx-a11y': [ '6.10.2' ],
125 silly audit   'eslint-plugin-react': [ '7.37.3' ],
125 silly audit   'eslint-plugin-react-hooks': [ '5.1.0' ],
125 silly audit   resolve: [ '2.0.0-next.5', '1.22.10' ],
125 silly audit   'eslint-scope': [ '7.2.2', '5.1.1' ],
125 silly audit   espree: [ '9.6.1' ],
125 silly audit   esquery: [ '1.6.0' ],
125 silly audit   esrecurse: [ '4.3.0' ],
125 silly audit   estraverse: [ '5.3.0', '4.3.0' ],
125 silly audit   esutils: [ '2.0.3' ],
125 silly audit   events: [ '3.3.0' ],
125 silly audit   'fast-deep-equal': [ '3.1.3' ],
125 silly audit   'fast-json-stable-stringify': [ '2.1.0' ],
125 silly audit   'fast-levenshtein': [ '2.0.6' ],
125 silly audit   'fast-uri': [ '3.0.3' ],
125 silly audit   'fast-xml-parser': [ '5.2.5' ],
125 silly audit   fastq: [ '1.18.0' ],
125 silly audit   fflate: [ '0.8.2' ],
125 silly audit   'file-entry-cache': [ '6.0.1' ],
125 silly audit   filelist: [ '1.0.4' ],
125 silly audit   'fill-range': [ '7.1.1' ],
125 silly audit   'find-cache-dir': [ '3.3.2' ],
125 silly audit   'find-root': [ '1.1.0' ],
125 silly audit   'find-up': [ '5.0.0', '4.1.0' ],
125 silly audit   'flat-cache': [ '3.2.0' ],
125 silly audit   flatted: [ '3.3.2' ],
125 silly audit   'follow-redirects': [ '1.15.9' ],
125 silly audit   'for-each': [ '0.3.3' ],
125 silly audit   'foreground-child': [ '3.3.0' ],
125 silly audit   'form-data': [ '4.0.1' ],
125 silly audit   'framer-motion': [ '11.15.0' ],
125 silly audit   'fs-extra': [ '9.1.0' ],
125 silly audit   'fs.realpath': [ '1.0.0' ],
125 silly audit   fsevents: [ '2.3.3' ],
125 silly audit   'function-bind': [ '1.1.2' ],
125 silly audit   'function.prototype.name': [ '1.1.8' ],
125 silly audit   'functions-have-names': [ '1.2.3' ],
125 silly audit   gensync: [ '1.0.0-beta.2' ],
125 silly audit   'get-caller-file': [ '2.0.5' ],
125 silly audit   'get-intrinsic': [ '1.2.6' ],
125 silly audit   'get-own-enumerable-property-symbols': [ '3.0.2' ],
125 silly audit   'get-symbol-description': [ '1.1.0' ],
125 silly audit   'get-tsconfig': [ '4.8.1' ],
125 silly audit   'get-user-locale': [ '2.3.2' ],
125 silly audit   glob: [ '7.2.3', '10.4.5' ],
125 silly audit   'glob-to-regexp': [ '0.4.1' ],
125 silly audit   globalthis: [ '1.0.4' ],
125 silly audit   gopd: [ '1.2.0' ],
125 silly audit   'graceful-fs': [ '4.2.11' ],
125 silly audit   graphemer: [ '1.4.0' ],
125 silly audit   gsap: [ '3.12.5' ],
125 silly audit   'has-bigints': [ '1.1.0' ],
125 silly audit   'has-flag': [ '4.0.0' ],
125 silly audit   'has-property-descriptors': [ '1.0.2' ],
125 silly audit   'has-proto': [ '1.2.0' ],
125 silly audit   'has-symbols': [ '1.1.0' ],
125 silly audit   'has-tostringtag': [ '1.0.2' ],
125 silly audit   hasown: [ '2.0.2' ],
125 silly audit   'hoist-non-react-statics': [ '3.3.2' ],
125 silly audit   'react-is': [ '16.13.1', '19.1.0' ],
125 silly audit   html2canvas: [ '1.4.1' ],
125 silly audit   idb: [ '7.1.1' ],
125 silly audit   ignore: [ '5.3.2' ],
125 silly audit   'import-fresh': [ '3.3.0' ],
125 silly audit   imurmurhash: [ '0.1.4' ],
125 silly audit   inflight: [ '1.0.6' ],
125 silly audit   inherits: [ '2.0.4' ],
125 silly audit   'internal-slot': [ '1.1.0' ],
125 silly audit   'is-array-buffer': [ '3.0.5' ],
125 silly audit   'is-arrayish': [ '0.2.1', '0.3.2' ],
125 silly audit   'is-async-function': [ '2.0.0' ],
125 silly audit   'is-bigint': [ '1.1.0' ],
125 silly audit   'is-binary-path': [ '2.1.0' ],
125 silly audit   'is-boolean-object': [ '1.2.1' ],
125 silly audit   'is-bun-module': [ '1.3.0' ],
125 silly audit   'is-callable': [ '1.2.7' ],
125 silly audit   'is-core-module': [ '2.16.1' ],
125 silly audit   'is-data-view': [ '1.0.2' ],
125 silly audit   'is-date-object': [ '1.1.0' ],
125 silly audit   'is-extglob': [ '2.1.1' ],
125 silly audit   'is-finalizationregistry': [ '1.1.1' ],
125 silly audit   'is-fullwidth-code-point': [ '3.0.0' ],
125 silly audit   'is-generator-function': [ '1.0.10' ],
125 silly audit   'is-glob': [ '4.0.3' ],
125 silly audit   'is-map': [ '2.0.3' ],
125 silly audit   'is-module': [ '1.0.0' ],
125 silly audit   'is-number': [ '7.0.0' ],
125 silly audit   'is-number-object': [ '1.1.1' ],
125 silly audit   'is-obj': [ '1.0.1' ],
125 silly audit   'is-path-cwd': [ '2.2.0' ],
125 silly audit   'is-path-in-cwd': [ '2.1.0' ],
125 silly audit   'is-path-inside': [ '2.1.0', '3.0.3' ],
125 silly audit   'is-regex': [ '1.2.1' ],
125 silly audit   'is-regexp': [ '1.0.0' ],
125 silly audit   'is-set': [ '2.0.3' ],
125 silly audit   'is-shared-array-buffer': [ '1.0.4' ],
125 silly audit   'is-stream': [ '2.0.1' ],
125 silly audit   'is-string': [ '1.1.1' ],
125 silly audit   'is-symbol': [ '1.1.1' ],
125 silly audit   'is-typed-array': [ '1.1.15' ],
125 silly audit   'is-weakmap': [ '2.0.2' ],
125 silly audit   'is-weakref': [ '1.1.0' ],
125 silly audit   'is-weakset': [ '2.0.4' ],
125 silly audit   isarray: [ '2.0.5' ],
125 silly audit   isexe: [ '2.0.0' ],
125 silly audit   'iterator.prototype': [ '1.1.4' ],
125 silly audit   jackspeak: [ '3.4.3' ],
125 silly audit   jake: [ '10.9.2' ],
125 silly audit   'jest-worker': [ '27.5.1', '26.6.2' ],
125 silly audit   'supports-color': [ '8.1.1', '7.2.0' ],
125 silly audit   jiti: [ '1.21.7' ],
125 silly audit   'js-tokens': [ '4.0.0' ],
125 silly audit   'js-yaml': [ '4.1.0' ],
125 silly audit   jsesc: [ '3.1.0', '3.0.2' ],
125 silly audit   'json-buffer': [ '3.0.1' ],
125 silly audit   'json-parse-even-better-errors': [ '2.3.1' ],
125 silly audit   'json-schema': [ '0.4.0' ],
125 silly audit   'json-stable-stringify-without-jsonify': [ '1.0.1' ],
125 silly audit   jsonfile: [ '6.1.0' ],
125 silly audit   jsonpointer: [ '5.0.1' ],
125 silly audit   jspdf: [ '3.0.1' ],
125 silly audit   'jsx-ast-utils': [ '3.3.5' ],
125 silly audit   keyv: [ '4.5.4' ],
125 silly audit   'language-subtag-registry': [ '0.3.23' ],
125 silly audit   'language-tags': [ '1.0.9' ],
125 silly audit   leven: [ '3.1.0' ],
125 silly audit   levn: [ '0.4.1' ],
125 silly audit   lilconfig: [ '3.1.3' ],
125 silly audit   'lines-and-columns': [ '1.2.4' ],
125 silly audit   'loader-runner': [ '4.3.0' ],
125 silly audit   'loader-utils': [ '2.0.4' ],
125 silly audit   'locate-path': [ '6.0.0', '5.0.0' ],
125 silly audit   lodash: [ '4.17.21' ],
125 silly audit   'lodash.debounce': [ '4.0.8' ],
125 silly audit   'lodash.merge': [ '4.6.2' ],
125 silly audit   'lodash.sortby': [ '4.7.0' ],
125 silly audit   'loose-envify': [ '1.4.0' ],
125 silly audit   'lucide-react': [ '0.468.0' ],
125 silly audit   'magic-string': [ '0.25.9' ],
125 silly audit   'make-dir': [ '3.1.0' ],
125 silly audit   'map-age-cleaner': [ '0.1.3' ],
125 silly audit   'math-intrinsics': [ '1.1.0' ],
125 silly audit   mem: [ '8.1.1' ],
125 silly audit   'merge-stream': [ '2.0.0' ],
125 silly audit   merge2: [ '1.4.1' ],
125 silly audit   micromatch: [ '4.0.8' ],
125 silly audit   'mime-db': [ '1.52.0' ],
125 silly audit   'mime-types': [ '2.1.35' ],
125 silly audit   'mimic-fn': [ '3.1.0' ],
125 silly audit   minimist: [ '1.2.8' ],
125 silly audit   minipass: [ '7.1.2' ],
125 silly audit   'motion-dom': [ '11.14.3' ],
125 silly audit   'motion-utils': [ '11.14.3' ],
125 silly audit   ms: [ '2.1.3' ],
125 silly audit   mz: [ '2.7.0' ],
125 silly audit   nanoid: [ '3.3.8' ],
125 silly audit   'natural-compare': [ '1.4.0' ],
125 silly audit   'neo-async': [ '2.6.2' ],
125 silly audit   next: [ '15.3.3' ],
125 silly audit   'next-pwa': [ '5.6.0' ],
125 silly audit   postcss: [ '8.4.31', '8.4.49' ],
125 silly audit   'node-releases': [ '2.0.19' ],
125 silly audit   nodemailer: [ '7.0.10' ],
125 silly audit   'normalize-path': [ '3.0.0' ],
125 silly audit   notyf: [ '3.10.0' ],
125 silly audit   'object-assign': [ '4.1.1' ],
125 silly audit   'object-hash': [ '3.0.0' ],
125 silly audit   'object-inspect': [ '1.13.3' ],
125 silly audit   'object-keys': [ '1.1.1' ],
125 silly audit   'object.assign': [ '4.1.7' ],
125 silly audit   'object.entries': [ '1.1.8' ],
125 silly audit   'object.fromentries': [ '2.0.8' ],
125 silly audit   'object.groupby': [ '1.0.3' ],
125 silly audit   'object.values': [ '1.2.1' ],
125 silly audit   once: [ '1.4.0' ],
125 silly audit   optionator: [ '0.9.4' ],
125 silly audit   'p-defer': [ '1.0.0' ],
125 silly audit   'p-limit': [ '3.1.0', '2.3.0' ],
125 silly audit   'p-locate': [ '5.0.0', '4.1.0' ],
125 silly audit   'p-map': [ '2.1.0' ],
125 silly audit   'p-try': [ '2.2.0' ],
125 silly audit   'package-json-from-dist': [ '1.0.1' ],
125 silly audit   'parent-module': [ '1.0.1' ],
125 silly audit   'parse-json': [ '5.2.0' ],
125 silly audit   'path-exists': [ '4.0.0' ],
125 silly audit   'path-is-absolute': [ '1.0.1' ],
125 silly audit   'path-is-inside': [ '1.0.2' ],
125 silly audit   'path-key': [ '3.1.1' ],
125 silly audit   'path-parse': [ '1.0.7' ],
125 silly audit   'path-scurry': [ '1.11.1' ],
125 silly audit   'path-type': [ '4.0.0' ],
125 silly audit   'performance-now': [ '2.1.0' ],
125 silly audit   picocolors: [ '1.1.1' ],
125 silly audit   pinkie: [ '2.0.4' ],
125 silly audit   'pinkie-promise': [ '2.0.1' ],
125 silly audit   pirates: [ '4.0.6' ],
125 silly audit   'pkg-dir': [ '4.2.0' ],
125 silly audit   pngjs: [ '5.0.0' ],
125 silly audit   'possible-typed-array-names': [ '1.0.0' ],
125 silly audit   'postcss-import': [ '15.1.0' ],
125 silly audit   'postcss-js': [ '4.0.1' ],
125 silly audit   'postcss-load-config': [ '4.0.2' ],
125 silly audit   yaml: [ '2.6.1', '1.10.2' ],
125 silly audit   'postcss-nested': [ '6.2.0' ],
125 silly audit   'postcss-selector-parser': [ '6.1.2' ],
125 silly audit   'postcss-value-parser': [ '4.2.0' ],
125 silly audit   'prelude-ls': [ '1.2.1' ],
125 silly audit   'pretty-bytes': [ '5.6.0' ],
125 silly audit   'prop-types': [ '15.8.1' ],
125 silly audit   'proxy-from-env': [ '1.1.0' ],
125 silly audit   punycode: [ '2.3.1' ],
125 silly audit   qrcode: [ '1.5.4' ],
125 silly audit   'qrcode.react': [ '4.2.0' ],
125 silly audit   'queue-microtask': [ '1.2.3' ],
125 silly audit   raf: [ '3.4.1' ],
125 silly audit   randombytes: [ '2.1.0' ],
125 silly audit   react: [ '18.3.1' ],
125 silly audit   'react-calendar': [ '5.1.0' ],
125 silly audit   'react-chartjs-2': [ '5.2.0' ],
125 silly audit   'react-dom': [ '18.3.1' ],
125 silly audit   'react-icons': [ '5.5.0' ],
125 silly audit   'react-router': [ '6.28.1' ],
125 silly audit   'react-router-dom': [ '6.28.1' ],
125 silly audit   'react-spinners': [ '0.14.1' ],
125 silly audit   'react-toastify': [ '10.0.6' ],
125 silly audit   'react-transition-group': [ '4.4.5' ],
125 silly audit   'read-cache': [ '1.0.0' ],
125 silly audit   readdirp: [ '3.6.0' ],
125 silly audit   'reflect.getprototypeof': [ '1.0.9' ],
125 silly audit   regenerate: [ '1.4.2' ],
125 silly audit   'regenerate-unicode-properties': [ '10.2.0' ],
125 silly audit   'regenerator-runtime': [ '0.13.11' ],
125 silly audit   'regexp.prototype.flags': [ '1.5.3' ],
125 silly audit   'regexpu-core': [ '6.2.0' ],
125 silly audit   regjsgen: [ '0.8.0' ],
125 silly audit   regjsparser: [ '0.12.0' ],
125 silly audit   'require-directory': [ '2.1.1' ],
125 silly audit   'require-from-string': [ '2.0.2' ],
125 silly audit   'require-main-filename': [ '2.0.0' ],
125 silly audit   'resolve-from': [ '4.0.0' ],
125 silly audit   'resolve-pkg-maps': [ '1.0.0' ],
125 silly audit   reusify: [ '1.0.4' ],
125 silly audit   rgbcolor: [ '1.0.1' ],
125 silly audit   rollup: [ '2.79.2' ],
125 silly audit   'rollup-plugin-terser': [ '7.0.2' ],
125 silly audit   'serialize-javascript': [ '4.0.0', '6.0.2' ],
125 silly audit   'run-parallel': [ '1.2.0' ],
125 silly audit   'safe-array-concat': [ '1.1.3' ],
125 silly audit   'safe-buffer': [ '5.2.1' ],
125 silly audit   'safe-regex-test': [ '1.1.0' ],
125 silly audit   scheduler: [ '0.23.2' ],
125 silly audit   'set-blocking': [ '2.0.0' ],
125 silly audit   'set-function-length': [ '1.2.2' ],
125 silly audit   'set-function-name': [ '2.0.2' ],
125 silly audit   sharp: [ '0.34.2' ],
125 silly audit   'shebang-command': [ '2.0.0' ],
125 silly audit   'shebang-regex': [ '3.0.0' ],
125 silly audit   'side-channel': [ '1.1.0' ],
125 silly audit   'side-channel-list': [ '1.0.0' ],
125 silly audit   'side-channel-map': [ '1.0.1' ],
125 silly audit   'side-channel-weakmap': [ '1.0.2' ],
125 silly audit   'signal-exit': [ '4.1.0' ],
125 silly audit   'simple-swizzle': [ '0.2.2' ],
125 silly audit   slash: [ '3.0.0' ],
125 silly audit   smob: [ '1.5.0' ],
125 silly audit   'source-list-map': [ '2.0.1' ],
125 silly audit   'source-map-js': [ '1.2.1' ],
125 silly audit   'source-map-support': [ '0.5.21' ],
125 silly audit   'sourcemap-codec': [ '1.4.8' ],
125 silly audit   'stable-hash': [ '0.0.4' ],
125 silly audit   'stackblur-canvas': [ '2.7.0' ],
125 silly audit   streamsearch: [ '1.1.0' ],
125 silly audit   'string.prototype.includes': [ '2.0.1' ],
125 silly audit   'string.prototype.matchall': [ '4.0.12' ],
125 silly audit   'string.prototype.repeat': [ '1.0.0' ],
125 silly audit   'string.prototype.trim': [ '1.2.10' ],
125 silly audit   'string.prototype.trimend': [ '1.0.9' ],
125 silly audit   'string.prototype.trimstart': [ '1.0.8' ],
125 silly audit   'stringify-object': [ '3.3.0' ],
125 silly audit   'strip-bom': [ '3.0.0' ],
125 silly audit   'strip-comments': [ '2.0.1' ],
125 silly audit   'strip-json-comments': [ '3.1.1' ],
125 silly audit   strnum: [ '2.1.1' ],
125 silly audit   'styled-jsx': [ '5.1.6' ],
125 silly audit   stylis: [ '4.2.0' ],
125 silly audit   sucrase: [ '3.35.0' ],
125 silly audit   'supports-preserve-symlinks-flag': [ '1.0.0' ],
125 silly audit   'svg-pathdata': [ '6.0.3' ],
125 silly audit   tabbable: [ '6.2.0' ],
125 silly audit   tailwindcss: [ '3.4.17' ],
125 silly audit   tapable: [ '2.2.1' ],
125 silly audit   'temp-dir': [ '2.0.0' ],
125 silly audit   tempy: [ '0.6.0' ],
125 silly audit   'type-fest': [ '0.16.0', '0.20.2' ],
125 silly audit   terser: [ '5.37.0' ],
125 silly audit   'terser-webpack-plugin': [ '5.3.11' ],
125 silly audit   'text-segmentation': [ '1.0.3' ],
125 silly audit   'text-table': [ '0.2.0' ],
125 silly audit   thenify: [ '3.3.1' ],
125 silly audit   'thenify-all': [ '1.6.0' ],
125 silly audit   'to-regex-range': [ '5.0.1' ],
125 silly audit   'ts-api-utils': [ '1.4.3' ],
125 silly audit   'ts-interface-checker': [ '0.1.13' ],
125 silly audit   'tsconfig-paths': [ '3.15.0' ],
125 silly audit   tslib: [ '2.8.1' ],
125 silly audit   'type-check': [ '0.4.0' ],
125 silly audit   'typed-array-buffer': [ '1.0.3' ],
125 silly audit   'typed-array-byte-length': [ '1.0.3' ],
125 silly audit   'typed-array-byte-offset': [ '1.0.4' ],
125 silly audit   'typed-array-length': [ '1.0.7' ],
125 silly audit   typescript: [ '5.7.2' ],
125 silly audit   'unbox-primitive': [ '1.1.0' ],
125 silly audit   'undici-types': [ '6.19.8' ],
125 silly audit   'unicode-canonical-property-names-ecmascript': [ '2.0.1' ],
125 silly audit   'unicode-match-property-ecmascript': [ '2.0.0' ],
125 silly audit   'unicode-match-property-value-ecmascript': [ '2.2.0' ],
125 silly audit   'unicode-property-aliases-ecmascript': [ '2.1.0' ],
125 silly audit   'unique-string': [ '2.0.0' ],
125 silly audit   universalify: [ '2.0.1' ],
125 silly audit   upath: [ '1.2.0' ],
125 silly audit   'update-browserslist-db': [ '1.1.3' ],
125 silly audit   'uri-js': [ '4.4.1' ],
125 silly audit   'util-deprecate': [ '1.0.2' ],
125 silly audit   utrie: [ '1.0.2' ],
125 silly audit   warning: [ '4.0.3' ],
125 silly audit   watchpack: [ '2.4.2' ],
125 silly audit   webpack: [ '5.97.1' ],
125 silly audit   which: [ '2.0.2' ],
125 silly audit   'which-boxed-primitive': [ '1.1.1' ],
125 silly audit   'which-builtin-type': [ '1.2.1' ],
125 silly audit   'which-collection': [ '1.0.2' ],
125 silly audit   'which-module': [ '2.0.1' ],
125 silly audit   'which-typed-array': [ '1.1.18' ],
125 silly audit   'word-wrap': [ '1.2.5' ],
125 silly audit   wrappy: [ '1.0.2' ],
125 silly audit   ws: [ '8.18.3' ],
125 silly audit   y18n: [ '4.0.3' ],
125 silly audit   yallist: [ '3.1.1' ],
125 silly audit   yargs: [ '15.4.1' ],
125 silly audit   'yargs-parser': [ '18.1.3' ],
125 silly audit   'yocto-queue': [ '0.1.0' ],
125 silly audit   '@vercel/analytics': [ '1.5.0' ]
125 silly audit }
126 verbose reify failed optional dependency /Users/mac/Desktop/accezz-supabase/node_modules/@next/swc-win32-x64-msvc
127 silly reify mark deleted [
127 silly reify   '/Users/mac/Desktop/accezz-supabase/node_modules/@next/swc-win32-x64-msvc'
127 silly reify ]
128 verbose reify failed optional dependency /Users/mac/Desktop/accezz-supabase/node_modules/@next/swc-win32-arm64-msvc
129 silly reify mark deleted [
129 silly reify   '/Users/mac/Desktop/accezz-supabase/node_modules/@next/swc-win32-arm64-msvc'
129 silly reify ]
130 verbose reify failed optional dependency /Users/mac/Desktop/accezz-supabase/node_modules/@next/swc-linux-x64-musl
131 silly reify mark deleted [
131 silly reify   '/Users/mac/Desktop/accezz-supabase/node_modules/@next/swc-linux-x64-musl'
131 silly reify ]
132 verbose reify failed optional dependency /Users/mac/Desktop/accezz-supabase/node_modules/@next/swc-linux-x64-gnu
133 silly reify mark deleted [
133 silly reify   '/Users/mac/Desktop/accezz-supabase/node_modules/@next/swc-linux-x64-gnu'
133 silly reify ]
134 verbose reify failed optional dependency /Users/mac/Desktop/accezz-supabase/node_modules/@next/swc-linux-arm64-musl
135 silly reify mark deleted [
135 silly reify   '/Users/mac/Desktop/accezz-supabase/node_modules/@next/swc-linux-arm64-musl'
135 silly reify ]
136 verbose reify failed optional dependency /Users/mac/Desktop/accezz-supabase/node_modules/@next/swc-linux-arm64-gnu
137 silly reify mark deleted [
137 silly reify   '/Users/mac/Desktop/accezz-supabase/node_modules/@next/swc-linux-arm64-gnu'
137 silly reify ]
138 verbose reify failed optional dependency /Users/mac/Desktop/accezz-supabase/node_modules/@next/swc-darwin-arm64
139 silly reify mark deleted [
139 silly reify   '/Users/mac/Desktop/accezz-supabase/node_modules/@next/swc-darwin-arm64'
139 silly reify ]
140 verbose reify failed optional dependency /Users/mac/Desktop/accezz-supabase/node_modules/@img/sharp-win32-x64
141 silly reify mark deleted [
141 silly reify   '/Users/mac/Desktop/accezz-supabase/node_modules/@img/sharp-win32-x64'
141 silly reify ]
142 verbose reify failed optional dependency /Users/mac/Desktop/accezz-supabase/node_modules/@img/sharp-win32-ia32
143 silly reify mark deleted [
143 silly reify   '/Users/mac/Desktop/accezz-supabase/node_modules/@img/sharp-win32-ia32'
143 silly reify ]
144 verbose reify failed optional dependency /Users/mac/Desktop/accezz-supabase/node_modules/@img/sharp-win32-arm64
145 silly reify mark deleted [
145 silly reify   '/Users/mac/Desktop/accezz-supabase/node_modules/@img/sharp-win32-arm64'
145 silly reify ]
146 verbose reify failed optional dependency /Users/mac/Desktop/accezz-supabase/node_modules/@img/sharp-wasm32
147 silly reify mark deleted [ '/Users/mac/Desktop/accezz-supabase/node_modules/@img/sharp-wasm32' ]
148 verbose reify failed optional dependency /Users/mac/Desktop/accezz-supabase/node_modules/@emnapi/runtime
149 silly reify mark deleted [ '/Users/mac/Desktop/accezz-supabase/node_modules/@emnapi/runtime' ]
150 verbose reify failed optional dependency /Users/mac/Desktop/accezz-supabase/node_modules/@img/sharp-linuxmusl-x64
151 silly reify mark deleted [
151 silly reify   '/Users/mac/Desktop/accezz-supabase/node_modules/@img/sharp-linuxmusl-x64'
151 silly reify ]
152 verbose reify failed optional dependency /Users/mac/Desktop/accezz-supabase/node_modules/@img/sharp-linuxmusl-arm64
153 silly reify mark deleted [
153 silly reify   '/Users/mac/Desktop/accezz-supabase/node_modules/@img/sharp-linuxmusl-arm64'
153 silly reify ]
154 verbose reify failed optional dependency /Users/mac/Desktop/accezz-supabase/node_modules/@img/sharp-linux-x64
155 silly reify mark deleted [
155 silly reify   '/Users/mac/Desktop/accezz-supabase/node_modules/@img/sharp-linux-x64'
155 silly reify ]
156 verbose reify failed optional dependency /Users/mac/Desktop/accezz-supabase/node_modules/@img/sharp-linux-s390x
157 silly reify mark deleted [
157 silly reify   '/Users/mac/Desktop/accezz-supabase/node_modules/@img/sharp-linux-s390x'
157 silly reify ]
158 verbose reify failed optional dependency /Users/mac/Desktop/accezz-supabase/node_modules/@img/sharp-linux-arm64
159 silly reify mark deleted [
159 silly reify   '/Users/mac/Desktop/accezz-supabase/node_modules/@img/sharp-linux-arm64'
159 silly reify ]
160 verbose reify failed optional dependency /Users/mac/Desktop/accezz-supabase/node_modules/@img/sharp-linux-arm
161 silly reify mark deleted [
161 silly reify   '/Users/mac/Desktop/accezz-supabase/node_modules/@img/sharp-linux-arm'
161 silly reify ]
162 verbose reify failed optional dependency /Users/mac/Desktop/accezz-supabase/node_modules/@img/sharp-libvips-linuxmusl-x64
163 silly reify mark deleted [
163 silly reify   '/Users/mac/Desktop/accezz-supabase/node_modules/@img/sharp-libvips-linuxmusl-x64'
163 silly reify ]
164 verbose reify failed optional dependency /Users/mac/Desktop/accezz-supabase/node_modules/@img/sharp-libvips-linuxmusl-arm64
165 silly reify mark deleted [
165 silly reify   '/Users/mac/Desktop/accezz-supabase/node_modules/@img/sharp-libvips-linuxmusl-arm64'
165 silly reify ]
166 verbose reify failed optional dependency /Users/mac/Desktop/accezz-supabase/node_modules/@img/sharp-libvips-linux-x64
167 silly reify mark deleted [
167 silly reify   '/Users/mac/Desktop/accezz-supabase/node_modules/@img/sharp-libvips-linux-x64'
167 silly reify ]
168 verbose reify failed optional dependency /Users/mac/Desktop/accezz-supabase/node_modules/@img/sharp-libvips-linux-s390x
169 silly reify mark deleted [
169 silly reify   '/Users/mac/Desktop/accezz-supabase/node_modules/@img/sharp-libvips-linux-s390x'
169 silly reify ]
170 verbose reify failed optional dependency /Users/mac/Desktop/accezz-supabase/node_modules/@img/sharp-libvips-linux-ppc64
171 silly reify mark deleted [
171 silly reify   '/Users/mac/Desktop/accezz-supabase/node_modules/@img/sharp-libvips-linux-ppc64'
171 silly reify ]
172 verbose reify failed optional dependency /Users/mac/Desktop/accezz-supabase/node_modules/@img/sharp-libvips-linux-arm64
173 silly reify mark deleted [
173 silly reify   '/Users/mac/Desktop/accezz-supabase/node_modules/@img/sharp-libvips-linux-arm64'
173 silly reify ]
174 verbose reify failed optional dependency /Users/mac/Desktop/accezz-supabase/node_modules/@img/sharp-libvips-linux-arm
175 silly reify mark deleted [
175 silly reify   '/Users/mac/Desktop/accezz-supabase/node_modules/@img/sharp-libvips-linux-arm'
175 silly reify ]
176 verbose reify failed optional dependency /Users/mac/Desktop/accezz-supabase/node_modules/@img/sharp-libvips-darwin-arm64
177 silly reify mark deleted [
177 silly reify   '/Users/mac/Desktop/accezz-supabase/node_modules/@img/sharp-libvips-darwin-arm64'
177 silly reify ]
178 verbose reify failed optional dependency /Users/mac/Desktop/accezz-supabase/node_modules/@img/sharp-darwin-arm64
179 silly reify mark deleted [
179 silly reify   '/Users/mac/Desktop/accezz-supabase/node_modules/@img/sharp-darwin-arm64'
179 silly reify ]
180 http cache @vercel/analytics@https://registry.npmjs.org/@vercel/analytics/-/analytics-1.5.0.tgz 0ms (cache hit)
181 http cache @emnapi/runtime@https://registry.npmjs.org/@emnapi/runtime/-/runtime-1.4.3.tgz 0ms (cache hit)
182 silly tarball no local data for @vercel/analytics@https://registry.npmjs.org/@vercel/analytics/-/analytics-1.5.0.tgz. Extracting by manifest.
183 http fetch POST 200 https://registry.npmjs.org/-/npm/v1/security/advisories/bulk 511ms
184 silly audit report {
184 silly audit report   axios: [
184 silly audit report     {
184 silly audit report       id: 1108263,
184 silly audit report       url: 'https://github.com/advisories/GHSA-4hjh-wcwx-xvwj',
184 silly audit report       title: 'Axios is vulnerable to DoS attack through lack of data size check',
184 silly audit report       severity: 'high',
184 silly audit report       vulnerable_versions: '>=1.0.0 <1.12.0',
184 silly audit report       cwe: [Array],
184 silly audit report       cvss: [Object]
184 silly audit report     }
184 silly audit report   ],
184 silly audit report   'form-data': [
184 silly audit report     {
184 silly audit report       id: 1106507,
184 silly audit report       url: 'https://github.com/advisories/GHSA-fjxv-7rqg-78g4',
184 silly audit report       title: 'form-data uses unsafe random function in form-data for choosing boundary',
184 silly audit report       severity: 'critical',
184 silly audit report       vulnerable_versions: '>=4.0.0 <4.0.4',
184 silly audit report       cwe: [Array],
184 silly audit report       cvss: [Object]
184 silly audit report     }
184 silly audit report   ],
184 silly audit report   jspdf: [
184 silly audit report     {
184 silly audit report       id: 1107412,
184 silly audit report       url: 'https://github.com/advisories/GHSA-8mvj-3j78-4qmw',
184 silly audit report       title: 'jsPDF Denial of Service (DoS)',
184 silly audit report       severity: 'high',
184 silly audit report       vulnerable_versions: '<=3.0.1',
184 silly audit report       cwe: [Array],
184 silly audit report       cvss: [Object]
184 silly audit report     }
184 silly audit report   ],
184 silly audit report   next: [
184 silly audit report     {
184 silly audit report       id: 1107228,
184 silly audit report       url: 'https://github.com/advisories/GHSA-g5qg-72qw-gw5v',
184 silly audit report       title: 'Next.js Affected by Cache Key Confusion for Image Optimization API Routes',
184 silly audit report       severity: 'moderate',
184 silly audit report       vulnerable_versions: '>=15.0.0 <=15.4.4',
184 silly audit report       cwe: [Array],
184 silly audit report       cvss: [Object]
184 silly audit report     },
184 silly audit report     {
184 silly audit report       id: 1107514,
184 silly audit report       url: 'https://github.com/advisories/GHSA-xv57-4mr9-wg8v',
184 silly audit report       title: 'Next.js Content Injection Vulnerability for Image Optimization',
184 silly audit report       severity: 'moderate',
184 silly audit report       vulnerable_versions: '>=15.0.0 <=15.4.4',
184 silly audit report       cwe: [Array],
184 silly audit report       cvss: [Object]
184 silly audit report     },
184 silly audit report     {
184 silly audit report       id: 1107515,
184 silly audit report       url: 'https://github.com/advisories/GHSA-4342-x723-ch2f',
184 silly audit report       title: 'Next.js Improper Middleware Redirect Handling Leads to SSRF',
184 silly audit report       severity: 'moderate',
184 silly audit report       vulnerable_versions: '>=15.0.0-canary.0 <15.4.7',
184 silly audit report       cwe: [Array],
184 silly audit report       cvss: [Object]
184 silly audit report     }
184 silly audit report   ]
184 silly audit report }
185 silly packumentCache corgi:https://registry.npmjs.org/axios cache-miss
186 silly packumentCache corgi:https://registry.npmjs.org/form-data cache-miss
187 silly packumentCache corgi:https://registry.npmjs.org/jspdf cache-miss
188 silly packumentCache corgi:https://registry.npmjs.org/next cache-miss
189 http fetch GET 200 https://registry.npmjs.org/axios 215ms (cache revalidated)
190 silly packumentCache corgi:https://registry.npmjs.org/axios set size:260279 disposed:false
191 http fetch GET 200 https://registry.npmjs.org/@vercel/analytics/-/analytics-1.5.0.tgz 823ms (cache miss)
192 http fetch GET 200 https://registry.npmjs.org/form-data 1041ms (cache revalidated)
193 silly packumentCache corgi:https://registry.npmjs.org/form-data set size:50252 disposed:false
194 http fetch GET 200 https://registry.npmjs.org/jspdf 1041ms (cache revalidated)
195 silly packumentCache corgi:https://registry.npmjs.org/jspdf set size:57854 disposed:false
196 http fetch GET 200 https://registry.npmjs.org/next 1285ms (cache revalidated)
197 silly packumentCache corgi:https://registry.npmjs.org/next set size:22342290 disposed:false
198 silly packumentCache corgi:https://registry.npmjs.org/@ducanh2912%2fnext-pwa cache-miss
199 silly packumentCache corgi:https://registry.npmjs.org/next-pwa cache-miss
200 silly packumentCache corgi:https://registry.npmjs.org/@vercel%2fanalytics cache-miss
201 http fetch GET 200 https://registry.npmjs.org/@vercel%2fanalytics 255ms (cache miss)
202 silly packumentCache corgi:https://registry.npmjs.org/@vercel%2fanalytics set size:undefined disposed:false
203 http fetch GET 200 https://registry.npmjs.org/next-pwa 828ms (cache revalidated)
204 silly packumentCache corgi:https://registry.npmjs.org/next-pwa set size:188954 disposed:false
205 http fetch GET 200 https://registry.npmjs.org/@ducanh2912%2fnext-pwa 1387ms (cache revalidated)
206 silly packumentCache corgi:https://registry.npmjs.org/@ducanh2912%2fnext-pwa set size:132781 disposed:false
207 silly ADD node_modules/@vercel/analytics
208 silly ADD
209 silly ADD
210 silly ADD
211 silly ADD
212 silly ADD
213 silly ADD
214 silly ADD
215 silly ADD
216 silly ADD
217 silly ADD
218 silly ADD
219 silly ADD
220 silly ADD
221 silly ADD
222 silly ADD
223 silly ADD
224 silly ADD
225 silly ADD
226 silly ADD
227 silly ADD
228 silly ADD
229 silly ADD
230 silly ADD
231 silly ADD
232 silly ADD
233 silly ADD
234 silly ADD
235 verbose cwd /Users/mac/Desktop/accezz-supabase
236 verbose os Darwin 24.6.0
237 verbose node v22.20.0
238 verbose npm  v10.9.3
239 verbose exit 0
240 info ok
