0 verbose cli /usr/local/bin/node /usr/local/bin/npm
1 info using npm@10.9.3
2 info using node@v22.20.0
3 silly config load:file:/usr/local/lib/node_modules/npm/npmrc
4 silly config load:file:/Users/mac/Desktop/accezz-supabase/.npmrc
5 silly config load:file:/Users/mac/.npmrc
6 silly config load:file:/usr/local/etc/npmrc
7 verbose title npm install qrcode @types/qrcode
8 verbose argv "install" "qrcode" "@types/qrcode"
9 verbose logfile logs-max:10 dir:/Users/mac/Desktop/accezz-supabase/.npm-cache/_logs/2025-10-30T23_50_59_935Z-
10 verbose logfile /Users/mac/Desktop/accezz-supabase/.npm-cache/_logs/2025-10-30T23_50_59_935Z-debug-0.log
11 silly logfile done cleaning log files
12 silly packumentCache heap:4345298944 maxSize:1086324736 maxEntrySize:543162368
13 silly idealTree buildDeps
14 silly fetch manifest qrcode@*
15 silly packumentCache full:https://registry.npmjs.org/qrcode cache-miss
16 http fetch GET 200 https://registry.npmjs.org/qrcode 1991ms (cache miss)
17 silly packumentCache full:https://registry.npmjs.org/qrcode set size:undefined disposed:false
18 silly fetch manifest @types/qrcode@*
19 silly packumentCache full:https://registry.npmjs.org/@types%2fqrcode cache-miss
20 http fetch GET 200 https://registry.npmjs.org/@types%2fqrcode 269ms (cache miss)
21 silly packumentCache full:https://registry.npmjs.org/@types%2fqrcode set size:undefined disposed:false
22 silly placeDep ROOT @types/qrcode@1.5.6 OK for: v-tickets@0.1.0 want: *
23 silly placeDep ROOT qrcode@1.5.4 OK for: v-tickets@0.1.0 want: *
24 silly fetch manifest dijkstrajs@^1.0.1
25 silly packumentCache full:https://registry.npmjs.org/dijkstrajs cache-miss
26 silly fetch manifest pngjs@^5.0.0
27 silly packumentCache full:https://registry.npmjs.org/pngjs cache-miss
28 silly fetch manifest yargs@^15.3.1
29 silly packumentCache full:https://registry.npmjs.org/yargs cache-miss
30 http fetch GET 200 https://registry.npmjs.org/dijkstrajs 249ms (cache miss)
31 silly packumentCache full:https://registry.npmjs.org/dijkstrajs set size:undefined disposed:false
32 http fetch GET 200 https://registry.npmjs.org/pngjs 934ms (cache miss)
33 silly packumentCache full:https://registry.npmjs.org/pngjs set size:undefined disposed:false
34 http fetch GET 200 https://registry.npmjs.org/yargs 1115ms (cache miss)
35 silly packumentCache full:https://registry.npmjs.org/yargs set size:undefined disposed:false
36 silly placeDep ROOT dijkstrajs@1.0.3 OK for: qrcode@1.5.4 want: ^1.0.1
37 silly placeDep ROOT pngjs@5.0.0 OK for: qrcode@1.5.4 want: ^5.0.0
38 silly placeDep ROOT yargs@15.4.1 OK for: qrcode@1.5.4 want: ^15.3.1
39 silly fetch manifest y18n@^4.0.0
40 silly packumentCache full:https://registry.npmjs.org/y18n cache-miss
41 silly fetch manifest cliui@^6.0.0
42 silly packumentCache full:https://registry.npmjs.org/cliui cache-miss
43 silly fetch manifest find-up@^4.1.0
44 silly packumentCache full:https://registry.npmjs.org/find-up cache-miss
45 silly fetch manifest decamelize@^1.2.0
46 silly packumentCache full:https://registry.npmjs.org/decamelize cache-miss
47 silly fetch manifest set-blocking@^2.0.0
48 silly packumentCache full:https://registry.npmjs.org/set-blocking cache-miss
49 silly fetch manifest string-width@^4.2.0
50 silly packumentCache full:https://registry.npmjs.org/string-width cache-miss
51 silly fetch manifest which-module@^2.0.0
52 silly packumentCache full:https://registry.npmjs.org/which-module cache-miss
53 http fetch GET 200 https://registry.npmjs.org/cliui 247ms (cache miss)
54 silly packumentCache full:https://registry.npmjs.org/cliui set size:undefined disposed:false
55 silly fetch manifest yargs-parser@^18.1.2
56 silly packumentCache full:https://registry.npmjs.org/yargs-parser cache-miss
57 http fetch GET 200 https://registry.npmjs.org/y18n 272ms (cache miss)
58 silly packumentCache full:https://registry.npmjs.org/y18n set size:undefined disposed:false
59 silly fetch manifest get-caller-file@^2.0.1
60 silly packumentCache full:https://registry.npmjs.org/get-caller-file cache-miss
61 http fetch GET 200 https://registry.npmjs.org/find-up 276ms (cache miss)
62 silly packumentCache full:https://registry.npmjs.org/find-up set size:undefined disposed:false
63 silly fetch manifest require-directory@^2.1.1
64 silly packumentCache full:https://registry.npmjs.org/require-directory cache-miss
65 http fetch GET 200 https://registry.npmjs.org/yargs-parser 314ms (cache miss)
66 silly packumentCache full:https://registry.npmjs.org/yargs-parser set size:undefined disposed:false
67 silly fetch manifest require-main-filename@^2.0.0
68 silly packumentCache full:https://registry.npmjs.org/require-main-filename cache-miss
69 http fetch GET 200 https://registry.npmjs.org/require-directory 303ms (cache miss)
70 silly packumentCache full:https://registry.npmjs.org/require-directory set size:undefined disposed:false
71 http fetch GET 200 https://registry.npmjs.org/get-caller-file 309ms (cache miss)
72 silly packumentCache full:https://registry.npmjs.org/get-caller-file set size:undefined disposed:false
73 http fetch GET 200 https://registry.npmjs.org/require-main-filename 260ms (cache miss)
74 silly packumentCache full:https://registry.npmjs.org/require-main-filename set size:undefined disposed:false
75 http fetch GET 200 https://registry.npmjs.org/set-blocking 832ms (cache miss)
76 silly packumentCache full:https://registry.npmjs.org/set-blocking set size:undefined disposed:false
77 http fetch GET 200 https://registry.npmjs.org/decamelize 897ms (cache miss)
78 silly packumentCache full:https://registry.npmjs.org/decamelize set size:undefined disposed:false
79 http fetch GET 200 https://registry.npmjs.org/which-module 913ms (cache miss)
80 silly packumentCache full:https://registry.npmjs.org/which-module set size:undefined disposed:false
81 http fetch GET 200 https://registry.npmjs.org/string-width 982ms (cache miss)
82 silly packumentCache full:https://registry.npmjs.org/string-width set size:undefined disposed:false
83 silly placeDep ROOT cliui@6.0.0 OK for: yargs@15.4.1 want: ^6.0.0
84 silly placeDep ROOT decamelize@1.2.0 OK for: yargs@15.4.1 want: ^1.2.0
85 silly placeDep node_modules/yargs find-up@4.1.0 OK for: yargs@15.4.1 want: ^4.1.0
86 silly placeDep ROOT get-caller-file@2.0.5 OK for: yargs@15.4.1 want: ^2.0.1
87 silly placeDep ROOT require-directory@2.1.1 OK for: yargs@15.4.1 want: ^2.1.1
88 silly placeDep ROOT require-main-filename@2.0.0 OK for: yargs@15.4.1 want: ^2.0.0
89 silly placeDep ROOT set-blocking@2.0.0 OK for: yargs@15.4.1 want: ^2.0.0
90 silly placeDep node_modules/yargs string-width@4.2.3 OK for: yargs@15.4.1 want: ^4.2.0
91 silly placeDep ROOT which-module@2.0.1 OK for: yargs@15.4.1 want: ^2.0.0
92 silly placeDep ROOT y18n@4.0.3 OK for: yargs@15.4.1 want: ^4.0.0
93 silly placeDep ROOT yargs-parser@18.1.3 OK for: yargs@15.4.1 want: ^18.1.2
94 silly fetch manifest wrap-ansi@^6.2.0
95 silly packumentCache full:https://registry.npmjs.org/wrap-ansi cache-miss
96 silly fetch manifest locate-path@^5.0.0
97 silly packumentCache full:https://registry.npmjs.org/locate-path cache-miss
98 silly fetch manifest emoji-regex@^8.0.0
99 silly packumentCache full:https://registry.npmjs.org/emoji-regex cache-miss
100 silly fetch manifest camelcase@^5.0.0
101 silly packumentCache full:https://registry.npmjs.org/camelcase cache-miss
102 http fetch GET 200 https://registry.npmjs.org/wrap-ansi 271ms (cache miss)
103 silly packumentCache full:https://registry.npmjs.org/wrap-ansi set size:undefined disposed:false
104 http fetch GET 200 https://registry.npmjs.org/locate-path 283ms (cache miss)
105 silly packumentCache full:https://registry.npmjs.org/locate-path set size:undefined disposed:false
106 http fetch GET 200 https://registry.npmjs.org/camelcase 283ms (cache miss)
107 silly packumentCache full:https://registry.npmjs.org/camelcase set size:undefined disposed:false
108 http fetch GET 200 https://registry.npmjs.org/emoji-regex 288ms (cache miss)
109 silly packumentCache full:https://registry.npmjs.org/emoji-regex set size:undefined disposed:false
110 silly placeDep node_modules/cliui string-width@4.2.3 OK for: cliui@6.0.0 want: ^4.2.0
111 silly placeDep node_modules/cliui wrap-ansi@6.2.0 OK for: cliui@6.0.0 want: ^6.2.0
112 silly placeDep ROOT camelcase@5.3.1 OK for: yargs-parser@18.1.3 want: ^5.0.0
113 silly placeDep node_modules/cliui emoji-regex@8.0.0 OK for: string-width@4.2.3 want: ^8.0.0
114 silly placeDep node_modules/yargs locate-path@5.0.0 OK for: find-up@4.1.0 want: ^5.0.0
115 silly fetch manifest p-locate@^4.1.0
116 silly packumentCache full:https://registry.npmjs.org/p-locate cache-miss
117 http fetch GET 200 https://registry.npmjs.org/p-locate 232ms (cache miss)
118 silly packumentCache full:https://registry.npmjs.org/p-locate set size:undefined disposed:false
119 silly placeDep node_modules/yargs p-locate@4.1.0 OK for: locate-path@5.0.0 want: ^4.1.0
120 silly fetch manifest p-limit@^2.2.0
121 silly packumentCache full:https://registry.npmjs.org/p-limit cache-miss
122 http fetch GET 200 https://registry.npmjs.org/p-limit 264ms (cache miss)
123 silly packumentCache full:https://registry.npmjs.org/p-limit set size:undefined disposed:false
124 silly placeDep node_modules/yargs p-limit@2.3.0 OK for: p-locate@4.1.0 want: ^2.2.0
125 silly placeDep node_modules/yargs emoji-regex@8.0.0 OK for: string-width@4.2.3 want: ^8.0.0
126 silly reify moves {}
127 silly audit bulk request {
127 silly audit   '@alloc/quick-lru': [ '5.2.0' ],
127 silly audit   '@ampproject/remapping': [ '2.3.0' ],
127 silly audit   '@babel/code-frame': [ '7.27.1' ],
127 silly audit   '@babel/compat-data': [ '7.27.5' ],
127 silly audit   '@babel/core': [ '7.27.4' ],
127 silly audit   'convert-source-map': [ '2.0.0', '1.9.0' ],
127 silly audit   json5: [ '2.2.3', '1.0.2' ],
127 silly audit   semver: [ '6.3.1', '7.6.3', '7.7.2' ],
127 silly audit   '@babel/generator': [ '7.27.5' ],
127 silly audit   '@babel/helper-annotate-as-pure': [ '7.27.3' ],
127 silly audit   '@babel/helper-compilation-targets': [ '7.27.2' ],
127 silly audit   'lru-cache': [ '5.1.1', '10.4.3' ],
127 silly audit   '@babel/helper-create-class-features-plugin': [ '7.27.1' ],
127 silly audit   '@babel/helper-create-regexp-features-plugin': [ '7.27.1' ],
127 silly audit   '@babel/helper-define-polyfill-provider': [ '0.6.4' ],
127 silly audit   '@babel/helper-member-expression-to-functions': [ '7.27.1' ],
127 silly audit   '@babel/helper-module-imports': [ '7.27.1' ],
127 silly audit   '@babel/helper-module-transforms': [ '7.27.3' ],
127 silly audit   '@babel/helper-optimise-call-expression': [ '7.27.1' ],
127 silly audit   '@babel/helper-plugin-utils': [ '7.27.1' ],
127 silly audit   '@babel/helper-remap-async-to-generator': [ '7.27.1' ],
127 silly audit   '@babel/helper-replace-supers': [ '7.27.1' ],
127 silly audit   '@babel/helper-skip-transparent-expression-wrappers': [ '7.27.1' ],
127 silly audit   '@babel/helper-string-parser': [ '7.27.1' ],
127 silly audit   '@babel/helper-validator-identifier': [ '7.27.1' ],
127 silly audit   '@babel/helper-validator-option': [ '7.27.1' ],
127 silly audit   '@babel/helper-wrap-function': [ '7.27.1' ],
127 silly audit   '@babel/helpers': [ '7.27.4' ],
127 silly audit   '@babel/parser': [ '7.27.5' ],
127 silly audit   '@babel/plugin-bugfix-firefox-class-in-computed-class-key': [ '7.27.1' ],
127 silly audit   '@babel/plugin-bugfix-safari-class-field-initializer-scope': [ '7.27.1' ],
127 silly audit   '@babel/plugin-bugfix-safari-id-destructuring-collision-in-function-expression': [ '7.27.1' ],
127 silly audit   '@babel/plugin-bugfix-v8-spread-parameters-in-optional-chaining': [ '7.27.1' ],
127 silly audit   '@babel/plugin-bugfix-v8-static-class-fields-redefine-readonly': [ '7.27.1' ],
127 silly audit   '@babel/plugin-proposal-private-property-in-object': [ '7.21.0-placeholder-for-preset-env.2' ],
127 silly audit   '@babel/plugin-syntax-import-assertions': [ '7.27.1' ],
127 silly audit   '@babel/plugin-syntax-import-attributes': [ '7.27.1' ],
127 silly audit   '@babel/plugin-syntax-unicode-sets-regex': [ '7.18.6' ],
127 silly audit   '@babel/plugin-transform-arrow-functions': [ '7.27.1' ],
127 silly audit   '@babel/plugin-transform-async-generator-functions': [ '7.27.1' ],
127 silly audit   '@babel/plugin-transform-async-to-generator': [ '7.27.1' ],
127 silly audit   '@babel/plugin-transform-block-scoped-functions': [ '7.27.1' ],
127 silly audit   '@babel/plugin-transform-block-scoping': [ '7.27.5' ],
127 silly audit   '@babel/plugin-transform-class-properties': [ '7.27.1' ],
127 silly audit   '@babel/plugin-transform-class-static-block': [ '7.27.1' ],
127 silly audit   '@babel/plugin-transform-classes': [ '7.27.1' ],
127 silly audit   '@babel/plugin-transform-computed-properties': [ '7.27.1' ],
127 silly audit   '@babel/plugin-transform-destructuring': [ '7.27.3' ],
127 silly audit   '@babel/plugin-transform-dotall-regex': [ '7.27.1' ],
127 silly audit   '@babel/plugin-transform-duplicate-keys': [ '7.27.1' ],
127 silly audit   '@babel/plugin-transform-duplicate-named-capturing-groups-regex': [ '7.27.1' ],
127 silly audit   '@babel/plugin-transform-dynamic-import': [ '7.27.1' ],
127 silly audit   '@babel/plugin-transform-exponentiation-operator': [ '7.27.1' ],
127 silly audit   '@babel/plugin-transform-export-namespace-from': [ '7.27.1' ],
127 silly audit   '@babel/plugin-transform-for-of': [ '7.27.1' ],
127 silly audit   '@babel/plugin-transform-function-name': [ '7.27.1' ],
127 silly audit   '@babel/plugin-transform-json-strings': [ '7.27.1' ],
127 silly audit   '@babel/plugin-transform-literals': [ '7.27.1' ],
127 silly audit   '@babel/plugin-transform-logical-assignment-operators': [ '7.27.1' ],
127 silly audit   '@babel/plugin-transform-member-expression-literals': [ '7.27.1' ],
127 silly audit   '@babel/plugin-transform-modules-amd': [ '7.27.1' ],
127 silly audit   '@babel/plugin-transform-modules-commonjs': [ '7.27.1' ],
127 silly audit   '@babel/plugin-transform-modules-systemjs': [ '7.27.1' ],
127 silly audit   '@babel/plugin-transform-modules-umd': [ '7.27.1' ],
127 silly audit   '@babel/plugin-transform-named-capturing-groups-regex': [ '7.27.1' ],
127 silly audit   '@babel/plugin-transform-new-target': [ '7.27.1' ],
127 silly audit   '@babel/plugin-transform-nullish-coalescing-operator': [ '7.27.1' ],
127 silly audit   '@babel/plugin-transform-numeric-separator': [ '7.27.1' ],
127 silly audit   '@babel/plugin-transform-object-rest-spread': [ '7.27.3' ],
127 silly audit   '@babel/plugin-transform-object-super': [ '7.27.1' ],
127 silly audit   '@babel/plugin-transform-optional-catch-binding': [ '7.27.1' ],
127 silly audit   '@babel/plugin-transform-optional-chaining': [ '7.27.1' ],
127 silly audit   '@babel/plugin-transform-parameters': [ '7.27.1' ],
127 silly audit   '@babel/plugin-transform-private-methods': [ '7.27.1' ],
127 silly audit   '@babel/plugin-transform-private-property-in-object': [ '7.27.1' ],
127 silly audit   '@babel/plugin-transform-property-literals': [ '7.27.1' ],
127 silly audit   '@babel/plugin-transform-regenerator': [ '7.27.5' ],
127 silly audit   '@babel/plugin-transform-regexp-modifiers': [ '7.27.1' ],
127 silly audit   '@babel/plugin-transform-reserved-words': [ '7.27.1' ],
127 silly audit   '@babel/plugin-transform-shorthand-properties': [ '7.27.1' ],
127 silly audit   '@babel/plugin-transform-spread': [ '7.27.1' ],
127 silly audit   '@babel/plugin-transform-sticky-regex': [ '7.27.1' ],
127 silly audit   '@babel/plugin-transform-template-literals': [ '7.27.1' ],
127 silly audit   '@babel/plugin-transform-typeof-symbol': [ '7.27.1' ],
127 silly audit   '@babel/plugin-transform-unicode-escapes': [ '7.27.1' ],
127 silly audit   '@babel/plugin-transform-unicode-property-regex': [ '7.27.1' ],
127 silly audit   '@babel/plugin-transform-unicode-regex': [ '7.27.1' ],
127 silly audit   '@babel/plugin-transform-unicode-sets-regex': [ '7.27.1' ],
127 silly audit   '@babel/preset-env': [ '7.27.2' ],
127 silly audit   '@babel/preset-modules': [ '0.1.6-no-external-plugins' ],
127 silly audit   '@babel/runtime': [ '7.27.6' ],
127 silly audit   '@babel/template': [ '7.27.2' ],
127 silly audit   '@babel/traverse': [ '7.27.4' ],
127 silly audit   '@babel/types': [ '7.27.3' ],
127 silly audit   '@ducanh2912/next-pwa': [ '10.2.9' ],
127 silly audit   '@apideck/better-ajv-errors': [ '0.3.6' ],
127 silly audit   '@rollup/plugin-node-resolve': [ '15.3.1', '11.2.1' ],
127 silly audit   '@rollup/pluginutils': [ '5.2.0', '3.1.0' ],
127 silly audit   '@types/resolve': [ '1.20.2', '1.17.1' ],
127 silly audit   ajv: [ '8.17.1', '6.12.6' ],
127 silly audit   'estree-walker': [ '2.0.2', '1.0.1' ],
127 silly audit   'fast-glob': [ '3.3.2', '3.3.1' ],
127 silly audit   'glob-parent': [ '5.1.2', '6.0.2' ],
127 silly audit   'json-schema-traverse': [ '1.0.0', '0.4.1' ],
127 silly audit   picomatch: [ '4.0.2', '2.3.1' ],
127 silly audit   'source-map': [ '0.8.0-beta.0', '0.6.1', '0.5.7' ],
127 silly audit   'webpack-sources': [ '1.4.3', '3.2.3' ],
127 silly audit   'workbox-background-sync': [ '7.1.0', '6.6.0' ],
127 silly audit   'workbox-broadcast-update': [ '7.1.0', '6.6.0' ],
127 silly audit   'workbox-build': [ '7.1.1', '7.1.0', '6.6.0' ],
127 silly audit   'workbox-cacheable-response': [ '7.1.0', '6.6.0' ],
127 silly audit   'workbox-core': [ '7.1.0', '6.6.0' ],
127 silly audit   'workbox-expiration': [ '7.1.0', '6.6.0' ],
127 silly audit   'workbox-google-analytics': [ '7.1.0', '6.6.0' ],
127 silly audit   'workbox-navigation-preload': [ '7.1.0', '6.6.0' ],
127 silly audit   'workbox-precaching': [ '7.1.0', '6.6.0' ],
127 silly audit   'workbox-range-requests': [ '7.1.0', '6.6.0' ],
127 silly audit   'workbox-recipes': [ '7.1.0', '6.6.0' ],
127 silly audit   'workbox-routing': [ '7.1.0', '6.6.0' ],
127 silly audit   'workbox-strategies': [ '7.1.0', '6.6.0' ],
127 silly audit   'workbox-streams': [ '7.1.0', '6.6.0' ],
127 silly audit   'workbox-sw': [ '7.1.0', '6.6.0' ],
127 silly audit   'workbox-webpack-plugin': [ '7.1.0', '6.6.0' ],
127 silly audit   'workbox-window': [ '7.1.0', '6.6.0' ],
127 silly audit   '@emnapi/runtime': [ '1.4.3' ],
127 silly audit   '@emotion/babel-plugin': [ '11.13.5' ],
127 silly audit   '@emotion/cache': [ '11.14.0' ],
127 silly audit   '@emotion/hash': [ '0.9.2' ],
127 silly audit   '@emotion/is-prop-valid': [ '1.3.1' ],
127 silly audit   '@emotion/memoize': [ '0.9.0' ],
127 silly audit   '@emotion/react': [ '11.14.0' ],
127 silly audit   '@emotion/serialize': [ '1.3.3' ],
127 silly audit   '@emotion/sheet': [ '1.4.0' ],
127 silly audit   '@emotion/styled': [ '11.14.0' ],
127 silly audit   '@emotion/unitless': [ '0.10.0' ],
127 silly audit   '@emotion/use-insertion-effect-with-fallbacks': [ '1.2.0' ],
127 silly audit   '@emotion/utils': [ '1.4.2' ],
127 silly audit   '@emotion/weak-memoize': [ '0.4.0' ],
127 silly audit   '@eslint-community/eslint-utils': [ '4.4.1' ],
127 silly audit   '@eslint-community/regexpp': [ '4.12.1' ],
127 silly audit   '@eslint/eslintrc': [ '2.1.4' ],
127 silly audit   globals: [ '13.24.0', '11.12.0' ],
127 silly audit   '@eslint/js': [ '8.57.1' ],
127 silly audit   '@floating-ui/core': [ '1.6.8' ],
127 silly audit   '@floating-ui/dom': [ '1.6.12' ],
127 silly audit   '@floating-ui/react': [ '0.26.28' ],
127 silly audit   '@floating-ui/react-dom': [ '2.1.2' ],
127 silly audit   '@floating-ui/utils': [ '0.2.8' ],
127 silly audit   '@headlessui/react': [ '2.2.0' ],
127 silly audit   '@humanwhocodes/config-array': [ '0.13.0' ],
127 silly audit   '@humanwhocodes/module-importer': [ '1.0.1' ],
127 silly audit   '@humanwhocodes/object-schema': [ '2.0.3' ],
127 silly audit   '@img/sharp-darwin-arm64': [ '0.34.2' ],
127 silly audit   '@img/sharp-darwin-x64': [ '0.34.2' ],
127 silly audit   '@img/sharp-libvips-darwin-arm64': [ '1.1.0' ],
127 silly audit   '@img/sharp-libvips-darwin-x64': [ '1.1.0' ],
127 silly audit   '@img/sharp-libvips-linux-arm': [ '1.1.0' ],
127 silly audit   '@img/sharp-libvips-linux-arm64': [ '1.1.0' ],
127 silly audit   '@img/sharp-libvips-linux-ppc64': [ '1.1.0' ],
127 silly audit   '@img/sharp-libvips-linux-s390x': [ '1.1.0' ],
127 silly audit   '@img/sharp-libvips-linux-x64': [ '1.1.0' ],
127 silly audit   '@img/sharp-libvips-linuxmusl-arm64': [ '1.1.0' ],
127 silly audit   '@img/sharp-libvips-linuxmusl-x64': [ '1.1.0' ],
127 silly audit   '@img/sharp-linux-arm': [ '0.34.2' ],
127 silly audit   '@img/sharp-linux-arm64': [ '0.34.2' ],
127 silly audit   '@img/sharp-linux-s390x': [ '0.34.2' ],
127 silly audit   '@img/sharp-linux-x64': [ '0.34.2' ],
127 silly audit   '@img/sharp-linuxmusl-arm64': [ '0.34.2' ],
127 silly audit   '@img/sharp-linuxmusl-x64': [ '0.34.2' ],
127 silly audit   '@img/sharp-wasm32': [ '0.34.2' ],
127 silly audit   '@img/sharp-win32-arm64': [ '0.34.2' ],
127 silly audit   '@img/sharp-win32-ia32': [ '0.34.2' ],
127 silly audit   '@img/sharp-win32-x64': [ '0.34.2' ],
127 silly audit   '@isaacs/cliui': [ '8.0.2' ],
127 silly audit   'ansi-regex': [ '6.1.0', '5.0.1' ],
127 silly audit   'strip-ansi': [ '7.1.0', '6.0.1' ],
127 silly audit   '@jridgewell/gen-mapping': [ '0.3.8' ],
127 silly audit   '@jridgewell/resolve-uri': [ '3.1.2' ],
127 silly audit   '@jridgewell/set-array': [ '1.2.1' ],
127 silly audit   '@jridgewell/source-map': [ '0.3.6' ],
127 silly audit   '@jridgewell/sourcemap-codec': [ '1.5.0' ],
127 silly audit   '@jridgewell/trace-mapping': [ '0.3.25' ],
127 silly audit   '@kurkle/color': [ '0.3.4' ],
127 silly audit   '@mui/core-downloads-tracker': [ '6.4.11' ],
127 silly audit   '@mui/icons-material': [ '6.3.0' ],
127 silly audit   '@mui/material': [ '6.4.11' ],
127 silly audit   '@mui/private-theming': [ '6.4.9' ],
127 silly audit   '@mui/styled-engine': [ '6.4.11' ],
127 silly audit   '@mui/system': [ '6.4.11' ],
127 silly audit   '@mui/types': [ '7.2.24' ],
127 silly audit   '@mui/utils': [ '6.4.9' ],
127 silly audit   '@next/env': [ '15.3.3' ],
127 silly audit   '@next/eslint-plugin-next': [ '15.0.2' ],
127 silly audit   '@next/swc-darwin-arm64': [ '15.3.3' ],
127 silly audit   '@next/swc-darwin-x64': [ '15.3.3' ],
127 silly audit   '@next/swc-linux-arm64-gnu': [ '15.3.3' ],
127 silly audit   '@next/swc-linux-arm64-musl': [ '15.3.3' ],
127 silly audit   '@next/swc-linux-x64-gnu': [ '15.3.3' ],
127 silly audit   '@next/swc-linux-x64-musl': [ '15.3.3' ],
127 silly audit   '@next/swc-win32-arm64-msvc': [ '15.3.3' ],
127 silly audit   '@next/swc-win32-x64-msvc': [ '15.3.3' ],
127 silly audit   '@nodelib/fs.scandir': [ '2.1.5' ],
127 silly audit   '@nodelib/fs.stat': [ '2.0.5' ],
127 silly audit   '@nodelib/fs.walk': [ '1.2.8' ],
127 silly audit   '@nolyfill/is-core-module': [ '1.0.39' ],
127 silly audit   '@pkgjs/parseargs': [ '0.11.0' ],
127 silly audit   '@popperjs/core': [ '2.11.8' ],
127 silly audit   '@react-aria/focus': [ '3.19.0' ],
127 silly audit   '@react-aria/interactions': [ '3.22.5' ],
127 silly audit   '@react-aria/ssr': [ '3.9.7' ],
127 silly audit   '@react-aria/utils': [ '3.26.0' ],
127 silly audit   '@react-stately/utils': [ '3.10.5' ],
127 silly audit   '@react-types/shared': [ '3.26.0' ],
127 silly audit   '@remix-run/router': [ '1.21.0' ],
127 silly audit   '@rollup/plugin-babel': [ '5.3.1' ],
127 silly audit   '@rollup/plugin-replace': [ '2.4.2' ],
127 silly audit   '@rollup/plugin-terser': [ '0.4.4' ],
127 silly audit   '@types/estree': [ '0.0.39', '1.0.6' ],
127 silly audit   '@rtsao/scc': [ '1.1.0' ],
127 silly audit   '@rushstack/eslint-patch': [ '1.10.4' ],
127 silly audit   '@supabase/auth-js': [ '2.78.0' ],
127 silly audit   '@supabase/functions-js': [ '2.78.0' ],
127 silly audit   '@supabase/node-fetch': [ '2.6.15' ],
127 silly audit   tr46: [ '0.0.3', '1.0.1' ],
127 silly audit   'webidl-conversions': [ '3.0.1', '4.0.2' ],
127 silly audit   'whatwg-url': [ '5.0.0', '7.1.0' ],
127 silly audit   '@supabase/postgrest-js': [ '2.78.0' ],
127 silly audit   '@supabase/realtime-js': [ '2.78.0' ],
127 silly audit   '@supabase/storage-js': [ '2.78.0' ],
127 silly audit   '@supabase/supabase-js': [ '2.78.0' ],
127 silly audit   '@surma/rollup-plugin-off-main-thread': [ '2.2.3' ],
127 silly audit   '@swc/counter': [ '0.1.3' ],
127 silly audit   '@swc/helpers': [ '0.5.15' ],
127 silly audit   '@tanstack/query-core': [ '5.80.7' ],
127 silly audit   '@tanstack/react-query': [ '5.80.7' ],
127 silly audit   '@tanstack/react-virtual': [ '3.11.2' ],
127 silly audit   '@tanstack/virtual-core': [ '3.11.2' ],
127 silly audit   '@types/eslint': [ '9.6.1' ],
127 silly audit   '@types/eslint-scope': [ '3.7.7' ],
127 silly audit   '@types/glob': [ '7.2.0' ],
127 silly audit   '@types/json-schema': [ '7.0.15' ],
127 silly audit   '@types/json5': [ '0.0.29' ],
127 silly audit   '@types/minimatch': [ '5.1.2' ],
127 silly audit   '@types/node': [ '20.17.10' ],
127 silly audit   '@types/parse-json': [ '4.0.2' ],
127 silly audit   '@types/phoenix': [ '1.6.6' ],
127 silly audit   '@types/prop-types': [ '15.7.14' ],
127 silly audit   '@types/raf': [ '3.4.3' ],
127 silly audit   '@types/react': [ '18.3.18' ],
127 silly audit   '@types/react-calendar': [ '4.1.0' ],
127 silly audit   '@types/react-transition-group': [ '4.4.12' ],
127 silly audit   '@types/trusted-types': [ '2.0.7' ],
127 silly audit   '@types/webpack': [ '5.28.5' ],
127 silly audit   '@types/ws': [ '8.18.1' ],
127 silly audit   '@typescript-eslint/eslint-plugin': [ '8.18.2' ],
127 silly audit   '@typescript-eslint/parser': [ '8.18.2' ],
127 silly audit   '@typescript-eslint/scope-manager': [ '8.18.2' ],
127 silly audit   '@typescript-eslint/type-utils': [ '8.18.2' ],
127 silly audit   '@typescript-eslint/types': [ '8.18.2' ],
127 silly audit   '@typescript-eslint/typescript-estree': [ '8.18.2' ],
127 silly audit   'brace-expansion': [ '2.0.2', '1.1.12' ],
127 silly audit   minimatch: [ '9.0.5', '5.1.6', '3.1.2' ],
127 silly audit   '@typescript-eslint/utils': [ '8.18.2' ],
127 silly audit   '@typescript-eslint/visitor-keys': [ '8.18.2' ],
127 silly audit   'eslint-visitor-keys': [ '4.2.0', '3.4.3' ],
127 silly audit   '@ungap/structured-clone': [ '1.2.1' ],
127 silly audit   '@webassemblyjs/ast': [ '1.14.1' ],
127 silly audit   '@webassemblyjs/floating-point-hex-parser': [ '1.13.2' ],
127 silly audit   '@webassemblyjs/helper-api-error': [ '1.13.2' ],
127 silly audit   '@webassemblyjs/helper-buffer': [ '1.14.1' ],
127 silly audit   '@webassemblyjs/helper-numbers': [ '1.13.2' ],
127 silly audit   '@webassemblyjs/helper-wasm-bytecode': [ '1.13.2' ],
127 silly audit   '@webassemblyjs/helper-wasm-section': [ '1.14.1' ],
127 silly audit   '@webassemblyjs/ieee754': [ '1.13.2' ],
127 silly audit   '@webassemblyjs/leb128': [ '1.13.2' ],
127 silly audit   '@webassemblyjs/utf8': [ '1.13.2' ],
127 silly audit   '@webassemblyjs/wasm-edit': [ '1.14.1' ],
127 silly audit   '@webassemblyjs/wasm-gen': [ '1.14.1' ],
127 silly audit   '@webassemblyjs/wasm-opt': [ '1.14.1' ],
127 silly audit   '@webassemblyjs/wasm-parser': [ '1.14.1' ],
127 silly audit   '@webassemblyjs/wast-printer': [ '1.14.1' ],
127 silly audit   '@wojtekmaj/date-utils': [ '1.5.1' ],
127 silly audit   '@xtuc/ieee754': [ '1.2.0' ],
127 silly audit   '@xtuc/long': [ '4.2.2' ],
127 silly audit   acorn: [ '8.14.0' ],
127 silly audit   'acorn-jsx': [ '5.3.2' ],
127 silly audit   'ajv-formats': [ '2.1.1' ],
127 silly audit   'ajv-keywords': [ '3.5.2', '5.1.0' ],
127 silly audit   'ansi-styles': [ '4.3.0', '6.2.1' ],
127 silly audit   'any-promise': [ '1.3.0' ],
127 silly audit   anymatch: [ '3.1.3' ],
127 silly audit   arg: [ '5.0.2' ],
127 silly audit   argparse: [ '2.0.1' ],
127 silly audit   'aria-query': [ '5.3.2' ],
127 silly audit   'array-buffer-byte-length': [ '1.0.2' ],
127 silly audit   'array-includes': [ '3.1.8' ],
127 silly audit   'array-union': [ '2.1.0', '1.0.2' ],
127 silly audit   'array-uniq': [ '1.0.3' ],
127 silly audit   'array.prototype.findlast': [ '1.2.5' ],
127 silly audit   'array.prototype.findlastindex': [ '1.2.5' ],
127 silly audit   'array.prototype.flat': [ '1.3.3' ],
127 silly audit   'array.prototype.flatmap': [ '1.3.3' ],
127 silly audit   'array.prototype.tosorted': [ '1.1.4' ],
127 silly audit   'arraybuffer.prototype.slice': [ '1.0.4' ],
127 silly audit   'ast-types-flow': [ '0.0.8' ],
127 silly audit   async: [ '3.2.6' ],
127 silly audit   asynckit: [ '0.4.0' ],
127 silly audit   'at-least-node': [ '1.0.0' ],
127 silly audit   atob: [ '2.1.2' ],
127 silly audit   'available-typed-arrays': [ '1.0.7' ],
127 silly audit   'axe-core': [ '4.10.2' ],
127 silly audit   axios: [ '1.10.0' ],
127 silly audit   'axobject-query': [ '4.1.0' ],
127 silly audit   'babel-loader': [ '8.4.1' ],
127 silly audit   'schema-utils': [ '2.7.1', '3.3.0', '4.3.0' ],
127 silly audit   'babel-plugin-macros': [ '3.1.0' ],
127 silly audit   'babel-plugin-polyfill-corejs2': [ '0.4.13' ],
127 silly audit   'babel-plugin-polyfill-corejs3': [ '0.11.1' ],
127 silly audit   'babel-plugin-polyfill-regenerator': [ '0.6.4' ],
127 silly audit   'balanced-match': [ '1.0.2' ],
127 silly audit   'base64-arraybuffer': [ '1.0.2' ],
127 silly audit   'big.js': [ '5.2.2' ],
127 silly audit   'binary-extensions': [ '2.3.0' ],
127 silly audit   braces: [ '3.0.3' ],
127 silly audit   browserslist: [ '4.25.0' ],
127 silly audit   btoa: [ '1.2.1' ],
127 silly audit   'buffer-from': [ '1.1.2' ],
127 silly audit   'builtin-modules': [ '3.3.0' ],
127 silly audit   busboy: [ '1.6.0' ],
127 silly audit   'call-bind': [ '1.0.8' ],
127 silly audit   'call-bind-apply-helpers': [ '1.0.1' ],
127 silly audit   'call-bound': [ '1.0.3' ],
127 silly audit   callsites: [ '3.1.0' ],
127 silly audit   'camelcase-css': [ '2.0.1' ],
127 silly audit   'caniuse-lite': [ '1.0.30001721' ],
127 silly audit   canvg: [ '3.0.11' ],
127 silly audit   chalk: [ '4.1.2' ],
127 silly audit   'chart.js': [ '4.4.7' ],
127 silly audit   chokidar: [ '3.6.0' ],
127 silly audit   'chrome-trace-event': [ '1.0.4' ],
127 silly audit   'clean-webpack-plugin': [ '4.0.0' ],
127 silly audit   'client-only': [ '0.0.1' ],
127 silly audit   clsx: [ '2.1.1' ],
127 silly audit   color: [ '4.2.3' ],
127 silly audit   'color-convert': [ '2.0.1' ],
127 silly audit   'color-name': [ '1.1.4' ],
127 silly audit   'color-string': [ '1.9.1' ],
127 silly audit   'combined-stream': [ '1.0.8' ],
127 silly audit   commander: [ '4.1.1', '2.20.3' ],
127 silly audit   'common-tags': [ '1.8.2' ],
127 silly audit   commondir: [ '1.0.1' ],
127 silly audit   'concat-map': [ '0.0.1' ],
127 silly audit   'core-js': [ '3.43.0' ],
127 silly audit   'core-js-compat': [ '3.42.0' ],
127 silly audit   cosmiconfig: [ '7.1.0' ],
127 silly audit   'cross-spawn': [ '7.0.6' ],
127 silly audit   'crypto-random-string': [ '2.0.0' ],
127 silly audit   'css-line-break': [ '2.1.0' ],
127 silly audit   cssesc: [ '3.0.0' ],
127 silly audit   csstype: [ '3.1.3' ],
127 silly audit   'damerau-levenshtein': [ '1.0.8' ],
127 silly audit   'data-view-buffer': [ '1.0.2' ],
127 silly audit   'data-view-byte-length': [ '1.0.2' ],
127 silly audit   'data-view-byte-offset': [ '1.0.1' ],
127 silly audit   'date-fns': [ '4.1.0' ],
127 silly audit   debug: [ '4.4.0', '3.2.7' ],
127 silly audit   'deep-is': [ '0.1.4' ],
127 silly audit   deepmerge: [ '4.3.1' ],
127 silly audit   'define-data-property': [ '1.1.4' ],
127 silly audit   'define-properties': [ '1.2.1' ],
127 silly audit   del: [ '4.1.1' ],
127 silly audit   globby: [ '6.1.0', '11.1.0' ],
127 silly audit   pify: [ '2.3.0', '4.0.1' ],
127 silly audit   rimraf: [ '2.7.1', '3.0.2' ],
127 silly audit   'delayed-stream': [ '1.0.0' ],
127 silly audit   'detect-libc': [ '2.0.4' ],
127 silly audit   didyoumean: [ '1.2.2' ],
127 silly audit   'dir-glob': [ '3.0.1' ],
127 silly audit   dlv: [ '1.1.3' ],
127 silly audit   doctrine: [ '3.0.0', '2.1.0' ],
127 silly audit   'dom-helpers': [ '5.2.1' ],
127 silly audit   dompurify: [ '3.2.6' ],
127 silly audit   'dunder-proto': [ '1.0.1' ],
127 silly audit   eastasianwidth: [ '0.2.0' ],
127 silly audit   ejs: [ '3.1.10' ],
127 silly audit   'electron-to-chromium': [ '1.5.165' ],
127 silly audit   'emoji-regex': [ '9.2.2', '8.0.0' ],
127 silly audit   'emojis-list': [ '3.0.0' ],
127 silly audit   'enhanced-resolve': [ '5.18.0' ],
127 silly audit   'error-ex': [ '1.3.2' ],
127 silly audit   'es-abstract': [ '1.23.7' ],
127 silly audit   'es-define-property': [ '1.0.1' ],
127 silly audit   'es-errors': [ '1.3.0' ],
127 silly audit   'es-iterator-helpers': [ '1.2.1' ],
127 silly audit   'es-module-lexer': [ '1.6.0' ],
127 silly audit   'es-object-atoms': [ '1.0.0' ],
127 silly audit   'es-set-tostringtag': [ '2.0.3' ],
127 silly audit   'es-shim-unscopables': [ '1.0.2' ],
127 silly audit   'es-to-primitive': [ '1.3.0' ],
127 silly audit   escalade: [ '3.2.0' ],
127 silly audit   'escape-string-regexp': [ '4.0.0' ],
127 silly audit   eslint: [ '8.57.1' ],
127 silly audit   'eslint-config-next': [ '15.0.2' ],
127 silly audit   'eslint-import-resolver-node': [ '0.3.9' ],
127 silly audit   'eslint-import-resolver-typescript': [ '3.7.0' ],
127 silly audit   'eslint-module-utils': [ '2.12.0' ],
127 silly audit   'eslint-plugin-import': [ '2.31.0' ],
127 silly audit   'eslint-plugin-jsx-a11y': [ '6.10.2' ],
127 silly audit   'eslint-plugin-react': [ '7.37.3' ],
127 silly audit   'eslint-plugin-react-hooks': [ '5.1.0' ],
127 silly audit   resolve: [ '2.0.0-next.5', '1.22.10' ],
127 silly audit   'eslint-scope': [ '7.2.2', '5.1.1' ],
127 silly audit   espree: [ '9.6.1' ],
127 silly audit   esquery: [ '1.6.0' ],
127 silly audit   esrecurse: [ '4.3.0' ],
127 silly audit   estraverse: [ '5.3.0', '4.3.0' ],
127 silly audit   esutils: [ '2.0.3' ],
127 silly audit   events: [ '3.3.0' ],
127 silly audit   'fast-deep-equal': [ '3.1.3' ],
127 silly audit   'fast-json-stable-stringify': [ '2.1.0' ],
127 silly audit   'fast-levenshtein': [ '2.0.6' ],
127 silly audit   'fast-uri': [ '3.0.3' ],
127 silly audit   fastq: [ '1.18.0' ],
127 silly audit   fflate: [ '0.8.2' ],
127 silly audit   'file-entry-cache': [ '6.0.1' ],
127 silly audit   filelist: [ '1.0.4' ],
127 silly audit   'fill-range': [ '7.1.1' ],
127 silly audit   'find-cache-dir': [ '3.3.2' ],
127 silly audit   'find-root': [ '1.1.0' ],
127 silly audit   'find-up': [ '5.0.0', '4.1.0' ],
127 silly audit   'flat-cache': [ '3.2.0' ],
127 silly audit   flatted: [ '3.3.2' ],
127 silly audit   'follow-redirects': [ '1.15.9' ],
127 silly audit   'for-each': [ '0.3.3' ],
127 silly audit   'foreground-child': [ '3.3.0' ],
127 silly audit   'form-data': [ '4.0.1' ],
127 silly audit   'framer-motion': [ '11.15.0' ],
127 silly audit   'fs-extra': [ '9.1.0' ],
127 silly audit   'fs.realpath': [ '1.0.0' ],
127 silly audit   fsevents: [ '2.3.3' ],
127 silly audit   'function-bind': [ '1.1.2' ],
127 silly audit   'function.prototype.name': [ '1.1.8' ],
127 silly audit   'functions-have-names': [ '1.2.3' ],
127 silly audit   gensync: [ '1.0.0-beta.2' ],
127 silly audit   'get-intrinsic': [ '1.2.6' ],
127 silly audit   'get-own-enumerable-property-symbols': [ '3.0.2' ],
127 silly audit   'get-symbol-description': [ '1.1.0' ],
127 silly audit   'get-tsconfig': [ '4.8.1' ],
127 silly audit   'get-user-locale': [ '2.3.2' ],
127 silly audit   glob: [ '7.2.3', '10.4.5' ],
127 silly audit   'glob-to-regexp': [ '0.4.1' ],
127 silly audit   globalthis: [ '1.0.4' ],
127 silly audit   gopd: [ '1.2.0' ],
127 silly audit   'graceful-fs': [ '4.2.11' ],
127 silly audit   graphemer: [ '1.4.0' ],
127 silly audit   gsap: [ '3.12.5' ],
127 silly audit   'has-bigints': [ '1.1.0' ],
127 silly audit   'has-flag': [ '4.0.0' ],
127 silly audit   'has-property-descriptors': [ '1.0.2' ],
127 silly audit   'has-proto': [ '1.2.0' ],
127 silly audit   'has-symbols': [ '1.1.0' ],
127 silly audit   'has-tostringtag': [ '1.0.2' ],
127 silly audit   hasown: [ '2.0.2' ],
127 silly audit   'hoist-non-react-statics': [ '3.3.2' ],
127 silly audit   'react-is': [ '16.13.1', '19.1.0' ],
127 silly audit   html2canvas: [ '1.4.1' ],
127 silly audit   idb: [ '7.1.1' ],
127 silly audit   ignore: [ '5.3.2' ],
127 silly audit   'import-fresh': [ '3.3.0' ],
127 silly audit   imurmurhash: [ '0.1.4' ],
127 silly audit   inflight: [ '1.0.6' ],
127 silly audit   inherits: [ '2.0.4' ],
127 silly audit   'internal-slot': [ '1.1.0' ],
127 silly audit   'is-array-buffer': [ '3.0.5' ],
127 silly audit   'is-arrayish': [ '0.2.1', '0.3.2' ],
127 silly audit   'is-async-function': [ '2.0.0' ],
127 silly audit   'is-bigint': [ '1.1.0' ],
127 silly audit   'is-binary-path': [ '2.1.0' ],
127 silly audit   'is-boolean-object': [ '1.2.1' ],
127 silly audit   'is-bun-module': [ '1.3.0' ],
127 silly audit   'is-callable': [ '1.2.7' ],
127 silly audit   'is-core-module': [ '2.16.1' ],
127 silly audit   'is-data-view': [ '1.0.2' ],
127 silly audit   'is-date-object': [ '1.1.0' ],
127 silly audit   'is-extglob': [ '2.1.1' ],
127 silly audit   'is-finalizationregistry': [ '1.1.1' ],
127 silly audit   'is-fullwidth-code-point': [ '3.0.0' ],
127 silly audit   'is-generator-function': [ '1.0.10' ],
127 silly audit   'is-glob': [ '4.0.3' ],
127 silly audit   'is-map': [ '2.0.3' ],
127 silly audit   'is-module': [ '1.0.0' ],
127 silly audit   'is-number': [ '7.0.0' ],
127 silly audit   'is-number-object': [ '1.1.1' ],
127 silly audit   'is-obj': [ '1.0.1' ],
127 silly audit   'is-path-cwd': [ '2.2.0' ],
127 silly audit   'is-path-in-cwd': [ '2.1.0' ],
127 silly audit   'is-path-inside': [ '2.1.0', '3.0.3' ],
127 silly audit   'is-regex': [ '1.2.1' ],
127 silly audit   'is-regexp': [ '1.0.0' ],
127 silly audit   'is-set': [ '2.0.3' ],
127 silly audit   'is-shared-array-buffer': [ '1.0.4' ],
127 silly audit   'is-stream': [ '2.0.1' ],
127 silly audit   'is-string': [ '1.1.1' ],
127 silly audit   'is-symbol': [ '1.1.1' ],
127 silly audit   'is-typed-array': [ '1.1.15' ],
127 silly audit   'is-weakmap': [ '2.0.2' ],
127 silly audit   'is-weakref': [ '1.1.0' ],
127 silly audit   'is-weakset': [ '2.0.4' ],
127 silly audit   isarray: [ '2.0.5' ],
127 silly audit   isexe: [ '2.0.0' ],
127 silly audit   'iterator.prototype': [ '1.1.4' ],
127 silly audit   jackspeak: [ '3.4.3' ],
127 silly audit   jake: [ '10.9.2' ],
127 silly audit   'jest-worker': [ '27.5.1', '26.6.2' ],
127 silly audit   'supports-color': [ '8.1.1', '7.2.0' ],
127 silly audit   jiti: [ '1.21.7' ],
127 silly audit   'js-tokens': [ '4.0.0' ],
127 silly audit   'js-yaml': [ '4.1.0' ],
127 silly audit   jsesc: [ '3.1.0', '3.0.2' ],
127 silly audit   'json-buffer': [ '3.0.1' ],
127 silly audit   'json-parse-even-better-errors': [ '2.3.1' ],
127 silly audit   'json-schema': [ '0.4.0' ],
127 silly audit   'json-stable-stringify-without-jsonify': [ '1.0.1' ],
127 silly audit   jsonfile: [ '6.1.0' ],
127 silly audit   jsonpointer: [ '5.0.1' ],
127 silly audit   jspdf: [ '3.0.1' ],
127 silly audit   'jsx-ast-utils': [ '3.3.5' ],
127 silly audit   keyv: [ '4.5.4' ],
127 silly audit   'language-subtag-registry': [ '0.3.23' ],
127 silly audit   'language-tags': [ '1.0.9' ],
127 silly audit   leven: [ '3.1.0' ],
127 silly audit   levn: [ '0.4.1' ],
127 silly audit   lilconfig: [ '3.1.3' ],
127 silly audit   'lines-and-columns': [ '1.2.4' ],
127 silly audit   'loader-runner': [ '4.3.0' ],
127 silly audit   'loader-utils': [ '2.0.4' ],
127 silly audit   'locate-path': [ '6.0.0', '5.0.0' ],
127 silly audit   lodash: [ '4.17.21' ],
127 silly audit   'lodash.debounce': [ '4.0.8' ],
127 silly audit   'lodash.merge': [ '4.6.2' ],
127 silly audit   'lodash.sortby': [ '4.7.0' ],
127 silly audit   'loose-envify': [ '1.4.0' ],
127 silly audit   'lucide-react': [ '0.468.0' ],
127 silly audit   'magic-string': [ '0.25.9' ],
127 silly audit   'make-dir': [ '3.1.0' ],
127 silly audit   'map-age-cleaner': [ '0.1.3' ],
127 silly audit   'math-intrinsics': [ '1.1.0' ],
127 silly audit   mem: [ '8.1.1' ],
127 silly audit   'merge-stream': [ '2.0.0' ],
127 silly audit   merge2: [ '1.4.1' ],
127 silly audit   micromatch: [ '4.0.8' ],
127 silly audit   'mime-db': [ '1.52.0' ],
127 silly audit   'mime-types': [ '2.1.35' ],
127 silly audit   'mimic-fn': [ '3.1.0' ],
127 silly audit   minimist: [ '1.2.8' ],
127 silly audit   minipass: [ '7.1.2' ],
127 silly audit   'motion-dom': [ '11.14.3' ],
127 silly audit   'motion-utils': [ '11.14.3' ],
127 silly audit   ms: [ '2.1.3' ],
127 silly audit   mz: [ '2.7.0' ],
127 silly audit   nanoid: [ '3.3.8' ],
127 silly audit   'natural-compare': [ '1.4.0' ],
127 silly audit   'neo-async': [ '2.6.2' ],
127 silly audit   next: [ '15.3.3' ],
127 silly audit   'next-pwa': [ '5.6.0' ],
127 silly audit   postcss: [ '8.4.31', '8.4.49' ],
127 silly audit   'node-releases': [ '2.0.19' ],
127 silly audit   'normalize-path': [ '3.0.0' ],
127 silly audit   notyf: [ '3.10.0' ],
127 silly audit   'object-assign': [ '4.1.1' ],
127 silly audit   'object-hash': [ '3.0.0' ],
127 silly audit   'object-inspect': [ '1.13.3' ],
127 silly audit   'object-keys': [ '1.1.1' ],
127 silly audit   'object.assign': [ '4.1.7' ],
127 silly audit   'object.entries': [ '1.1.8' ],
127 silly audit   'object.fromentries': [ '2.0.8' ],
127 silly audit   'object.groupby': [ '1.0.3' ],
127 silly audit   'object.values': [ '1.2.1' ],
127 silly audit   once: [ '1.4.0' ],
127 silly audit   optionator: [ '0.9.4' ],
127 silly audit   'p-defer': [ '1.0.0' ],
127 silly audit   'p-limit': [ '3.1.0', '2.3.0' ],
127 silly audit   'p-locate': [ '5.0.0', '4.1.0' ],
127 silly audit   'p-map': [ '2.1.0' ],
127 silly audit   'p-try': [ '2.2.0' ],
127 silly audit   'package-json-from-dist': [ '1.0.1' ],
127 silly audit   'parent-module': [ '1.0.1' ],
127 silly audit   'parse-json': [ '5.2.0' ],
127 silly audit   'path-exists': [ '4.0.0' ],
127 silly audit   'path-is-absolute': [ '1.0.1' ],
127 silly audit   'path-is-inside': [ '1.0.2' ],
127 silly audit   'path-key': [ '3.1.1' ],
127 silly audit   'path-parse': [ '1.0.7' ],
127 silly audit   'path-scurry': [ '1.11.1' ],
127 silly audit   'path-type': [ '4.0.0' ],
127 silly audit   'performance-now': [ '2.1.0' ],
127 silly audit   picocolors: [ '1.1.1' ],
127 silly audit   pinkie: [ '2.0.4' ],
127 silly audit   'pinkie-promise': [ '2.0.1' ],
127 silly audit   pirates: [ '4.0.6' ],
127 silly audit   'pkg-dir': [ '4.2.0' ],
127 silly audit   'possible-typed-array-names': [ '1.0.0' ],
127 silly audit   'postcss-import': [ '15.1.0' ],
127 silly audit   'postcss-js': [ '4.0.1' ],
127 silly audit   'postcss-load-config': [ '4.0.2' ],
127 silly audit   yaml: [ '2.6.1', '1.10.2' ],
127 silly audit   'postcss-nested': [ '6.2.0' ],
127 silly audit   'postcss-selector-parser': [ '6.1.2' ],
127 silly audit   'postcss-value-parser': [ '4.2.0' ],
127 silly audit   'prelude-ls': [ '1.2.1' ],
127 silly audit   'pretty-bytes': [ '5.6.0' ],
127 silly audit   'prop-types': [ '15.8.1' ],
127 silly audit   'proxy-from-env': [ '1.1.0' ],
127 silly audit   punycode: [ '2.3.1' ],
127 silly audit   'qrcode.react': [ '4.2.0' ],
127 silly audit   'queue-microtask': [ '1.2.3' ],
127 silly audit   raf: [ '3.4.1' ],
127 silly audit   randombytes: [ '2.1.0' ],
127 silly audit   react: [ '18.3.1' ],
127 silly audit   'react-calendar': [ '5.1.0' ],
127 silly audit   'react-chartjs-2': [ '5.2.0' ],
127 silly audit   'react-dom': [ '18.3.1' ],
127 silly audit   'react-icons': [ '5.4.0' ],
127 silly audit   'react-router': [ '6.28.1' ],
127 silly audit   'react-router-dom': [ '6.28.1' ],
127 silly audit   'react-spinners': [ '0.14.1' ],
127 silly audit   'react-toastify': [ '10.0.6' ],
127 silly audit   'react-transition-group': [ '4.4.5' ],
127 silly audit   'read-cache': [ '1.0.0' ],
127 silly audit   readdirp: [ '3.6.0' ],
127 silly audit   'reflect.getprototypeof': [ '1.0.9' ],
127 silly audit   regenerate: [ '1.4.2' ],
127 silly audit   'regenerate-unicode-properties': [ '10.2.0' ],
127 silly audit   'regenerator-runtime': [ '0.13.11' ],
127 silly audit   'regexp.prototype.flags': [ '1.5.3' ],
127 silly audit   'regexpu-core': [ '6.2.0' ],
127 silly audit   regjsgen: [ '0.8.0' ],
127 silly audit   regjsparser: [ '0.12.0' ],
127 silly audit   'require-from-string': [ '2.0.2' ],
127 silly audit   'resolve-from': [ '4.0.0' ],
127 silly audit   'resolve-pkg-maps': [ '1.0.0' ],
127 silly audit   reusify: [ '1.0.4' ],
127 silly audit   rgbcolor: [ '1.0.1' ],
127 silly audit   rollup: [ '2.79.2' ],
127 silly audit   'rollup-plugin-terser': [ '7.0.2' ],
127 silly audit   'serialize-javascript': [ '4.0.0', '6.0.2' ],
127 silly audit   'run-parallel': [ '1.2.0' ],
127 silly audit   'safe-array-concat': [ '1.1.3' ],
127 silly audit   'safe-buffer': [ '5.2.1' ],
127 silly audit   'safe-regex-test': [ '1.1.0' ],
127 silly audit   scheduler: [ '0.23.2' ],
127 silly audit   'set-function-length': [ '1.2.2' ],
127 silly audit   'set-function-name': [ '2.0.2' ],
127 silly audit   sharp: [ '0.34.2' ],
127 silly audit   'shebang-command': [ '2.0.0' ],
127 silly audit   'shebang-regex': [ '3.0.0' ],
127 silly audit   'side-channel': [ '1.1.0' ],
127 silly audit   'side-channel-list': [ '1.0.0' ],
127 silly audit   'side-channel-map': [ '1.0.1' ],
127 silly audit   'side-channel-weakmap': [ '1.0.2' ],
127 silly audit   'signal-exit': [ '4.1.0' ],
127 silly audit   'simple-swizzle': [ '0.2.2' ],
127 silly audit   slash: [ '3.0.0' ],
127 silly audit   smob: [ '1.5.0' ],
127 silly audit   'source-list-map': [ '2.0.1' ],
127 silly audit   'source-map-js': [ '1.2.1' ],
127 silly audit   'source-map-support': [ '0.5.21' ],
127 silly audit   'sourcemap-codec': [ '1.4.8' ],
127 silly audit   'stable-hash': [ '0.0.4' ],
127 silly audit   'stackblur-canvas': [ '2.7.0' ],
127 silly audit   streamsearch: [ '1.1.0' ],
127 silly audit   'string-width': [ '5.1.2', '4.2.3' ],
127 silly audit   'string.prototype.includes': [ '2.0.1' ],
127 silly audit   'string.prototype.matchall': [ '4.0.12' ],
127 silly audit   'string.prototype.repeat': [ '1.0.0' ],
127 silly audit   'string.prototype.trim': [ '1.2.10' ],
127 silly audit   'string.prototype.trimend': [ '1.0.9' ],
127 silly audit   'string.prototype.trimstart': [ '1.0.8' ],
127 silly audit   'stringify-object': [ '3.3.0' ],
127 silly audit   'strip-bom': [ '3.0.0' ],
127 silly audit   'strip-comments': [ '2.0.1' ],
127 silly audit   'strip-json-comments': [ '3.1.1' ],
127 silly audit   'styled-jsx': [ '5.1.6' ],
127 silly audit   stylis: [ '4.2.0' ],
127 silly audit   sucrase: [ '3.35.0' ],
127 silly audit   'supports-preserve-symlinks-flag': [ '1.0.0' ],
127 silly audit   'svg-pathdata': [ '6.0.3' ],
127 silly audit   tabbable: [ '6.2.0' ],
127 silly audit   tailwindcss: [ '3.4.17' ],
127 silly audit   tapable: [ '2.2.1' ],
127 silly audit   'temp-dir': [ '2.0.0' ],
127 silly audit   tempy: [ '0.6.0' ],
127 silly audit   'type-fest': [ '0.16.0', '0.20.2' ],
127 silly audit   terser: [ '5.37.0' ],
127 silly audit   'terser-webpack-plugin': [ '5.3.11' ],
127 silly audit   'text-segmentation': [ '1.0.3' ],
127 silly audit   'text-table': [ '0.2.0' ],
127 silly audit   thenify: [ '3.3.1' ],
127 silly audit   'thenify-all': [ '1.6.0' ],
127 silly audit   'to-regex-range': [ '5.0.1' ],
127 silly audit   'ts-api-utils': [ '1.4.3' ],
127 silly audit   'ts-interface-checker': [ '0.1.13' ],
127 silly audit   'tsconfig-paths': [ '3.15.0' ],
127 silly audit   tslib: [ '2.8.1' ],
127 silly audit   'type-check': [ '0.4.0' ],
127 silly audit   'typed-array-buffer': [ '1.0.3' ],
127 silly audit   'typed-array-byte-length': [ '1.0.3' ],
127 silly audit   'typed-array-byte-offset': [ '1.0.4' ],
127 silly audit   'typed-array-length': [ '1.0.7' ],
127 silly audit   typescript: [ '5.7.2' ],
127 silly audit   'unbox-primitive': [ '1.1.0' ],
127 silly audit   'undici-types': [ '6.19.8' ],
127 silly audit   'unicode-canonical-property-names-ecmascript': [ '2.0.1' ],
127 silly audit   'unicode-match-property-ecmascript': [ '2.0.0' ],
127 silly audit   'unicode-match-property-value-ecmascript': [ '2.2.0' ],
127 silly audit   'unicode-property-aliases-ecmascript': [ '2.1.0' ],
127 silly audit   'unique-string': [ '2.0.0' ],
127 silly audit   universalify: [ '2.0.1' ],
127 silly audit   upath: [ '1.2.0' ],
127 silly audit   'update-browserslist-db': [ '1.1.3' ],
127 silly audit   'uri-js': [ '4.4.1' ],
127 silly audit   'util-deprecate': [ '1.0.2' ],
127 silly audit   utrie: [ '1.0.2' ],
127 silly audit   warning: [ '4.0.3' ],
127 silly audit   watchpack: [ '2.4.2' ],
127 silly audit   webpack: [ '5.97.1' ],
127 silly audit   which: [ '2.0.2' ],
127 silly audit   'which-boxed-primitive': [ '1.1.1' ],
127 silly audit   'which-builtin-type': [ '1.2.1' ],
127 silly audit   'which-collection': [ '1.0.2' ],
127 silly audit   'which-typed-array': [ '1.1.18' ],
127 silly audit   'word-wrap': [ '1.2.5' ],
127 silly audit   'wrap-ansi': [ '8.1.0', '7.0.0', '6.2.0' ],
127 silly audit   wrappy: [ '1.0.2' ],
127 silly audit   ws: [ '8.18.3' ],
127 silly audit   yallist: [ '3.1.1' ],
127 silly audit   'yocto-queue': [ '0.1.0' ],
127 silly audit   '@types/qrcode': [ '1.5.6' ],
127 silly audit   qrcode: [ '1.5.4' ],
127 silly audit   dijkstrajs: [ '1.0.3' ],
127 silly audit   pngjs: [ '5.0.0' ],
127 silly audit   yargs: [ '15.4.1' ],
127 silly audit   cliui: [ '6.0.0' ],
127 silly audit   decamelize: [ '1.2.0' ],
127 silly audit   'get-caller-file': [ '2.0.5' ],
127 silly audit   'require-directory': [ '2.1.1' ],
127 silly audit   'require-main-filename': [ '2.0.0' ],
127 silly audit   'set-blocking': [ '2.0.0' ],
127 silly audit   'which-module': [ '2.0.1' ],
127 silly audit   y18n: [ '4.0.3' ],
127 silly audit   'yargs-parser': [ '18.1.3' ],
127 silly audit   camelcase: [ '5.3.1' ]
127 silly audit }
128 verbose reify failed optional dependency /Users/mac/Desktop/accezz-supabase/node_modules/@next/swc-win32-x64-msvc
129 silly reify mark deleted [
129 silly reify   '/Users/mac/Desktop/accezz-supabase/node_modules/@next/swc-win32-x64-msvc'
129 silly reify ]
130 verbose reify failed optional dependency /Users/mac/Desktop/accezz-supabase/node_modules/@next/swc-win32-arm64-msvc
131 silly reify mark deleted [
131 silly reify   '/Users/mac/Desktop/accezz-supabase/node_modules/@next/swc-win32-arm64-msvc'
131 silly reify ]
132 verbose reify failed optional dependency /Users/mac/Desktop/accezz-supabase/node_modules/@next/swc-linux-x64-musl
133 silly reify mark deleted [
133 silly reify   '/Users/mac/Desktop/accezz-supabase/node_modules/@next/swc-linux-x64-musl'
133 silly reify ]
134 verbose reify failed optional dependency /Users/mac/Desktop/accezz-supabase/node_modules/@next/swc-linux-x64-gnu
135 silly reify mark deleted [
135 silly reify   '/Users/mac/Desktop/accezz-supabase/node_modules/@next/swc-linux-x64-gnu'
135 silly reify ]
136 verbose reify failed optional dependency /Users/mac/Desktop/accezz-supabase/node_modules/@next/swc-linux-arm64-musl
137 silly reify mark deleted [
137 silly reify   '/Users/mac/Desktop/accezz-supabase/node_modules/@next/swc-linux-arm64-musl'
137 silly reify ]
138 verbose reify failed optional dependency /Users/mac/Desktop/accezz-supabase/node_modules/@next/swc-linux-arm64-gnu
139 silly reify mark deleted [
139 silly reify   '/Users/mac/Desktop/accezz-supabase/node_modules/@next/swc-linux-arm64-gnu'
139 silly reify ]
140 verbose reify failed optional dependency /Users/mac/Desktop/accezz-supabase/node_modules/@next/swc-darwin-arm64
141 silly reify mark deleted [
141 silly reify   '/Users/mac/Desktop/accezz-supabase/node_modules/@next/swc-darwin-arm64'
141 silly reify ]
142 verbose reify failed optional dependency /Users/mac/Desktop/accezz-supabase/node_modules/@img/sharp-win32-x64
143 silly reify mark deleted [
143 silly reify   '/Users/mac/Desktop/accezz-supabase/node_modules/@img/sharp-win32-x64'
143 silly reify ]
144 verbose reify failed optional dependency /Users/mac/Desktop/accezz-supabase/node_modules/@img/sharp-win32-ia32
145 silly reify mark deleted [
145 silly reify   '/Users/mac/Desktop/accezz-supabase/node_modules/@img/sharp-win32-ia32'
145 silly reify ]
146 verbose reify failed optional dependency /Users/mac/Desktop/accezz-supabase/node_modules/@img/sharp-win32-arm64
147 silly reify mark deleted [
147 silly reify   '/Users/mac/Desktop/accezz-supabase/node_modules/@img/sharp-win32-arm64'
147 silly reify ]
148 verbose reify failed optional dependency /Users/mac/Desktop/accezz-supabase/node_modules/@img/sharp-wasm32
149 silly reify mark deleted [ '/Users/mac/Desktop/accezz-supabase/node_modules/@img/sharp-wasm32' ]
150 verbose reify failed optional dependency /Users/mac/Desktop/accezz-supabase/node_modules/@emnapi/runtime
151 silly reify mark deleted [ '/Users/mac/Desktop/accezz-supabase/node_modules/@emnapi/runtime' ]
152 verbose reify failed optional dependency /Users/mac/Desktop/accezz-supabase/node_modules/@img/sharp-linuxmusl-x64
153 silly reify mark deleted [
153 silly reify   '/Users/mac/Desktop/accezz-supabase/node_modules/@img/sharp-linuxmusl-x64'
153 silly reify ]
154 verbose reify failed optional dependency /Users/mac/Desktop/accezz-supabase/node_modules/@img/sharp-linuxmusl-arm64
155 silly reify mark deleted [
155 silly reify   '/Users/mac/Desktop/accezz-supabase/node_modules/@img/sharp-linuxmusl-arm64'
155 silly reify ]
156 verbose reify failed optional dependency /Users/mac/Desktop/accezz-supabase/node_modules/@img/sharp-linux-x64
157 silly reify mark deleted [
157 silly reify   '/Users/mac/Desktop/accezz-supabase/node_modules/@img/sharp-linux-x64'
157 silly reify ]
158 verbose reify failed optional dependency /Users/mac/Desktop/accezz-supabase/node_modules/@img/sharp-linux-s390x
159 silly reify mark deleted [
159 silly reify   '/Users/mac/Desktop/accezz-supabase/node_modules/@img/sharp-linux-s390x'
159 silly reify ]
160 verbose reify failed optional dependency /Users/mac/Desktop/accezz-supabase/node_modules/@img/sharp-linux-arm64
161 silly reify mark deleted [
161 silly reify   '/Users/mac/Desktop/accezz-supabase/node_modules/@img/sharp-linux-arm64'
161 silly reify ]
162 verbose reify failed optional dependency /Users/mac/Desktop/accezz-supabase/node_modules/@img/sharp-linux-arm
163 silly reify mark deleted [
163 silly reify   '/Users/mac/Desktop/accezz-supabase/node_modules/@img/sharp-linux-arm'
163 silly reify ]
164 verbose reify failed optional dependency /Users/mac/Desktop/accezz-supabase/node_modules/@img/sharp-libvips-linuxmusl-x64
165 silly reify mark deleted [
165 silly reify   '/Users/mac/Desktop/accezz-supabase/node_modules/@img/sharp-libvips-linuxmusl-x64'
165 silly reify ]
166 verbose reify failed optional dependency /Users/mac/Desktop/accezz-supabase/node_modules/@img/sharp-libvips-linuxmusl-arm64
167 silly reify mark deleted [
167 silly reify   '/Users/mac/Desktop/accezz-supabase/node_modules/@img/sharp-libvips-linuxmusl-arm64'
167 silly reify ]
168 verbose reify failed optional dependency /Users/mac/Desktop/accezz-supabase/node_modules/@img/sharp-libvips-linux-x64
169 silly reify mark deleted [
169 silly reify   '/Users/mac/Desktop/accezz-supabase/node_modules/@img/sharp-libvips-linux-x64'
169 silly reify ]
170 verbose reify failed optional dependency /Users/mac/Desktop/accezz-supabase/node_modules/@img/sharp-libvips-linux-s390x
171 silly reify mark deleted [
171 silly reify   '/Users/mac/Desktop/accezz-supabase/node_modules/@img/sharp-libvips-linux-s390x'
171 silly reify ]
172 verbose reify failed optional dependency /Users/mac/Desktop/accezz-supabase/node_modules/@img/sharp-libvips-linux-ppc64
173 silly reify mark deleted [
173 silly reify   '/Users/mac/Desktop/accezz-supabase/node_modules/@img/sharp-libvips-linux-ppc64'
173 silly reify ]
174 verbose reify failed optional dependency /Users/mac/Desktop/accezz-supabase/node_modules/@img/sharp-libvips-linux-arm64
175 silly reify mark deleted [
175 silly reify   '/Users/mac/Desktop/accezz-supabase/node_modules/@img/sharp-libvips-linux-arm64'
175 silly reify ]
176 verbose reify failed optional dependency /Users/mac/Desktop/accezz-supabase/node_modules/@img/sharp-libvips-linux-arm
177 silly reify mark deleted [
177 silly reify   '/Users/mac/Desktop/accezz-supabase/node_modules/@img/sharp-libvips-linux-arm'
177 silly reify ]
178 verbose reify failed optional dependency /Users/mac/Desktop/accezz-supabase/node_modules/@img/sharp-libvips-darwin-arm64
179 silly reify mark deleted [
179 silly reify   '/Users/mac/Desktop/accezz-supabase/node_modules/@img/sharp-libvips-darwin-arm64'
179 silly reify ]
180 verbose reify failed optional dependency /Users/mac/Desktop/accezz-supabase/node_modules/@img/sharp-darwin-arm64
181 silly reify mark deleted [
181 silly reify   '/Users/mac/Desktop/accezz-supabase/node_modules/@img/sharp-darwin-arm64'
181 silly reify ]
182 http cache camelcase@https://registry.npmjs.org/camelcase/-/camelcase-5.3.1.tgz 0ms (cache hit)
183 http cache yargs-parser@https://registry.npmjs.org/yargs-parser/-/yargs-parser-18.1.3.tgz 0ms (cache hit)
184 http cache y18n@https://registry.npmjs.org/y18n/-/y18n-4.0.3.tgz 0ms (cache hit)
185 http cache which-module@https://registry.npmjs.org/which-module/-/which-module-2.0.1.tgz 0ms (cache hit)
186 http cache set-blocking@https://registry.npmjs.org/set-blocking/-/set-blocking-2.0.0.tgz 0ms (cache hit)
187 http cache require-main-filename@https://registry.npmjs.org/require-main-filename/-/require-main-filename-2.0.0.tgz 0ms (cache hit)
188 http cache require-directory@https://registry.npmjs.org/require-directory/-/require-directory-2.1.1.tgz 0ms (cache hit)
189 http cache get-caller-file@https://registry.npmjs.org/get-caller-file/-/get-caller-file-2.0.5.tgz 0ms (cache hit)
190 http cache decamelize@https://registry.npmjs.org/decamelize/-/decamelize-1.2.0.tgz 0ms (cache hit)
191 http cache yargs@https://registry.npmjs.org/yargs/-/yargs-15.4.1.tgz 0ms (cache hit)
192 http cache pngjs@https://registry.npmjs.org/pngjs/-/pngjs-5.0.0.tgz 1ms (cache hit)
193 http cache dijkstrajs@https://registry.npmjs.org/dijkstrajs/-/dijkstrajs-1.0.3.tgz 0ms (cache hit)
194 http cache qrcode@https://registry.npmjs.org/qrcode/-/qrcode-1.5.4.tgz 0ms (cache hit)
195 http cache cliui@https://registry.npmjs.org/cliui/-/cliui-6.0.0.tgz 0ms (cache hit)
196 http cache emoji-regex@https://registry.npmjs.org/emoji-regex/-/emoji-regex-8.0.0.tgz 0ms (cache hit)
197 http cache @emnapi/runtime@https://registry.npmjs.org/@emnapi/runtime/-/runtime-1.4.3.tgz 0ms (cache hit)
198 http cache @types/qrcode@https://registry.npmjs.org/@types/qrcode/-/qrcode-1.5.6.tgz 0ms (cache hit)
199 http cache emoji-regex@https://registry.npmjs.org/emoji-regex/-/emoji-regex-8.0.0.tgz 0ms (cache hit)
200 http cache wrap-ansi@https://registry.npmjs.org/wrap-ansi/-/wrap-ansi-6.2.0.tgz 0ms (cache hit)
201 http cache string-width@https://registry.npmjs.org/string-width/-/string-width-4.2.3.tgz 0ms (cache hit)
202 http cache locate-path@https://registry.npmjs.org/locate-path/-/locate-path-5.0.0.tgz 0ms (cache hit)
203 http cache p-locate@https://registry.npmjs.org/p-locate/-/p-locate-4.1.0.tgz 0ms (cache hit)
204 http cache string-width@https://registry.npmjs.org/string-width/-/string-width-4.2.3.tgz 0ms (cache hit)
205 http cache find-up@https://registry.npmjs.org/find-up/-/find-up-4.1.0.tgz 0ms (cache hit)
206 http cache p-limit@https://registry.npmjs.org/p-limit/-/p-limit-2.3.0.tgz 0ms (cache hit)
207 silly tarball no local data for camelcase@https://registry.npmjs.org/camelcase/-/camelcase-5.3.1.tgz. Extracting by manifest.
208 silly tarball no local data for yargs-parser@https://registry.npmjs.org/yargs-parser/-/yargs-parser-18.1.3.tgz. Extracting by manifest.
209 silly tarball no local data for y18n@https://registry.npmjs.org/y18n/-/y18n-4.0.3.tgz. Extracting by manifest.
210 silly tarball no local data for which-module@https://registry.npmjs.org/which-module/-/which-module-2.0.1.tgz. Extracting by manifest.
211 silly tarball no local data for set-blocking@https://registry.npmjs.org/set-blocking/-/set-blocking-2.0.0.tgz. Extracting by manifest.
212 silly tarball no local data for require-main-filename@https://registry.npmjs.org/require-main-filename/-/require-main-filename-2.0.0.tgz. Extracting by manifest.
213 silly tarball no local data for require-directory@https://registry.npmjs.org/require-directory/-/require-directory-2.1.1.tgz. Extracting by manifest.
214 silly tarball no local data for get-caller-file@https://registry.npmjs.org/get-caller-file/-/get-caller-file-2.0.5.tgz. Extracting by manifest.
215 silly tarball no local data for decamelize@https://registry.npmjs.org/decamelize/-/decamelize-1.2.0.tgz. Extracting by manifest.
216 silly tarball no local data for yargs@https://registry.npmjs.org/yargs/-/yargs-15.4.1.tgz. Extracting by manifest.
217 silly tarball no local data for pngjs@https://registry.npmjs.org/pngjs/-/pngjs-5.0.0.tgz. Extracting by manifest.
218 silly tarball no local data for dijkstrajs@https://registry.npmjs.org/dijkstrajs/-/dijkstrajs-1.0.3.tgz. Extracting by manifest.
219 silly tarball no local data for qrcode@https://registry.npmjs.org/qrcode/-/qrcode-1.5.4.tgz. Extracting by manifest.
220 silly tarball no local data for cliui@https://registry.npmjs.org/cliui/-/cliui-6.0.0.tgz. Extracting by manifest.
221 silly tarball no local data for emoji-regex@https://registry.npmjs.org/emoji-regex/-/emoji-regex-8.0.0.tgz. Extracting by manifest.
222 silly tarball no local data for @types/qrcode@https://registry.npmjs.org/@types/qrcode/-/qrcode-1.5.6.tgz. Extracting by manifest.
223 silly tarball no local data for emoji-regex@https://registry.npmjs.org/emoji-regex/-/emoji-regex-8.0.0.tgz. Extracting by manifest.
224 silly tarball no local data for wrap-ansi@https://registry.npmjs.org/wrap-ansi/-/wrap-ansi-6.2.0.tgz. Extracting by manifest.
225 silly tarball no local data for string-width@https://registry.npmjs.org/string-width/-/string-width-4.2.3.tgz. Extracting by manifest.
226 silly tarball no local data for locate-path@https://registry.npmjs.org/locate-path/-/locate-path-5.0.0.tgz. Extracting by manifest.
227 silly tarball no local data for p-locate@https://registry.npmjs.org/p-locate/-/p-locate-4.1.0.tgz. Extracting by manifest.
228 silly tarball no local data for string-width@https://registry.npmjs.org/string-width/-/string-width-4.2.3.tgz. Extracting by manifest.
229 silly tarball no local data for find-up@https://registry.npmjs.org/find-up/-/find-up-4.1.0.tgz. Extracting by manifest.
230 silly tarball no local data for p-limit@https://registry.npmjs.org/p-limit/-/p-limit-2.3.0.tgz. Extracting by manifest.
231 http fetch POST 200 https://registry.npmjs.org/-/npm/v1/security/advisories/bulk 575ms
232 silly audit report {
232 silly audit report   axios: [
232 silly audit report     {
232 silly audit report       id: 1108263,
232 silly audit report       url: 'https://github.com/advisories/GHSA-4hjh-wcwx-xvwj',
232 silly audit report       title: 'Axios is vulnerable to DoS attack through lack of data size check',
232 silly audit report       severity: 'high',
232 silly audit report       vulnerable_versions: '>=1.0.0 <1.12.0',
232 silly audit report       cwe: [Array],
232 silly audit report       cvss: [Object]
232 silly audit report     }
232 silly audit report   ],
232 silly audit report   'form-data': [
232 silly audit report     {
232 silly audit report       id: 1106507,
232 silly audit report       url: 'https://github.com/advisories/GHSA-fjxv-7rqg-78g4',
232 silly audit report       title: 'form-data uses unsafe random function in form-data for choosing boundary',
232 silly audit report       severity: 'critical',
232 silly audit report       vulnerable_versions: '>=4.0.0 <4.0.4',
232 silly audit report       cwe: [Array],
232 silly audit report       cvss: [Object]
232 silly audit report     }
232 silly audit report   ],
232 silly audit report   jspdf: [
232 silly audit report     {
232 silly audit report       id: 1107412,
232 silly audit report       url: 'https://github.com/advisories/GHSA-8mvj-3j78-4qmw',
232 silly audit report       title: 'jsPDF Denial of Service (DoS)',
232 silly audit report       severity: 'high',
232 silly audit report       vulnerable_versions: '<=3.0.1',
232 silly audit report       cwe: [Array],
232 silly audit report       cvss: [Object]
232 silly audit report     }
232 silly audit report   ],
232 silly audit report   next: [
232 silly audit report     {
232 silly audit report       id: 1107228,
232 silly audit report       url: 'https://github.com/advisories/GHSA-g5qg-72qw-gw5v',
232 silly audit report       title: 'Next.js Affected by Cache Key Confusion for Image Optimization API Routes',
232 silly audit report       severity: 'moderate',
232 silly audit report       vulnerable_versions: '>=15.0.0 <=15.4.4',
232 silly audit report       cwe: [Array],
232 silly audit report       cvss: [Object]
232 silly audit report     },
232 silly audit report     {
232 silly audit report       id: 1107514,
232 silly audit report       url: 'https://github.com/advisories/GHSA-xv57-4mr9-wg8v',
232 silly audit report       title: 'Next.js Content Injection Vulnerability for Image Optimization',
232 silly audit report       severity: 'moderate',
232 silly audit report       vulnerable_versions: '>=15.0.0 <=15.4.4',
232 silly audit report       cwe: [Array],
232 silly audit report       cvss: [Object]
232 silly audit report     },
232 silly audit report     {
232 silly audit report       id: 1107515,
232 silly audit report       url: 'https://github.com/advisories/GHSA-4342-x723-ch2f',
232 silly audit report       title: 'Next.js Improper Middleware Redirect Handling Leads to SSRF',
232 silly audit report       severity: 'moderate',
232 silly audit report       vulnerable_versions: '>=15.0.0-canary.0 <15.4.7',
232 silly audit report       cwe: [Array],
232 silly audit report       cvss: [Object]
232 silly audit report     }
232 silly audit report   ]
232 silly audit report }
233 silly packumentCache corgi:https://registry.npmjs.org/axios cache-miss
234 silly packumentCache corgi:https://registry.npmjs.org/form-data cache-miss
235 silly packumentCache corgi:https://registry.npmjs.org/jspdf cache-miss
236 silly packumentCache corgi:https://registry.npmjs.org/next cache-miss
237 http fetch GET 200 https://registry.npmjs.org/camelcase/-/camelcase-5.3.1.tgz 556ms (cache miss)
238 http fetch GET 200 https://registry.npmjs.org/y18n/-/y18n-4.0.3.tgz 553ms (cache miss)
239 http fetch GET 200 https://registry.npmjs.org/which-module/-/which-module-2.0.1.tgz 578ms (cache miss)
240 http fetch GET 200 https://registry.npmjs.org/set-blocking/-/set-blocking-2.0.0.tgz 585ms (cache miss)
241 http fetch GET 200 https://registry.npmjs.org/require-main-filename/-/require-main-filename-2.0.0.tgz 587ms (cache miss)
242 http fetch GET 200 https://registry.npmjs.org/yargs-parser/-/yargs-parser-18.1.3.tgz 597ms (cache miss)
243 http fetch GET 200 https://registry.npmjs.org/emoji-regex/-/emoji-regex-8.0.0.tgz 604ms (cache miss)
244 http fetch GET 200 https://registry.npmjs.org/emoji-regex/-/emoji-regex-8.0.0.tgz 710ms (cache miss)
245 http fetch GET 200 https://registry.npmjs.org/@types/qrcode/-/qrcode-1.5.6.tgz 712ms (cache miss)
246 http fetch GET 200 https://registry.npmjs.org/locate-path/-/locate-path-5.0.0.tgz 710ms (cache miss)
247 http fetch GET 200 https://registry.npmjs.org/string-width/-/string-width-4.2.3.tgz 711ms (cache miss)
248 http fetch GET 200 https://registry.npmjs.org/p-locate/-/p-locate-4.1.0.tgz 711ms (cache miss)
249 http fetch GET 200 https://registry.npmjs.org/wrap-ansi/-/wrap-ansi-6.2.0.tgz 714ms (cache miss)
250 http fetch GET 200 https://registry.npmjs.org/string-width/-/string-width-4.2.3.tgz 800ms (cache miss)
251 http fetch GET 200 https://registry.npmjs.org/find-up/-/find-up-4.1.0.tgz 881ms (cache miss)
252 http fetch GET 200 https://registry.npmjs.org/jspdf 468ms (cache revalidated)
253 silly packumentCache corgi:https://registry.npmjs.org/jspdf set size:57854 disposed:false
254 http fetch GET 200 https://registry.npmjs.org/axios 478ms (cache revalidated)
255 silly packumentCache corgi:https://registry.npmjs.org/axios set size:260279 disposed:false
256 http fetch GET 200 https://registry.npmjs.org/p-limit/-/p-limit-2.3.0.tgz 932ms (cache miss)
257 http fetch GET 200 https://registry.npmjs.org/form-data 493ms (cache revalidated)
258 silly packumentCache corgi:https://registry.npmjs.org/form-data set size:50252 disposed:false
259 http fetch GET 200 https://registry.npmjs.org/require-directory/-/require-directory-2.1.1.tgz 1030ms (cache miss)
260 http fetch GET 200 https://registry.npmjs.org/cliui/-/cliui-6.0.0.tgz 1089ms (cache miss)
261 http fetch GET 200 https://registry.npmjs.org/get-caller-file/-/get-caller-file-2.0.5.tgz 1131ms (cache miss)
262 http fetch GET 200 https://registry.npmjs.org/dijkstrajs/-/dijkstrajs-1.0.3.tgz 1195ms (cache miss)
263 http fetch GET 200 https://registry.npmjs.org/decamelize/-/decamelize-1.2.0.tgz 1204ms (cache miss)
264 http fetch GET 200 https://registry.npmjs.org/qrcode/-/qrcode-1.5.4.tgz 1302ms (cache miss)
265 http fetch GET 200 https://registry.npmjs.org/yargs/-/yargs-15.4.1.tgz 1330ms (cache miss)
266 http fetch GET 200 https://registry.npmjs.org/pngjs/-/pngjs-5.0.0.tgz 1350ms (cache miss)
267 http fetch GET 200 https://registry.npmjs.org/next 2655ms (cache updated)
268 silly packumentCache corgi:https://registry.npmjs.org/next set size:undefined disposed:false
269 silly packumentCache corgi:https://registry.npmjs.org/@ducanh2912%2fnext-pwa cache-miss
270 silly packumentCache corgi:https://registry.npmjs.org/next-pwa cache-miss
271 http fetch GET 200 https://registry.npmjs.org/next-pwa 317ms (cache revalidated)
272 silly packumentCache corgi:https://registry.npmjs.org/next-pwa set size:188954 disposed:false
273 http fetch GET 200 https://registry.npmjs.org/@ducanh2912%2fnext-pwa 1418ms (cache revalidated)
274 silly packumentCache corgi:https://registry.npmjs.org/@ducanh2912%2fnext-pwa set size:132781 disposed:false
275 silly ADD node_modules/camelcase
276 silly ADD node_modules/yargs-parser
277 silly ADD node_modules/y18n
278 silly ADD node_modules/which-module
279 silly ADD node_modules/set-blocking
280 silly ADD node_modules/require-main-filename
281 silly ADD node_modules/require-directory
282 silly ADD node_modules/get-caller-file
283 silly ADD node_modules/decamelize
284 silly ADD node_modules/cliui
285 silly ADD node_modules/cliui/node_modules/emoji-regex
286 silly ADD node_modules/cliui/node_modules/wrap-ansi
287 silly ADD node_modules/cliui/node_modules/string-width
288 silly ADD node_modules/yargs
289 silly ADD node_modules/yargs/node_modules/emoji-regex
290 silly ADD node_modules/yargs/node_modules/p-limit
291 silly ADD node_modules/yargs/node_modules/p-locate
292 silly ADD node_modules/yargs/node_modules/locate-path
293 silly ADD node_modules/yargs/node_modules/string-width
294 silly ADD node_modules/yargs/node_modules/find-up
295 silly ADD node_modules/pngjs
296 silly ADD node_modules/dijkstrajs
297 silly ADD node_modules/qrcode
298 silly ADD node_modules/@types/qrcode
299 silly ADD
300 silly ADD
301 silly ADD
302 silly ADD
303 silly ADD
304 silly ADD
305 silly ADD
306 silly ADD
307 silly ADD
308 silly ADD
309 silly ADD
310 silly ADD
311 silly ADD
312 silly ADD
313 silly ADD
314 silly ADD
315 silly ADD
316 silly ADD
317 silly ADD
318 silly ADD
319 silly ADD
320 silly ADD
321 silly ADD
322 silly ADD
323 silly ADD
324 silly ADD
325 silly ADD
326 verbose cwd /Users/mac/Desktop/accezz-supabase
327 verbose os Darwin 24.6.0
328 verbose node v22.20.0
329 verbose npm  v10.9.3
330 verbose exit 0
331 info ok
